09 12, 2021 14:04:07 下午 com.hou.mytomcat.catalina.Context <init>
INFO : Deploying web application directory D:\web\mytomcat\webapps\a
09 12, 2021 14:04:07 下午 com.hou.mytomcat.catalina.Context <init>
INFO : Deploying of web application directory D:\web\mytomcat\webapps\a has finished in 172 ms
09 12, 2021 14:04:07 下午 com.hou.mytomcat.catalina.Context <init>
INFO : Deploying web application directory D:\web\mytomcat\webapps\b
09 12, 2021 14:04:07 下午 com.hou.mytomcat.catalina.Context <init>
INFO : Deploying of web application directory D:\web\mytomcat\webapps\b has finished in 1 ms
09 12, 2021 14:04:07 下午 com.hou.mytomcat.catalina.Context <init>
INFO : Deploying web application directory D:\web\mytomcat\webapps\ROOT
09 12, 2021 14:04:07 下午 com.hou.mytomcat.catalina.Context <init>
INFO : Deploying of web application directory D:\web\mytomcat\webapps\ROOT has finished in 2 ms
09 12, 2021 14:04:07 下午 com.hou.mytomcat.catalina.Context <init>
INFO : Deploying web application directory D:/web/mytomcat/webapps/b
09 12, 2021 14:04:07 下午 com.hou.mytomcat.catalina.Context <init>
INFO : Deploying of web application directory D:/web/mytomcat/webapps/b has finished in 1 ms
09 12, 2021 14:04:07 下午 com.hou.mytomcat.catalina.Server logJVM
INFO : Server version:		How2J DiyTomcat/1.0.1
09 12, 2021 14:04:07 下午 com.hou.mytomcat.catalina.Server logJVM
INFO : Server built:		2021-09-10 09:00:00
09 12, 2021 14:04:07 下午 com.hou.mytomcat.catalina.Server logJVM
INFO : Server number:		1.0.1
09 12, 2021 14:04:07 下午 com.hou.mytomcat.catalina.Server logJVM
INFO : OS Name	:		Windows 10
09 12, 2021 14:04:07 下午 com.hou.mytomcat.catalina.Server logJVM
INFO : OS Version:		10.0
09 12, 2021 14:04:07 下午 com.hou.mytomcat.catalina.Server logJVM
INFO : Architecture:		amd64
09 12, 2021 14:04:07 下午 com.hou.mytomcat.catalina.Server logJVM
INFO : Java Home:		C:\Users\dell\.jdks\corretto-1.8.0_292\jre
09 12, 2021 14:04:07 下午 com.hou.mytomcat.catalina.Server logJVM
INFO : JVM Version:		1.8.0_292-b10
09 12, 2021 14:04:07 下午 com.hou.mytomcat.catalina.Server logJVM
INFO : JVM Vendor:		Oracle Corporation
09 12, 2021 17:20:10 下午 com.hou.mytomcat.catalina.Context <init>
INFO : Deploying web application directory D:\web\mytomcat\webapps\a
09 12, 2021 17:20:10 下午 com.hou.mytomcat.catalina.Context <init>
INFO : Deploying of web application directory D:\web\mytomcat\webapps\a has finished in 522 ms
09 12, 2021 17:20:10 下午 com.hou.mytomcat.catalina.Context <init>
INFO : Deploying web application directory D:\web\mytomcat\webapps\b
09 12, 2021 17:20:10 下午 com.hou.mytomcat.catalina.Context <init>
INFO : Deploying of web application directory D:\web\mytomcat\webapps\b has finished in 1 ms
09 12, 2021 17:20:10 下午 com.hou.mytomcat.catalina.Context <init>
INFO : Deploying web application directory D:\web\mytomcat\webapps\ROOT
09 12, 2021 17:20:10 下午 com.hou.mytomcat.catalina.Context <init>
INFO : Deploying of web application directory D:\web\mytomcat\webapps\ROOT has finished in 1 ms
09 12, 2021 17:20:10 下午 com.hou.mytomcat.catalina.Context <init>
INFO : Deploying web application directory D:/web/mytomcat/webapps/b
09 12, 2021 17:20:10 下午 com.hou.mytomcat.catalina.Context <init>
INFO : Deploying of web application directory D:/web/mytomcat/webapps/b has finished in 1 ms
09 12, 2021 17:20:10 下午 com.hou.mytomcat.catalina.Server logJVM
INFO : Server version:		How2J DiyTomcat/1.0.1
09 12, 2021 17:20:10 下午 com.hou.mytomcat.catalina.Server logJVM
INFO : Server built:		2021-09-10 09:00:00
09 12, 2021 17:20:10 下午 com.hou.mytomcat.catalina.Server logJVM
INFO : Server number:		1.0.1
09 12, 2021 17:20:10 下午 com.hou.mytomcat.catalina.Server logJVM
INFO : OS Name	:		Windows 10
09 12, 2021 17:20:10 下午 com.hou.mytomcat.catalina.Server logJVM
INFO : OS Version:		10.0
09 12, 2021 17:20:10 下午 com.hou.mytomcat.catalina.Server logJVM
INFO : Architecture:		amd64
09 12, 2021 17:20:10 下午 com.hou.mytomcat.catalina.Server logJVM
INFO : Java Home:		C:\Users\dell\.jdks\corretto-1.8.0_292\jre
09 12, 2021 17:20:10 下午 com.hou.mytomcat.catalina.Server logJVM
INFO : JVM Version:		1.8.0_292-b10
09 12, 2021 17:20:10 下午 com.hou.mytomcat.catalina.Server logJVM
INFO : JVM Vendor:		Oracle Corporation
09 12, 2021 17:20:25 下午 com.hou.mytomcat.catalina.Server$1 error
ERROR: this is a deliberately created exception
java.lang.Exception: this is a deliberately created exception
	at com.hou.mytomcat.catalina.Server$1.run(Server.java:125)
	at java.util.concurrent.ThreadPoolExecutor.runWorker(ThreadPoolExecutor.java:1149)
	at java.util.concurrent.ThreadPoolExecutor$Worker.run(ThreadPoolExecutor.java:624)
	at java.lang.Thread.run(Thread.java:748)
09 12, 2021 19:09:15 下午 com.hou.mytomcat.catalina.Context <init>
INFO : Deploying web application directory D:\web\mytomcat\webapps\a
09 12, 2021 19:09:15 下午 com.hou.mytomcat.catalina.Context <init>
INFO : Deploying of web application directory D:\web\mytomcat\webapps\a has finished in 172 ms
09 12, 2021 19:09:15 下午 com.hou.mytomcat.catalina.Context <init>
INFO : Deploying web application directory D:\web\mytomcat\webapps\b
09 12, 2021 19:09:15 下午 com.hou.mytomcat.catalina.Context <init>
INFO : Deploying of web application directory D:\web\mytomcat\webapps\b has finished in 0 ms
09 12, 2021 19:09:15 下午 com.hou.mytomcat.catalina.Context <init>
INFO : Deploying web application directory D:\web\mytomcat\webapps\ROOT
09 12, 2021 19:09:15 下午 com.hou.mytomcat.catalina.Context <init>
INFO : Deploying of web application directory D:\web\mytomcat\webapps\ROOT has finished in 0 ms
09 12, 2021 19:09:15 下午 com.hou.mytomcat.catalina.Context <init>
INFO : Deploying web application directory D:/web/mytomcat/webapps/b
09 12, 2021 19:09:15 下午 com.hou.mytomcat.catalina.Context <init>
INFO : Deploying of web application directory D:/web/mytomcat/webapps/b has finished in 1 ms
09 12, 2021 19:09:15 下午 com.hou.mytomcat.catalina.Server logJVM
INFO : Server version:		How2J DiyTomcat/1.0.1
09 12, 2021 19:09:15 下午 com.hou.mytomcat.catalina.Server logJVM
INFO : Server built:		2021-09-10 09:00:00
09 12, 2021 19:09:15 下午 com.hou.mytomcat.catalina.Server logJVM
INFO : Server number:		1.0.1
09 12, 2021 19:09:15 下午 com.hou.mytomcat.catalina.Server logJVM
INFO : OS Name	:		Windows 10
09 12, 2021 19:09:15 下午 com.hou.mytomcat.catalina.Server logJVM
INFO : OS Version:		10.0
09 12, 2021 19:09:15 下午 com.hou.mytomcat.catalina.Server logJVM
INFO : Architecture:		amd64
09 12, 2021 19:09:15 下午 com.hou.mytomcat.catalina.Server logJVM
INFO : Java Home:		C:\Users\dell\.jdks\corretto-1.8.0_292\jre
09 12, 2021 19:09:15 下午 com.hou.mytomcat.catalina.Server logJVM
INFO : JVM Version:		1.8.0_292-b10
09 12, 2021 19:09:15 下午 com.hou.mytomcat.catalina.Server logJVM
INFO : JVM Vendor:		Oracle Corporation
09 12, 2021 19:57:04 下午 com.hou.mytomcat.catalina.Context <init>
INFO : Deploying web application directory D:\web\mytomcat\webapps\a
09 12, 2021 19:57:04 下午 com.hou.mytomcat.catalina.Context <init>
INFO : Deploying of web application directory D:\web\mytomcat\webapps\a has finished in 155 ms
09 12, 2021 19:57:04 下午 com.hou.mytomcat.catalina.Context <init>
INFO : Deploying web application directory D:\web\mytomcat\webapps\b
09 12, 2021 19:57:04 下午 com.hou.mytomcat.catalina.Context <init>
INFO : Deploying of web application directory D:\web\mytomcat\webapps\b has finished in 1 ms
09 12, 2021 19:57:04 下午 com.hou.mytomcat.catalina.Context <init>
INFO : Deploying web application directory D:\web\mytomcat\webapps\ROOT
09 12, 2021 19:57:04 下午 com.hou.mytomcat.catalina.Context <init>
INFO : Deploying of web application directory D:\web\mytomcat\webapps\ROOT has finished in 0 ms
09 12, 2021 19:57:04 下午 com.hou.mytomcat.catalina.Context <init>
INFO : Deploying web application directory D:/web/mytomcat/webapps/b
09 12, 2021 19:57:04 下午 com.hou.mytomcat.catalina.Context <init>
INFO : Deploying of web application directory D:/web/mytomcat/webapps/b has finished in 0 ms
09 12, 2021 19:57:05 下午 com.hou.mytomcat.catalina.Server logJVM
INFO : Server version:		How2J DiyTomcat/1.0.1
09 12, 2021 19:57:05 下午 com.hou.mytomcat.catalina.Server logJVM
INFO : Server built:		2021-09-10 09:00:00
09 12, 2021 19:57:05 下午 com.hou.mytomcat.catalina.Server logJVM
INFO : Server number:		1.0.1
09 12, 2021 19:57:05 下午 com.hou.mytomcat.catalina.Server logJVM
INFO : OS Name	:		Windows 10
09 12, 2021 19:57:05 下午 com.hou.mytomcat.catalina.Server logJVM
INFO : OS Version:		10.0
09 12, 2021 19:57:05 下午 com.hou.mytomcat.catalina.Server logJVM
INFO : Architecture:		amd64
09 12, 2021 19:57:05 下午 com.hou.mytomcat.catalina.Server logJVM
INFO : Java Home:		C:\Users\dell\.jdks\corretto-1.8.0_292\jre
09 12, 2021 19:57:05 下午 com.hou.mytomcat.catalina.Server logJVM
INFO : JVM Version:		1.8.0_292-b10
09 12, 2021 19:57:05 下午 com.hou.mytomcat.catalina.Server logJVM
INFO : JVM Vendor:		Oracle Corporation
09 12, 2021 19:57:05 下午 com.hou.mytomcat.catalina.Connector init
INFO : Initializing ProtocolHandler [http-bio-18080]
09 12, 2021 19:57:05 下午 com.hou.mytomcat.catalina.Connector init
INFO : Initializing ProtocolHandler [http-bio-18081]
09 12, 2021 19:57:05 下午 com.hou.mytomcat.catalina.Connector init
INFO : Initializing ProtocolHandler [http-bio-18082]
09 12, 2021 19:57:05 下午 com.hou.mytomcat.catalina.Service init
INFO : Initialization processed int 1 ms
09 12, 2021 19:57:05 下午 com.hou.mytomcat.catalina.Connector start
INFO : Starting ProtocolHandler [http-bio-18080]
09 12, 2021 19:57:05 下午 com.hou.mytomcat.catalina.Connector start
INFO : Starting ProtocolHandler [http-bio-18081]
09 12, 2021 19:57:05 下午 com.hou.mytomcat.catalina.Connector start
INFO : Starting ProtocolHandler [http-bio-18082]
09 12, 2021 19:57:05 下午 com.hou.mytomcat.catalina.Server start
INFO : Server startup in 14 ms
