09 13, 2021 08:30:45 上午 com.hou.mytomcat.catalina.Context <init>
INFO : Deploying web application directory D:\web\mytomcat\webapps\a
09 13, 2021 08:30:45 上午 com.hou.mytomcat.catalina.Context <init>
INFO : Deploying of web application directory D:\web\mytomcat\webapps\a has finished in 218 ms
09 13, 2021 08:30:45 上午 com.hou.mytomcat.catalina.Context <init>
INFO : Deploying web application directory D:\web\mytomcat\webapps\b
09 13, 2021 08:30:45 上午 com.hou.mytomcat.catalina.Context <init>
INFO : Deploying of web application directory D:\web\mytomcat\webapps\b has finished in 6 ms
09 13, 2021 08:30:45 上午 com.hou.mytomcat.catalina.Context <init>
INFO : Deploying web application directory D:\web\mytomcat\webapps\ROOT
09 13, 2021 08:30:45 上午 com.hou.mytomcat.catalina.Context <init>
INFO : Deploying of web application directory D:\web\mytomcat\webapps\ROOT has finished in 2 ms
09 13, 2021 08:30:45 上午 com.hou.mytomcat.catalina.Context <init>
INFO : Deploying web application directory D:/web/mytomcat/webapps/b
09 13, 2021 08:30:45 上午 com.hou.mytomcat.catalina.Context <init>
INFO : Deploying of web application directory D:/web/mytomcat/webapps/b has finished in 0 ms
09 13, 2021 08:30:45 上午 com.hou.mytomcat.catalina.Server logJVM
INFO : Server version:		How2J DiyTomcat/1.0.1
09 13, 2021 08:30:45 上午 com.hou.mytomcat.catalina.Server logJVM
INFO : Server built:		2021-09-10 09:00:00
09 13, 2021 08:30:45 上午 com.hou.mytomcat.catalina.Server logJVM
INFO : Server number:		1.0.1
09 13, 2021 08:30:45 上午 com.hou.mytomcat.catalina.Server logJVM
INFO : OS Name	:		Windows 10
09 13, 2021 08:30:45 上午 com.hou.mytomcat.catalina.Server logJVM
INFO : OS Version:		10.0
09 13, 2021 08:30:45 上午 com.hou.mytomcat.catalina.Server logJVM
INFO : Architecture:		amd64
09 13, 2021 08:30:45 上午 com.hou.mytomcat.catalina.Server logJVM
INFO : Java Home:		C:\Users\dell\.jdks\corretto-1.8.0_292\jre
09 13, 2021 08:30:45 上午 com.hou.mytomcat.catalina.Server logJVM
INFO : JVM Version:		1.8.0_292-b10
09 13, 2021 08:30:45 上午 com.hou.mytomcat.catalina.Server logJVM
INFO : JVM Vendor:		Oracle Corporation
09 13, 2021 08:30:45 上午 com.hou.mytomcat.catalina.Connector init
INFO : Initializing ProtocolHandler [http-bio-18080]
09 13, 2021 08:30:45 上午 com.hou.mytomcat.catalina.Connector init
INFO : Initializing ProtocolHandler [http-bio-18081]
09 13, 2021 08:30:45 上午 com.hou.mytomcat.catalina.Connector init
INFO : Initializing ProtocolHandler [http-bio-18082]
09 13, 2021 08:30:45 上午 com.hou.mytomcat.catalina.Service init
INFO : Initialization processed int 0 ms
09 13, 2021 08:30:45 上午 com.hou.mytomcat.catalina.Connector start
INFO : Starting ProtocolHandler [http-bio-18080]
09 13, 2021 08:30:45 上午 com.hou.mytomcat.catalina.Connector start
INFO : Starting ProtocolHandler [http-bio-18081]
09 13, 2021 08:30:45 上午 com.hou.mytomcat.catalina.Connector start
INFO : Starting ProtocolHandler [http-bio-18082]
09 13, 2021 08:30:45 上午 com.hou.mytomcat.catalina.Server start
INFO : Server startup in 88 ms
09 13, 2021 09:04:41 上午 com.hou.mytomcat.catalina.Context <init>
INFO : Deploying web application directory D:\web\mytomcat\webapps\a
09 13, 2021 09:04:41 上午 com.hou.mytomcat.catalina.Context <init>
INFO : Deploying of web application directory D:\web\mytomcat\webapps\a has finished in 235 ms
09 13, 2021 09:04:41 上午 com.hou.mytomcat.catalina.Context <init>
INFO : Deploying web application directory D:\web\mytomcat\webapps\b
09 13, 2021 09:04:41 上午 com.hou.mytomcat.catalina.Context <init>
INFO : Deploying of web application directory D:\web\mytomcat\webapps\b has finished in 0 ms
09 13, 2021 09:04:41 上午 com.hou.mytomcat.catalina.Context <init>
INFO : Deploying web application directory D:\web\mytomcat\webapps\ROOT
09 13, 2021 09:04:41 上午 com.hou.mytomcat.catalina.Context <init>
INFO : Deploying of web application directory D:\web\mytomcat\webapps\ROOT has finished in 1 ms
09 13, 2021 09:04:41 上午 com.hou.mytomcat.catalina.Context <init>
INFO : Deploying web application directory D:/web/mytomcat/webapps/b
09 13, 2021 09:04:41 上午 com.hou.mytomcat.catalina.Context <init>
INFO : Deploying of web application directory D:/web/mytomcat/webapps/b has finished in 1 ms
09 13, 2021 09:04:41 上午 com.hou.mytomcat.catalina.Server logJVM
INFO : Server version:		How2J DiyTomcat/1.0.1
09 13, 2021 09:04:41 上午 com.hou.mytomcat.catalina.Server logJVM
INFO : Server built:		2021-09-10 09:00:00
09 13, 2021 09:04:41 上午 com.hou.mytomcat.catalina.Server logJVM
INFO : Server number:		1.0.1
09 13, 2021 09:04:41 上午 com.hou.mytomcat.catalina.Server logJVM
INFO : OS Name	:		Windows 10
09 13, 2021 09:04:41 上午 com.hou.mytomcat.catalina.Server logJVM
INFO : OS Version:		10.0
09 13, 2021 09:04:41 上午 com.hou.mytomcat.catalina.Server logJVM
INFO : Architecture:		amd64
09 13, 2021 09:04:41 上午 com.hou.mytomcat.catalina.Server logJVM
INFO : Java Home:		C:\Users\dell\.jdks\corretto-1.8.0_292\jre
09 13, 2021 09:04:41 上午 com.hou.mytomcat.catalina.Server logJVM
INFO : JVM Version:		1.8.0_292-b10
09 13, 2021 09:04:41 上午 com.hou.mytomcat.catalina.Server logJVM
INFO : JVM Vendor:		Oracle Corporation
09 13, 2021 09:04:41 上午 com.hou.mytomcat.catalina.Connector init
INFO : Initializing ProtocolHandler [http-bio-18080]
09 13, 2021 09:04:41 上午 com.hou.mytomcat.catalina.Connector init
INFO : Initializing ProtocolHandler [http-bio-18081]
09 13, 2021 09:04:41 上午 com.hou.mytomcat.catalina.Connector init
INFO : Initializing ProtocolHandler [http-bio-18082]
09 13, 2021 09:04:41 上午 com.hou.mytomcat.catalina.Service init
INFO : Initialization processed int 1 ms
09 13, 2021 09:04:41 上午 com.hou.mytomcat.catalina.Connector start
INFO : Starting ProtocolHandler [http-bio-18080]
09 13, 2021 09:04:41 上午 com.hou.mytomcat.catalina.Connector start
INFO : Starting ProtocolHandler [http-bio-18081]
09 13, 2021 09:04:41 上午 com.hou.mytomcat.catalina.Connector start
INFO : Starting ProtocolHandler [http-bio-18082]
09 13, 2021 09:04:41 上午 com.hou.mytomcat.catalina.Server start
INFO : Server startup in 27 ms
09 13, 2021 09:07:45 上午 com.hou.mytomcat.catalina.Context <init>
INFO : Deploying web application directory D:\web\mytomcat\webapps\a
09 13, 2021 09:07:45 上午 com.hou.mytomcat.catalina.Context <init>
INFO : Deploying of web application directory D:\web\mytomcat\webapps\a has finished in 163 ms
09 13, 2021 09:07:45 上午 com.hou.mytomcat.catalina.Context <init>
INFO : Deploying web application directory D:\web\mytomcat\webapps\b
09 13, 2021 09:07:45 上午 com.hou.mytomcat.catalina.Context <init>
INFO : Deploying of web application directory D:\web\mytomcat\webapps\b has finished in 0 ms
09 13, 2021 09:07:45 上午 com.hou.mytomcat.catalina.Context <init>
INFO : Deploying web application directory D:\web\mytomcat\webapps\ROOT
09 13, 2021 09:07:45 上午 com.hou.mytomcat.catalina.Context <init>
INFO : Deploying of web application directory D:\web\mytomcat\webapps\ROOT has finished in 1 ms
09 13, 2021 09:07:45 上午 com.hou.mytomcat.catalina.Context <init>
INFO : Deploying web application directory D:/web/mytomcat/webapps/b
09 13, 2021 09:07:45 上午 com.hou.mytomcat.catalina.Context <init>
INFO : Deploying of web application directory D:/web/mytomcat/webapps/b has finished in 0 ms
09 13, 2021 09:07:45 上午 com.hou.mytomcat.catalina.Server logJVM
INFO : Server version:		How2J DiyTomcat/1.0.1
09 13, 2021 09:07:45 上午 com.hou.mytomcat.catalina.Server logJVM
INFO : Server built:		2021-09-10 09:00:00
09 13, 2021 09:07:45 上午 com.hou.mytomcat.catalina.Server logJVM
INFO : Server number:		1.0.1
09 13, 2021 09:07:45 上午 com.hou.mytomcat.catalina.Server logJVM
INFO : OS Name	:		Windows 10
09 13, 2021 09:07:45 上午 com.hou.mytomcat.catalina.Server logJVM
INFO : OS Version:		10.0
09 13, 2021 09:07:45 上午 com.hou.mytomcat.catalina.Server logJVM
INFO : Architecture:		amd64
09 13, 2021 09:07:45 上午 com.hou.mytomcat.catalina.Server logJVM
INFO : Java Home:		C:\Users\dell\.jdks\corretto-1.8.0_292\jre
09 13, 2021 09:07:45 上午 com.hou.mytomcat.catalina.Server logJVM
INFO : JVM Version:		1.8.0_292-b10
09 13, 2021 09:07:45 上午 com.hou.mytomcat.catalina.Server logJVM
INFO : JVM Vendor:		Oracle Corporation
09 13, 2021 09:07:45 上午 com.hou.mytomcat.catalina.Connector init
INFO : Initializing ProtocolHandler [http-bio-18080]
09 13, 2021 09:07:45 上午 com.hou.mytomcat.catalina.Connector init
INFO : Initializing ProtocolHandler [http-bio-18081]
09 13, 2021 09:07:45 上午 com.hou.mytomcat.catalina.Connector init
INFO : Initializing ProtocolHandler [http-bio-18082]
09 13, 2021 09:07:45 上午 com.hou.mytomcat.catalina.Service init
INFO : Initialization processed int 1 ms
09 13, 2021 09:07:45 上午 com.hou.mytomcat.catalina.Connector start
INFO : Starting ProtocolHandler [http-bio-18080]
09 13, 2021 09:07:45 上午 com.hou.mytomcat.catalina.Connector start
INFO : Starting ProtocolHandler [http-bio-18081]
09 13, 2021 09:07:45 上午 com.hou.mytomcat.catalina.Connector start
INFO : Starting ProtocolHandler [http-bio-18082]
09 13, 2021 09:07:45 上午 com.hou.mytomcat.catalina.Server start
INFO : Server startup in 12 ms
09 13, 2021 09:11:10 上午 com.hou.mytomcat.catalina.Context <init>
INFO : Deploying web application directory D:\web\mytomcat\webapps\a
09 13, 2021 09:11:10 上午 com.hou.mytomcat.catalina.Context <init>
INFO : Deploying of web application directory D:\web\mytomcat\webapps\a has finished in 203 ms
09 13, 2021 09:11:10 上午 com.hou.mytomcat.catalina.Context <init>
INFO : Deploying web application directory D:\web\mytomcat\webapps\b
09 13, 2021 09:11:10 上午 com.hou.mytomcat.catalina.Context <init>
INFO : Deploying of web application directory D:\web\mytomcat\webapps\b has finished in 1 ms
09 13, 2021 09:11:10 上午 com.hou.mytomcat.catalina.Context <init>
INFO : Deploying web application directory D:\web\mytomcat\webapps\ROOT
09 13, 2021 09:11:10 上午 com.hou.mytomcat.catalina.Context <init>
INFO : Deploying of web application directory D:\web\mytomcat\webapps\ROOT has finished in 0 ms
09 13, 2021 09:11:10 上午 com.hou.mytomcat.catalina.Context <init>
INFO : Deploying web application directory D:/web/mytomcat/webapps/b
09 13, 2021 09:11:10 上午 com.hou.mytomcat.catalina.Context <init>
INFO : Deploying of web application directory D:/web/mytomcat/webapps/b has finished in 1 ms
09 13, 2021 09:11:10 上午 com.hou.mytomcat.catalina.Server logJVM
INFO : Server version:		How2J DiyTomcat/1.0.1
09 13, 2021 09:11:10 上午 com.hou.mytomcat.catalina.Server logJVM
INFO : Server built:		2021-09-10 09:00:00
09 13, 2021 09:11:10 上午 com.hou.mytomcat.catalina.Server logJVM
INFO : Server number:		1.0.1
09 13, 2021 09:11:10 上午 com.hou.mytomcat.catalina.Server logJVM
INFO : OS Name	:		Windows 10
09 13, 2021 09:11:10 上午 com.hou.mytomcat.catalina.Server logJVM
INFO : OS Version:		10.0
09 13, 2021 09:11:10 上午 com.hou.mytomcat.catalina.Server logJVM
INFO : Architecture:		amd64
09 13, 2021 09:11:10 上午 com.hou.mytomcat.catalina.Server logJVM
INFO : Java Home:		C:\Users\dell\.jdks\corretto-1.8.0_292\jre
09 13, 2021 09:11:10 上午 com.hou.mytomcat.catalina.Server logJVM
INFO : JVM Version:		1.8.0_292-b10
09 13, 2021 09:11:10 上午 com.hou.mytomcat.catalina.Server logJVM
INFO : JVM Vendor:		Oracle Corporation
09 13, 2021 09:11:10 上午 com.hou.mytomcat.catalina.Connector init
INFO : Initializing ProtocolHandler [http-bio-18080]
09 13, 2021 09:11:10 上午 com.hou.mytomcat.catalina.Connector init
INFO : Initializing ProtocolHandler [http-bio-18081]
09 13, 2021 09:11:10 上午 com.hou.mytomcat.catalina.Connector init
INFO : Initializing ProtocolHandler [http-bio-18082]
09 13, 2021 09:11:10 上午 com.hou.mytomcat.catalina.Service init
INFO : Initialization processed int 1 ms
09 13, 2021 09:11:10 上午 com.hou.mytomcat.catalina.Connector start
INFO : Starting ProtocolHandler [http-bio-18080]
09 13, 2021 09:11:10 上午 com.hou.mytomcat.catalina.Connector start
INFO : Starting ProtocolHandler [http-bio-18081]
09 13, 2021 09:11:10 上午 com.hou.mytomcat.catalina.Connector start
INFO : Starting ProtocolHandler [http-bio-18082]
09 13, 2021 09:11:10 上午 com.hou.mytomcat.catalina.Server start
INFO : Server startup in 13 ms
09 13, 2021 09:14:08 上午 com.hou.mytomcat.catalina.Context <init>
INFO : Deploying web application directory D:\web\mytomcat\webapps\a
09 13, 2021 09:14:08 上午 com.hou.mytomcat.catalina.Context <init>
INFO : Deploying of web application directory D:\web\mytomcat\webapps\a has finished in 159 ms
09 13, 2021 09:14:08 上午 com.hou.mytomcat.catalina.Context <init>
INFO : Deploying web application directory D:\web\mytomcat\webapps\b
09 13, 2021 09:14:08 上午 com.hou.mytomcat.catalina.Context <init>
INFO : Deploying of web application directory D:\web\mytomcat\webapps\b has finished in 1 ms
09 13, 2021 09:14:08 上午 com.hou.mytomcat.catalina.Context <init>
INFO : Deploying web application directory D:\web\mytomcat\webapps\ROOT
09 13, 2021 09:14:08 上午 com.hou.mytomcat.catalina.Context <init>
INFO : Deploying of web application directory D:\web\mytomcat\webapps\ROOT has finished in 1 ms
09 13, 2021 09:14:08 上午 com.hou.mytomcat.catalina.Context <init>
INFO : Deploying web application directory D:/web/mytomcat/webapps/b
09 13, 2021 09:14:08 上午 com.hou.mytomcat.catalina.Context <init>
INFO : Deploying of web application directory D:/web/mytomcat/webapps/b has finished in 1 ms
09 13, 2021 09:14:08 上午 com.hou.mytomcat.catalina.Server logJVM
INFO : Server version:		How2J DiyTomcat/1.0.1
09 13, 2021 09:14:08 上午 com.hou.mytomcat.catalina.Server logJVM
INFO : Server built:		2021-09-10 09:00:00
09 13, 2021 09:14:08 上午 com.hou.mytomcat.catalina.Server logJVM
INFO : Server number:		1.0.1
09 13, 2021 09:14:08 上午 com.hou.mytomcat.catalina.Server logJVM
INFO : OS Name	:		Windows 10
09 13, 2021 09:14:08 上午 com.hou.mytomcat.catalina.Server logJVM
INFO : OS Version:		10.0
09 13, 2021 09:14:08 上午 com.hou.mytomcat.catalina.Server logJVM
INFO : Architecture:		amd64
09 13, 2021 09:14:08 上午 com.hou.mytomcat.catalina.Server logJVM
INFO : Java Home:		C:\Users\dell\.jdks\corretto-1.8.0_292\jre
09 13, 2021 09:14:08 上午 com.hou.mytomcat.catalina.Server logJVM
INFO : JVM Version:		1.8.0_292-b10
09 13, 2021 09:14:08 上午 com.hou.mytomcat.catalina.Server logJVM
INFO : JVM Vendor:		Oracle Corporation
09 13, 2021 09:14:08 上午 com.hou.mytomcat.catalina.Connector init
INFO : Initializing ProtocolHandler [http-bio-18080]
09 13, 2021 09:14:08 上午 com.hou.mytomcat.catalina.Connector init
INFO : Initializing ProtocolHandler [http-bio-18081]
09 13, 2021 09:14:08 上午 com.hou.mytomcat.catalina.Connector init
INFO : Initializing ProtocolHandler [http-bio-18082]
09 13, 2021 09:14:08 上午 com.hou.mytomcat.catalina.Service init
INFO : Initialization processed int 0 ms
09 13, 2021 09:14:08 上午 com.hou.mytomcat.catalina.Connector start
INFO : Starting ProtocolHandler [http-bio-18080]
09 13, 2021 09:14:08 上午 com.hou.mytomcat.catalina.Connector start
INFO : Starting ProtocolHandler [http-bio-18081]
09 13, 2021 09:14:08 上午 com.hou.mytomcat.catalina.Connector start
INFO : Starting ProtocolHandler [http-bio-18082]
09 13, 2021 09:14:08 上午 com.hou.mytomcat.catalina.Server start
INFO : Server startup in 12 ms
09 13, 2021 09:40:00 上午 com.hou.mytomcat.catalina.Context <init>
INFO : Deploying web application directory D:\web\mytomcat\webapps\a
09 13, 2021 09:40:00 上午 com.hou.mytomcat.catalina.Context <init>
INFO : Deploying of web application directory D:\web\mytomcat\webapps\a has finished in 291 ms
09 13, 2021 09:40:00 上午 com.hou.mytomcat.catalina.Context <init>
INFO : Deploying web application directory D:\web\mytomcat\webapps\b
09 13, 2021 09:40:00 上午 com.hou.mytomcat.catalina.Context <init>
INFO : Deploying of web application directory D:\web\mytomcat\webapps\b has finished in 1 ms
09 13, 2021 09:40:00 上午 com.hou.mytomcat.catalina.Context <init>
INFO : Deploying web application directory D:\web\mytomcat\webapps\ROOT
09 13, 2021 09:40:00 上午 com.hou.mytomcat.catalina.Context <init>
INFO : Deploying of web application directory D:\web\mytomcat\webapps\ROOT has finished in 1 ms
09 13, 2021 09:40:00 上午 com.hou.mytomcat.catalina.Context <init>
INFO : Deploying web application directory D:/web/mytomcat/webapps/b
09 13, 2021 09:40:00 上午 com.hou.mytomcat.catalina.Context <init>
INFO : Deploying of web application directory D:/web/mytomcat/webapps/b has finished in 1 ms
09 13, 2021 09:40:00 上午 com.hou.mytomcat.catalina.Server logJVM
INFO : Server version:		How2J DiyTomcat/1.0.1
09 13, 2021 09:40:00 上午 com.hou.mytomcat.catalina.Server logJVM
INFO : Server built:		2021-09-10 09:00:00
09 13, 2021 09:40:00 上午 com.hou.mytomcat.catalina.Server logJVM
INFO : Server number:		1.0.1
09 13, 2021 09:40:00 上午 com.hou.mytomcat.catalina.Server logJVM
INFO : OS Name	:		Windows 10
09 13, 2021 09:40:00 上午 com.hou.mytomcat.catalina.Server logJVM
INFO : OS Version:		10.0
09 13, 2021 09:40:00 上午 com.hou.mytomcat.catalina.Server logJVM
INFO : Architecture:		amd64
09 13, 2021 09:40:00 上午 com.hou.mytomcat.catalina.Server logJVM
INFO : Java Home:		C:\Users\dell\.jdks\corretto-1.8.0_292\jre
09 13, 2021 09:40:00 上午 com.hou.mytomcat.catalina.Server logJVM
INFO : JVM Version:		1.8.0_292-b10
09 13, 2021 09:40:00 上午 com.hou.mytomcat.catalina.Server logJVM
INFO : JVM Vendor:		Oracle Corporation
09 13, 2021 09:40:00 上午 com.hou.mytomcat.catalina.Connector init
INFO : Initializing ProtocolHandler [http-bio-18080]
09 13, 2021 09:40:00 上午 com.hou.mytomcat.catalina.Connector init
INFO : Initializing ProtocolHandler [http-bio-18081]
09 13, 2021 09:40:00 上午 com.hou.mytomcat.catalina.Connector init
INFO : Initializing ProtocolHandler [http-bio-18082]
09 13, 2021 09:40:00 上午 com.hou.mytomcat.catalina.Service init
INFO : Initialization processed int 1 ms
09 13, 2021 09:40:00 上午 com.hou.mytomcat.catalina.Connector start
INFO : Starting ProtocolHandler [http-bio-18080]
09 13, 2021 09:40:00 上午 com.hou.mytomcat.catalina.Connector start
INFO : Starting ProtocolHandler [http-bio-18081]
09 13, 2021 09:40:00 上午 com.hou.mytomcat.catalina.Connector start
INFO : Starting ProtocolHandler [http-bio-18082]
09 13, 2021 09:40:00 上午 com.hou.mytomcat.catalina.Server start
INFO : Server startup in 14 ms
09 13, 2021 10:36:25 上午 com.hou.mytomcat.catalina.Context <init>
INFO : Deploying web application directory D:\web\mytomcat\webapps\a
09 13, 2021 10:36:25 上午 com.hou.mytomcat.catalina.Context <init>
INFO : Deploying of web application directory D:\web\mytomcat\webapps\a has finished in 212 ms
09 13, 2021 10:36:25 上午 com.hou.mytomcat.catalina.Context <init>
INFO : Deploying web application directory D:\web\mytomcat\webapps\b
09 13, 2021 10:36:25 上午 com.hou.mytomcat.catalina.Context <init>
INFO : Deploying of web application directory D:\web\mytomcat\webapps\b has finished in 0 ms
09 13, 2021 10:36:25 上午 com.hou.mytomcat.catalina.Context <init>
INFO : Deploying web application directory D:\web\mytomcat\webapps\ROOT
09 13, 2021 10:36:25 上午 com.hou.mytomcat.catalina.Context <init>
INFO : Deploying of web application directory D:\web\mytomcat\webapps\ROOT has finished in 1 ms
09 13, 2021 10:36:25 上午 com.hou.mytomcat.catalina.Context <init>
INFO : Deploying web application directory D:/web/mytomcat/webapps/b
09 13, 2021 10:36:25 上午 com.hou.mytomcat.catalina.Context <init>
INFO : Deploying of web application directory D:/web/mytomcat/webapps/b has finished in 0 ms
09 13, 2021 10:36:25 上午 com.hou.mytomcat.catalina.Server logJVM
INFO : Server version:		How2J DiyTomcat/1.0.1
09 13, 2021 10:36:25 上午 com.hou.mytomcat.catalina.Server logJVM
INFO : Server built:		2021-09-10 09:00:00
09 13, 2021 10:36:25 上午 com.hou.mytomcat.catalina.Server logJVM
INFO : Server number:		1.0.1
09 13, 2021 10:36:25 上午 com.hou.mytomcat.catalina.Server logJVM
INFO : OS Name	:		Windows 10
09 13, 2021 10:36:25 上午 com.hou.mytomcat.catalina.Server logJVM
INFO : OS Version:		10.0
09 13, 2021 10:36:25 上午 com.hou.mytomcat.catalina.Server logJVM
INFO : Architecture:		amd64
09 13, 2021 10:36:25 上午 com.hou.mytomcat.catalina.Server logJVM
INFO : Java Home:		C:\Users\dell\.jdks\corretto-1.8.0_292\jre
09 13, 2021 10:36:25 上午 com.hou.mytomcat.catalina.Server logJVM
INFO : JVM Version:		1.8.0_292-b10
09 13, 2021 10:36:25 上午 com.hou.mytomcat.catalina.Server logJVM
INFO : JVM Vendor:		Oracle Corporation
09 13, 2021 10:36:25 上午 com.hou.mytomcat.catalina.Connector init
INFO : Initializing ProtocolHandler [http-bio-18080]
09 13, 2021 10:36:25 上午 com.hou.mytomcat.catalina.Connector init
INFO : Initializing ProtocolHandler [http-bio-18081]
09 13, 2021 10:36:25 上午 com.hou.mytomcat.catalina.Connector init
INFO : Initializing ProtocolHandler [http-bio-18082]
09 13, 2021 10:36:25 上午 com.hou.mytomcat.catalina.Service init
INFO : Initialization processed int 1 ms
09 13, 2021 10:36:25 上午 com.hou.mytomcat.catalina.Connector start
INFO : Starting ProtocolHandler [http-bio-18080]
09 13, 2021 10:36:25 上午 com.hou.mytomcat.catalina.Connector start
INFO : Starting ProtocolHandler [http-bio-18081]
09 13, 2021 10:36:25 上午 com.hou.mytomcat.catalina.Connector start
INFO : Starting ProtocolHandler [http-bio-18082]
09 13, 2021 10:36:25 上午 com.hou.mytomcat.catalina.Server start
INFO : Server startup in 13 ms
09 13, 2021 15:37:59 下午 com.hou.mytomcat.catalina.Context deploy
INFO : Deploying web application directory D:\web\mytomcat\webapps\a
09 13, 2021 15:37:59 下午 com.hou.mytomcat.catalina.Context deploy
INFO : Deploying of web application directory D:\web\mytomcat\webapps\a has finished in 158 ms
09 13, 2021 15:37:59 下午 com.hou.mytomcat.catalina.Context deploy
INFO : Deploying web application directory D:\web\mytomcat\webapps\b
09 13, 2021 15:37:59 下午 com.hou.mytomcat.catalina.Context deploy
INFO : Deploying of web application directory D:\web\mytomcat\webapps\b has finished in 1 ms
09 13, 2021 15:37:59 下午 com.hou.mytomcat.catalina.Context deploy
INFO : Deploying web application directory D:\web\mytomcat\webapps\j2ee
09 13, 2021 15:37:59 下午 com.hou.mytomcat.catalina.Context deploy
INFO : Deploying of web application directory D:\web\mytomcat\webapps\j2ee has finished in 4 ms
09 13, 2021 15:37:59 下午 com.hou.mytomcat.catalina.Context deploy
INFO : Deploying web application directory D:\web\mytomcat\webapps\ROOT
09 13, 2021 15:37:59 下午 com.hou.mytomcat.catalina.Context deploy
INFO : Deploying of web application directory D:\web\mytomcat\webapps\ROOT has finished in 1 ms
09 13, 2021 15:37:59 下午 com.hou.mytomcat.catalina.Context deploy
INFO : Deploying web application directory D:/web/mytomcat/webapps/b
09 13, 2021 15:37:59 下午 com.hou.mytomcat.catalina.Context deploy
INFO : Deploying of web application directory D:/web/mytomcat/webapps/b has finished in 0 ms
09 13, 2021 15:37:59 下午 com.hou.mytomcat.catalina.Server logJVM
INFO : Server version:		How2J DiyTomcat/1.0.1
09 13, 2021 15:37:59 下午 com.hou.mytomcat.catalina.Server logJVM
INFO : Server built:		2021-09-10 09:00:00
09 13, 2021 15:37:59 下午 com.hou.mytomcat.catalina.Server logJVM
INFO : Server number:		1.0.1
09 13, 2021 15:37:59 下午 com.hou.mytomcat.catalina.Server logJVM
INFO : OS Name	:		Windows 10
09 13, 2021 15:37:59 下午 com.hou.mytomcat.catalina.Server logJVM
INFO : OS Version:		10.0
09 13, 2021 15:37:59 下午 com.hou.mytomcat.catalina.Server logJVM
INFO : Architecture:		amd64
09 13, 2021 15:37:59 下午 com.hou.mytomcat.catalina.Server logJVM
INFO : Java Home:		C:\Users\dell\.jdks\corretto-1.8.0_292\jre
09 13, 2021 15:37:59 下午 com.hou.mytomcat.catalina.Server logJVM
INFO : JVM Version:		1.8.0_292-b10
09 13, 2021 15:37:59 下午 com.hou.mytomcat.catalina.Server logJVM
INFO : JVM Vendor:		Oracle Corporation
09 13, 2021 15:37:59 下午 com.hou.mytomcat.catalina.Connector init
INFO : Initializing ProtocolHandler [http-bio-18080]
09 13, 2021 15:37:59 下午 com.hou.mytomcat.catalina.Connector init
INFO : Initializing ProtocolHandler [http-bio-18081]
09 13, 2021 15:37:59 下午 com.hou.mytomcat.catalina.Connector init
INFO : Initializing ProtocolHandler [http-bio-18082]
09 13, 2021 15:37:59 下午 com.hou.mytomcat.catalina.Service init
INFO : Initialization processed int 0 ms
09 13, 2021 15:37:59 下午 com.hou.mytomcat.catalina.Connector start
INFO : Starting ProtocolHandler [http-bio-18080]
09 13, 2021 15:37:59 下午 com.hou.mytomcat.catalina.Connector start
INFO : Starting ProtocolHandler [http-bio-18081]
09 13, 2021 15:37:59 下午 com.hou.mytomcat.catalina.Connector start
INFO : Starting ProtocolHandler [http-bio-18082]
09 13, 2021 15:37:59 下午 com.hou.mytomcat.catalina.Server start
INFO : Server startup in 16 ms
09 13, 2021 15:40:09 下午 com.hou.mytomcat.catalina.Context deploy
INFO : Deploying web application directory D:\web\mytomcat\webapps\a
09 13, 2021 15:40:09 下午 com.hou.mytomcat.catalina.Context deploy
INFO : Deploying of web application directory D:\web\mytomcat\webapps\a has finished in 282 ms
09 13, 2021 15:40:09 下午 com.hou.mytomcat.catalina.Context deploy
INFO : Deploying web application directory D:\web\mytomcat\webapps\b
09 13, 2021 15:40:09 下午 com.hou.mytomcat.catalina.Context deploy
INFO : Deploying of web application directory D:\web\mytomcat\webapps\b has finished in 1 ms
09 13, 2021 15:40:09 下午 com.hou.mytomcat.catalina.Context deploy
INFO : Deploying web application directory D:\web\mytomcat\webapps\j2ee
09 13, 2021 15:40:09 下午 com.hou.mytomcat.catalina.Context deploy
INFO : Deploying of web application directory D:\web\mytomcat\webapps\j2ee has finished in 9 ms
09 13, 2021 15:40:09 下午 com.hou.mytomcat.catalina.Context deploy
INFO : Deploying web application directory D:\web\mytomcat\webapps\ROOT
09 13, 2021 15:40:09 下午 com.hou.mytomcat.catalina.Context deploy
INFO : Deploying of web application directory D:\web\mytomcat\webapps\ROOT has finished in 2 ms
09 13, 2021 15:40:09 下午 com.hou.mytomcat.catalina.Context deploy
INFO : Deploying web application directory D:/web/mytomcat/webapps/b
09 13, 2021 15:40:09 下午 com.hou.mytomcat.catalina.Context deploy
INFO : Deploying of web application directory D:/web/mytomcat/webapps/b has finished in 1 ms
09 13, 2021 15:40:09 下午 com.hou.mytomcat.catalina.Server logJVM
INFO : Server version:		How2J DiyTomcat/1.0.1
09 13, 2021 15:40:09 下午 com.hou.mytomcat.catalina.Server logJVM
INFO : Server built:		2021-09-10 09:00:00
09 13, 2021 15:40:09 下午 com.hou.mytomcat.catalina.Server logJVM
INFO : Server number:		1.0.1
09 13, 2021 15:40:09 下午 com.hou.mytomcat.catalina.Server logJVM
INFO : OS Name	:		Windows 10
09 13, 2021 15:40:09 下午 com.hou.mytomcat.catalina.Server logJVM
INFO : OS Version:		10.0
09 13, 2021 15:40:09 下午 com.hou.mytomcat.catalina.Server logJVM
INFO : Architecture:		amd64
09 13, 2021 15:40:09 下午 com.hou.mytomcat.catalina.Server logJVM
INFO : Java Home:		C:\Users\dell\.jdks\corretto-1.8.0_292\jre
09 13, 2021 15:40:09 下午 com.hou.mytomcat.catalina.Server logJVM
INFO : JVM Version:		1.8.0_292-b10
09 13, 2021 15:40:09 下午 com.hou.mytomcat.catalina.Server logJVM
INFO : JVM Vendor:		Oracle Corporation
09 13, 2021 15:40:09 下午 com.hou.mytomcat.catalina.Connector init
INFO : Initializing ProtocolHandler [http-bio-18080]
09 13, 2021 15:40:09 下午 com.hou.mytomcat.catalina.Connector init
INFO : Initializing ProtocolHandler [http-bio-18081]
09 13, 2021 15:40:09 下午 com.hou.mytomcat.catalina.Connector init
INFO : Initializing ProtocolHandler [http-bio-18082]
09 13, 2021 15:40:09 下午 com.hou.mytomcat.catalina.Service init
INFO : Initialization processed int 1 ms
09 13, 2021 15:40:09 下午 com.hou.mytomcat.catalina.Connector start
INFO : Starting ProtocolHandler [http-bio-18080]
09 13, 2021 15:40:09 下午 com.hou.mytomcat.catalina.Connector start
INFO : Starting ProtocolHandler [http-bio-18081]
09 13, 2021 15:40:09 下午 com.hou.mytomcat.catalina.Connector start
INFO : Starting ProtocolHandler [http-bio-18082]
09 13, 2021 15:40:09 下午 com.hou.mytomcat.catalina.Server start
INFO : Server startup in 15 ms
09 13, 2021 17:15:15 下午 com.hou.mytomcat.catalina.Context deploy
INFO : Deploying web application directory D:\web\mytomcat\webapps\a
09 13, 2021 17:15:15 下午 com.hou.mytomcat.catalina.Context deploy
INFO : Deploying of web application directory D:\web\mytomcat\webapps\a has finished in 147 ms
09 13, 2021 17:15:15 下午 com.hou.mytomcat.catalina.Context deploy
INFO : Deploying web application directory D:\web\mytomcat\webapps\b
09 13, 2021 17:15:15 下午 com.hou.mytomcat.catalina.Context deploy
INFO : Deploying of web application directory D:\web\mytomcat\webapps\b has finished in 0 ms
09 13, 2021 17:15:15 下午 com.hou.mytomcat.catalina.Context deploy
INFO : Deploying web application directory D:\web\mytomcat\webapps\j2ee
09 13, 2021 17:15:15 下午 com.hou.mytomcat.catalina.Context deploy
INFO : Deploying of web application directory D:\web\mytomcat\webapps\j2ee has finished in 23 ms
09 13, 2021 17:15:15 下午 com.hou.mytomcat.catalina.Context deploy
INFO : Deploying web application directory D:\web\mytomcat\webapps\ROOT
09 13, 2021 17:15:15 下午 com.hou.mytomcat.catalina.Context deploy
INFO : Deploying of web application directory D:\web\mytomcat\webapps\ROOT has finished in 0 ms
09 13, 2021 17:15:15 下午 com.hou.mytomcat.catalina.Context deploy
INFO : Deploying web application directory D:/web/mytomcat/webapps/b
09 13, 2021 17:15:15 下午 com.hou.mytomcat.catalina.Context deploy
INFO : Deploying of web application directory D:/web/mytomcat/webapps/b has finished in 1 ms
09 13, 2021 17:15:15 下午 com.hou.mytomcat.catalina.Server logJVM
INFO : Server version:		How2J DiyTomcat/1.0.1
09 13, 2021 17:15:15 下午 com.hou.mytomcat.catalina.Server logJVM
INFO : Server built:		2021-09-10 09:00:00
09 13, 2021 17:15:15 下午 com.hou.mytomcat.catalina.Server logJVM
INFO : Server number:		1.0.1
09 13, 2021 17:15:15 下午 com.hou.mytomcat.catalina.Server logJVM
INFO : OS Name	:		Windows 10
09 13, 2021 17:15:15 下午 com.hou.mytomcat.catalina.Server logJVM
INFO : OS Version:		10.0
09 13, 2021 17:15:15 下午 com.hou.mytomcat.catalina.Server logJVM
INFO : Architecture:		amd64
09 13, 2021 17:15:15 下午 com.hou.mytomcat.catalina.Server logJVM
INFO : Java Home:		C:\Users\dell\.jdks\corretto-1.8.0_292\jre
09 13, 2021 17:15:15 下午 com.hou.mytomcat.catalina.Server logJVM
INFO : JVM Version:		1.8.0_292-b10
09 13, 2021 17:15:15 下午 com.hou.mytomcat.catalina.Server logJVM
INFO : JVM Vendor:		Oracle Corporation
09 13, 2021 17:15:15 下午 com.hou.mytomcat.catalina.Connector init
INFO : Initializing ProtocolHandler [http-bio-18080]
09 13, 2021 17:15:15 下午 com.hou.mytomcat.catalina.Connector init
INFO : Initializing ProtocolHandler [http-bio-18081]
09 13, 2021 17:15:15 下午 com.hou.mytomcat.catalina.Connector init
INFO : Initializing ProtocolHandler [http-bio-18082]
09 13, 2021 17:15:15 下午 com.hou.mytomcat.catalina.Service init
INFO : Initialization processed int 1 ms
09 13, 2021 17:15:15 下午 com.hou.mytomcat.catalina.Connector start
INFO : Starting ProtocolHandler [http-bio-18080]
09 13, 2021 17:15:15 下午 com.hou.mytomcat.catalina.Connector start
INFO : Starting ProtocolHandler [http-bio-18081]
09 13, 2021 17:15:15 下午 com.hou.mytomcat.catalina.Connector start
INFO : Starting ProtocolHandler [http-bio-18082]
09 13, 2021 17:15:15 下午 com.hou.mytomcat.catalina.Server start
INFO : Server startup in 20 ms
09 13, 2021 19:44:59 下午 com.hou.mytomcat.catalina.Context deploy
INFO : Deploying web application directory D:\web\mytomcat\webapps\a
09 13, 2021 19:44:59 下午 com.hou.mytomcat.catalina.Context deploy
INFO : Deploying of web application directory D:\web\mytomcat\webapps\a has finished in 271 ms
09 13, 2021 19:44:59 下午 com.hou.mytomcat.catalina.Context deploy
INFO : Deploying web application directory D:\web\mytomcat\webapps\b
09 13, 2021 19:44:59 下午 com.hou.mytomcat.catalina.Context deploy
INFO : Deploying of web application directory D:\web\mytomcat\webapps\b has finished in 0 ms
09 13, 2021 19:44:59 下午 com.hou.mytomcat.catalina.Context deploy
INFO : Deploying web application directory D:\web\mytomcat\webapps\j2ee
09 13, 2021 19:44:59 下午 com.hou.mytomcat.catalina.Context deploy
INFO : Deploying of web application directory D:\web\mytomcat\webapps\j2ee has finished in 6 ms
09 13, 2021 19:44:59 下午 com.hou.mytomcat.catalina.Context deploy
INFO : Deploying web application directory D:\web\mytomcat\webapps\ROOT
09 13, 2021 19:44:59 下午 com.hou.mytomcat.catalina.Context deploy
INFO : Deploying of web application directory D:\web\mytomcat\webapps\ROOT has finished in 1 ms
09 13, 2021 19:44:59 下午 com.hou.mytomcat.catalina.Context deploy
INFO : Deploying web application directory D:/web/mytomcat/webapps/b
09 13, 2021 19:44:59 下午 com.hou.mytomcat.catalina.Context deploy
INFO : Deploying of web application directory D:/web/mytomcat/webapps/b has finished in 0 ms
09 13, 2021 19:44:59 下午 com.hou.mytomcat.catalina.Server logJVM
INFO : Server version:		How2J DiyTomcat/1.0.1
09 13, 2021 19:44:59 下午 com.hou.mytomcat.catalina.Server logJVM
INFO : Server built:		2021-09-10 09:00:00
09 13, 2021 19:44:59 下午 com.hou.mytomcat.catalina.Server logJVM
INFO : Server number:		1.0.1
09 13, 2021 19:44:59 下午 com.hou.mytomcat.catalina.Server logJVM
INFO : OS Name	:		Windows 10
09 13, 2021 19:44:59 下午 com.hou.mytomcat.catalina.Server logJVM
INFO : OS Version:		10.0
09 13, 2021 19:44:59 下午 com.hou.mytomcat.catalina.Server logJVM
INFO : Architecture:		amd64
09 13, 2021 19:44:59 下午 com.hou.mytomcat.catalina.Server logJVM
INFO : Java Home:		C:\Users\dell\.jdks\corretto-1.8.0_292\jre
09 13, 2021 19:44:59 下午 com.hou.mytomcat.catalina.Server logJVM
INFO : JVM Version:		1.8.0_292-b10
09 13, 2021 19:44:59 下午 com.hou.mytomcat.catalina.Server logJVM
INFO : JVM Vendor:		Oracle Corporation
09 13, 2021 19:44:59 下午 com.hou.mytomcat.catalina.Connector init
INFO : Initializing ProtocolHandler [http-bio-18080]
09 13, 2021 19:44:59 下午 com.hou.mytomcat.catalina.Connector init
INFO : Initializing ProtocolHandler [http-bio-18081]
09 13, 2021 19:44:59 下午 com.hou.mytomcat.catalina.Connector init
INFO : Initializing ProtocolHandler [http-bio-18082]
09 13, 2021 19:44:59 下午 com.hou.mytomcat.catalina.Service init
INFO : Initialization processed int 8 ms
09 13, 2021 19:44:59 下午 com.hou.mytomcat.catalina.Connector start
INFO : Starting ProtocolHandler [http-bio-18080]
09 13, 2021 19:44:59 下午 com.hou.mytomcat.catalina.Connector start
INFO : Starting ProtocolHandler [http-bio-18081]
09 13, 2021 19:44:59 下午 com.hou.mytomcat.catalina.Connector start
INFO : Starting ProtocolHandler [http-bio-18082]
09 13, 2021 19:44:59 下午 com.hou.mytomcat.catalina.Server start
INFO : Server startup in 34 ms
