10 02, 2021 12:33:04 下午 com.hou.mytomcat.catalina.Context deploy
INFO : Deploying web application directory D:\web\mytomcat\webapps\a
10 02, 2021 12:33:04 下午 com.hou.mytomcat.catalina.Context deploy
INFO : Deploying of web application directory D:\web\mytomcat\webapps\a has finished in 222 ms
10 02, 2021 12:33:04 下午 com.hou.mytomcat.catalina.Context deploy
INFO : Deploying web application directory D:\web\mytomcat\webapps\b
10 02, 2021 12:33:04 下午 com.hou.mytomcat.catalina.Context deploy
INFO : Deploying of web application directory D:\web\mytomcat\webapps\b has finished in 1 ms
10 02, 2021 12:33:04 下午 com.hou.mytomcat.catalina.Context deploy
INFO : Deploying web application directory D:\web\mytomcat\webapps\j2ee
10 02, 2021 12:33:04 下午 com.hou.mytomcat.catalina.Context deploy
INFO : Deploying of web application directory D:\web\mytomcat\webapps\j2ee has finished in 5 ms
10 02, 2021 12:33:04 下午 com.hou.mytomcat.catalina.Context deploy
INFO : Deploying web application directory D:\web\mytomcat\webapps\ROOT
10 02, 2021 12:33:04 下午 com.hou.mytomcat.catalina.Context deploy
INFO : Deploying of web application directory D:\web\mytomcat\webapps\ROOT has finished in 0 ms
10 02, 2021 12:33:04 下午 com.hou.mytomcat.catalina.Context deploy
INFO : Deploying web application directory D:/web/mytomcat/webapps/b
10 02, 2021 12:33:04 下午 com.hou.mytomcat.catalina.Context deploy
INFO : Deploying of web application directory D:/web/mytomcat/webapps/b has finished in 0 ms
10 02, 2021 12:33:04 下午 com.hou.mytomcat.catalina.Context deploy
INFO : Deploying web application directory D:/web/javaweb/web
10 02, 2021 12:33:04 下午 com.hou.mytomcat.catalina.Context deploy
INFO : Deploying of web application directory D:/web/javaweb/web has finished in 205 ms
10 02, 2021 12:33:04 下午 com.hou.mytomcat.catalina.Server logJVM
INFO : Server version:		How2J DiyTomcat/1.0.1
10 02, 2021 12:33:04 下午 com.hou.mytomcat.catalina.Server logJVM
INFO : Server built:		2021-09-10 09:00:00
10 02, 2021 12:33:04 下午 com.hou.mytomcat.catalina.Server logJVM
INFO : Server number:		1.0.1
10 02, 2021 12:33:04 下午 com.hou.mytomcat.catalina.Server logJVM
INFO : OS Name	:		Windows 10
10 02, 2021 12:33:04 下午 com.hou.mytomcat.catalina.Server logJVM
INFO : OS Version:		10.0
10 02, 2021 12:33:04 下午 com.hou.mytomcat.catalina.Server logJVM
INFO : Architecture:		amd64
10 02, 2021 12:33:04 下午 com.hou.mytomcat.catalina.Server logJVM
INFO : Java Home:		C:\Users\dell\.jdks\corretto-1.8.0_292\jre
10 02, 2021 12:33:04 下午 com.hou.mytomcat.catalina.Server logJVM
INFO : JVM Version:		1.8.0_292-b10
10 02, 2021 12:33:04 下午 com.hou.mytomcat.catalina.Server logJVM
INFO : JVM Vendor:		Oracle Corporation
10 02, 2021 12:33:04 下午 com.hou.mytomcat.catalina.Connector init
INFO : Initializing ProtocolHandler [http-bio-18080]
10 02, 2021 12:33:04 下午 com.hou.mytomcat.catalina.Connector init
INFO : Initializing ProtocolHandler [http-bio-18081]
10 02, 2021 12:33:04 下午 com.hou.mytomcat.catalina.Connector init
INFO : Initializing ProtocolHandler [http-bio-18082]
10 02, 2021 12:33:04 下午 com.hou.mytomcat.catalina.Service init
INFO : Initialization processed int 1 ms
10 02, 2021 12:33:04 下午 com.hou.mytomcat.catalina.Connector start
INFO : Starting ProtocolHandler [http-bio-18080]
10 02, 2021 12:33:04 下午 com.hou.mytomcat.catalina.Connector start
INFO : Starting ProtocolHandler [http-bio-18081]
10 02, 2021 12:33:04 下午 com.hou.mytomcat.catalina.Connector start
INFO : Starting ProtocolHandler [http-bio-18082]
10 02, 2021 12:33:04 下午 com.hou.mytomcat.catalina.Server start
INFO : Server startup in 60 ms
10 02, 2021 22:20:31 下午 com.hou.mytomcat.catalina.Context deploy
INFO : Deploying web application directory D:\web\mytomcat\webapps\a
10 02, 2021 22:20:31 下午 com.hou.mytomcat.catalina.Context deploy
INFO : Deploying of web application directory D:\web\mytomcat\webapps\a has finished in 185 ms
10 02, 2021 22:20:31 下午 com.hou.mytomcat.catalina.Context deploy
INFO : Deploying web application directory D:\web\mytomcat\webapps\b
10 02, 2021 22:20:31 下午 com.hou.mytomcat.catalina.Context deploy
INFO : Deploying of web application directory D:\web\mytomcat\webapps\b has finished in 1 ms
10 02, 2021 22:20:31 下午 com.hou.mytomcat.catalina.Context deploy
INFO : Deploying web application directory D:\web\mytomcat\webapps\j2ee
10 02, 2021 22:20:31 下午 com.hou.mytomcat.catalina.Context deploy
INFO : Deploying of web application directory D:\web\mytomcat\webapps\j2ee has finished in 6 ms
10 02, 2021 22:20:31 下午 com.hou.mytomcat.catalina.Context deploy
INFO : Deploying web application directory D:\web\mytomcat\webapps\ROOT
10 02, 2021 22:20:31 下午 com.hou.mytomcat.catalina.Context deploy
INFO : Deploying of web application directory D:\web\mytomcat\webapps\ROOT has finished in 1 ms
10 02, 2021 22:20:31 下午 com.hou.mytomcat.catalina.Context deploy
INFO : Deploying web application directory D:/web/mytomcat/webapps/b
10 02, 2021 22:20:31 下午 com.hou.mytomcat.catalina.Context deploy
INFO : Deploying of web application directory D:/web/mytomcat/webapps/b has finished in 1 ms
10 02, 2021 22:20:31 下午 com.hou.mytomcat.catalina.Context deploy
INFO : Deploying web application directory D:/web/javaweb/web
10 02, 2021 22:20:31 下午 com.hou.mytomcat.catalina.Context deploy
INFO : Deploying of web application directory D:/web/javaweb/web has finished in 87 ms
10 02, 2021 22:20:31 下午 com.hou.mytomcat.catalina.Server logJVM
INFO : Server version:		How2J DiyTomcat/1.0.1
10 02, 2021 22:20:31 下午 com.hou.mytomcat.catalina.Server logJVM
INFO : Server built:		2021-09-10 09:00:00
10 02, 2021 22:20:31 下午 com.hou.mytomcat.catalina.Server logJVM
INFO : Server number:		1.0.1
10 02, 2021 22:20:31 下午 com.hou.mytomcat.catalina.Server logJVM
INFO : OS Name	:		Windows 10
10 02, 2021 22:20:31 下午 com.hou.mytomcat.catalina.Server logJVM
INFO : OS Version:		10.0
10 02, 2021 22:20:31 下午 com.hou.mytomcat.catalina.Server logJVM
INFO : Architecture:		amd64
10 02, 2021 22:20:31 下午 com.hou.mytomcat.catalina.Server logJVM
INFO : Java Home:		C:\Users\dell\.jdks\corretto-1.8.0_292\jre
10 02, 2021 22:20:31 下午 com.hou.mytomcat.catalina.Server logJVM
INFO : JVM Version:		1.8.0_292-b10
10 02, 2021 22:20:31 下午 com.hou.mytomcat.catalina.Server logJVM
INFO : JVM Vendor:		Oracle Corporation
10 02, 2021 22:20:31 下午 com.hou.mytomcat.catalina.Connector init
INFO : Initializing ProtocolHandler [http-bio-18080]
10 02, 2021 22:20:31 下午 com.hou.mytomcat.catalina.Connector init
INFO : Initializing ProtocolHandler [http-bio-18081]
10 02, 2021 22:20:31 下午 com.hou.mytomcat.catalina.Connector init
INFO : Initializing ProtocolHandler [http-bio-18082]
10 02, 2021 22:20:31 下午 com.hou.mytomcat.catalina.Service init
INFO : Initialization processed int 11 ms
10 02, 2021 22:20:31 下午 com.hou.mytomcat.catalina.Connector start
INFO : Starting ProtocolHandler [http-bio-18080]
10 02, 2021 22:20:31 下午 com.hou.mytomcat.catalina.Connector start
INFO : Starting ProtocolHandler [http-bio-18081]
10 02, 2021 22:20:31 下午 com.hou.mytomcat.catalina.Connector start
INFO : Starting ProtocolHandler [http-bio-18082]
10 02, 2021 22:20:31 下午 com.hou.mytomcat.catalina.Server start
INFO : Server startup in 34 ms
