09 14, 2021 08:38:38 上午 com.hou.mytomcat.catalina.Context deploy
INFO : Deploying web application directory D:\web\mytomcat\webapps\a
09 14, 2021 08:38:38 上午 com.hou.mytomcat.catalina.Context deploy
INFO : Deploying of web application directory D:\web\mytomcat\webapps\a has finished in 164 ms
09 14, 2021 08:38:38 上午 com.hou.mytomcat.catalina.Context deploy
INFO : Deploying web application directory D:\web\mytomcat\webapps\b
09 14, 2021 08:38:38 上午 com.hou.mytomcat.catalina.Context deploy
INFO : Deploying of web application directory D:\web\mytomcat\webapps\b has finished in 1 ms
09 14, 2021 08:38:38 上午 com.hou.mytomcat.catalina.Context deploy
INFO : Deploying web application directory D:\web\mytomcat\webapps\j2ee
09 14, 2021 08:38:38 上午 com.hou.mytomcat.catalina.Context deploy
INFO : Deploying of web application directory D:\web\mytomcat\webapps\j2ee has finished in 4 ms
09 14, 2021 08:38:38 上午 com.hou.mytomcat.catalina.Context deploy
INFO : Deploying web application directory D:\web\mytomcat\webapps\ROOT
09 14, 2021 08:38:38 上午 com.hou.mytomcat.catalina.Context deploy
INFO : Deploying of web application directory D:\web\mytomcat\webapps\ROOT has finished in 0 ms
09 14, 2021 08:38:38 上午 com.hou.mytomcat.catalina.Context deploy
INFO : Deploying web application directory D:/web/mytomcat/webapps/b
09 14, 2021 08:38:38 上午 com.hou.mytomcat.catalina.Context deploy
INFO : Deploying of web application directory D:/web/mytomcat/webapps/b has finished in 1 ms
09 14, 2021 08:38:38 上午 com.hou.mytomcat.catalina.Server logJVM
INFO : Server version:		How2J DiyTomcat/1.0.1
09 14, 2021 08:38:38 上午 com.hou.mytomcat.catalina.Server logJVM
INFO : Server built:		2021-09-10 09:00:00
09 14, 2021 08:38:38 上午 com.hou.mytomcat.catalina.Server logJVM
INFO : Server number:		1.0.1
09 14, 2021 08:38:38 上午 com.hou.mytomcat.catalina.Server logJVM
INFO : OS Name	:		Windows 10
09 14, 2021 08:38:38 上午 com.hou.mytomcat.catalina.Server logJVM
INFO : OS Version:		10.0
09 14, 2021 08:38:38 上午 com.hou.mytomcat.catalina.Server logJVM
INFO : Architecture:		amd64
09 14, 2021 08:38:38 上午 com.hou.mytomcat.catalina.Server logJVM
INFO : Java Home:		C:\Users\dell\.jdks\corretto-1.8.0_292\jre
09 14, 2021 08:38:38 上午 com.hou.mytomcat.catalina.Server logJVM
INFO : JVM Version:		1.8.0_292-b10
09 14, 2021 08:38:38 上午 com.hou.mytomcat.catalina.Server logJVM
INFO : JVM Vendor:		Oracle Corporation
09 14, 2021 08:38:38 上午 com.hou.mytomcat.catalina.Connector init
INFO : Initializing ProtocolHandler [http-bio-18080]
09 14, 2021 08:38:38 上午 com.hou.mytomcat.catalina.Connector init
INFO : Initializing ProtocolHandler [http-bio-18081]
09 14, 2021 08:38:38 上午 com.hou.mytomcat.catalina.Connector init
INFO : Initializing ProtocolHandler [http-bio-18082]
09 14, 2021 08:38:38 上午 com.hou.mytomcat.catalina.Service init
INFO : Initialization processed int 0 ms
09 14, 2021 08:38:38 上午 com.hou.mytomcat.catalina.Connector start
INFO : Starting ProtocolHandler [http-bio-18080]
09 14, 2021 08:38:38 上午 com.hou.mytomcat.catalina.Connector start
INFO : Starting ProtocolHandler [http-bio-18081]
09 14, 2021 08:38:38 上午 com.hou.mytomcat.catalina.Connector start
INFO : Starting ProtocolHandler [http-bio-18082]
09 14, 2021 08:38:38 上午 com.hou.mytomcat.catalina.Server start
INFO : Server startup in 15 ms
09 14, 2021 16:42:10 下午 com.hou.mytomcat.catalina.Context deploy
INFO : Deploying web application directory D:\web\mytomcat\webapps\a
09 14, 2021 16:42:10 下午 com.hou.mytomcat.catalina.Context deploy
INFO : Deploying of web application directory D:\web\mytomcat\webapps\a has finished in 161 ms
09 14, 2021 16:42:10 下午 com.hou.mytomcat.catalina.Context deploy
INFO : Deploying web application directory D:\web\mytomcat\webapps\b
09 14, 2021 16:42:10 下午 com.hou.mytomcat.catalina.Context deploy
INFO : Deploying of web application directory D:\web\mytomcat\webapps\b has finished in 0 ms
09 14, 2021 16:42:10 下午 com.hou.mytomcat.catalina.Context deploy
INFO : Deploying web application directory D:\web\mytomcat\webapps\j2ee
09 14, 2021 16:42:10 下午 com.hou.mytomcat.catalina.Context deploy
INFO : Deploying of web application directory D:\web\mytomcat\webapps\j2ee has finished in 20 ms
09 14, 2021 16:42:10 下午 com.hou.mytomcat.catalina.Context deploy
INFO : Deploying web application directory D:\web\mytomcat\webapps\ROOT
09 14, 2021 16:42:10 下午 com.hou.mytomcat.catalina.Context deploy
INFO : Deploying of web application directory D:\web\mytomcat\webapps\ROOT has finished in 28 ms
09 14, 2021 16:42:10 下午 com.hou.mytomcat.catalina.Context deploy
INFO : Deploying web application directory D:/web/mytomcat/webapps/b
09 14, 2021 16:42:10 下午 com.hou.mytomcat.catalina.Context deploy
INFO : Deploying of web application directory D:/web/mytomcat/webapps/b has finished in 0 ms
09 14, 2021 16:42:10 下午 com.hou.mytomcat.catalina.Server logJVM
INFO : Server version:		How2J DiyTomcat/1.0.1
09 14, 2021 16:42:10 下午 com.hou.mytomcat.catalina.Server logJVM
INFO : Server built:		2021-09-10 09:00:00
09 14, 2021 16:42:10 下午 com.hou.mytomcat.catalina.Server logJVM
INFO : Server number:		1.0.1
09 14, 2021 16:42:10 下午 com.hou.mytomcat.catalina.Server logJVM
INFO : OS Name	:		Windows 10
09 14, 2021 16:42:10 下午 com.hou.mytomcat.catalina.Server logJVM
INFO : OS Version:		10.0
09 14, 2021 16:42:10 下午 com.hou.mytomcat.catalina.Server logJVM
INFO : Architecture:		amd64
09 14, 2021 16:42:10 下午 com.hou.mytomcat.catalina.Server logJVM
INFO : Java Home:		C:\Users\dell\.jdks\corretto-1.8.0_292\jre
09 14, 2021 16:42:10 下午 com.hou.mytomcat.catalina.Server logJVM
INFO : JVM Version:		1.8.0_292-b10
09 14, 2021 16:42:10 下午 com.hou.mytomcat.catalina.Server logJVM
INFO : JVM Vendor:		Oracle Corporation
09 14, 2021 16:42:10 下午 com.hou.mytomcat.catalina.Connector init
INFO : Initializing ProtocolHandler [http-bio-18080]
09 14, 2021 16:42:10 下午 com.hou.mytomcat.catalina.Connector init
INFO : Initializing ProtocolHandler [http-bio-18081]
09 14, 2021 16:42:10 下午 com.hou.mytomcat.catalina.Connector init
INFO : Initializing ProtocolHandler [http-bio-18082]
09 14, 2021 16:42:10 下午 com.hou.mytomcat.catalina.Service init
INFO : Initialization processed int 0 ms
09 14, 2021 16:42:10 下午 com.hou.mytomcat.catalina.Connector start
INFO : Starting ProtocolHandler [http-bio-18080]
09 14, 2021 16:42:10 下午 com.hou.mytomcat.catalina.Connector start
INFO : Starting ProtocolHandler [http-bio-18081]
09 14, 2021 16:42:10 下午 com.hou.mytomcat.catalina.Connector start
INFO : Starting ProtocolHandler [http-bio-18082]
09 14, 2021 16:42:10 下午 com.hou.mytomcat.catalina.Server start
INFO : Server startup in 40 ms
09 14, 2021 16:47:18 下午 com.hou.mytomcat.catalina.Context deploy
INFO : Deploying web application directory D:\web\mytomcat\webapps\a
09 14, 2021 16:47:18 下午 com.hou.mytomcat.catalina.Context deploy
INFO : Deploying of web application directory D:\web\mytomcat\webapps\a has finished in 201 ms
09 14, 2021 16:47:18 下午 com.hou.mytomcat.catalina.Context deploy
INFO : Deploying web application directory D:\web\mytomcat\webapps\b
09 14, 2021 16:47:18 下午 com.hou.mytomcat.catalina.Context deploy
INFO : Deploying of web application directory D:\web\mytomcat\webapps\b has finished in 0 ms
09 14, 2021 16:47:18 下午 com.hou.mytomcat.catalina.Context deploy
INFO : Deploying web application directory D:\web\mytomcat\webapps\j2ee
09 14, 2021 16:47:18 下午 com.hou.mytomcat.catalina.Context deploy
INFO : Deploying of web application directory D:\web\mytomcat\webapps\j2ee has finished in 0 ms
09 14, 2021 16:47:18 下午 com.hou.mytomcat.catalina.Context deploy
INFO : Deploying web application directory D:\web\mytomcat\webapps\ROOT
09 14, 2021 16:47:18 下午 com.hou.mytomcat.catalina.Context deploy
INFO : Deploying of web application directory D:\web\mytomcat\webapps\ROOT has finished in 0 ms
09 14, 2021 16:47:18 下午 com.hou.mytomcat.catalina.Context deploy
INFO : Deploying web application directory D:/web/mytomcat/webapps/b
09 14, 2021 16:47:18 下午 com.hou.mytomcat.catalina.Context deploy
INFO : Deploying of web application directory D:/web/mytomcat/webapps/b has finished in 0 ms
09 14, 2021 16:47:18 下午 com.hou.mytomcat.catalina.Server logJVM
INFO : Server version:		How2J DiyTomcat/1.0.1
09 14, 2021 16:47:18 下午 com.hou.mytomcat.catalina.Server logJVM
INFO : Server built:		2021-09-10 09:00:00
09 14, 2021 16:47:18 下午 com.hou.mytomcat.catalina.Server logJVM
INFO : Server number:		1.0.1
09 14, 2021 16:47:18 下午 com.hou.mytomcat.catalina.Server logJVM
INFO : OS Name	:		Windows 10
09 14, 2021 16:47:18 下午 com.hou.mytomcat.catalina.Server logJVM
INFO : OS Version:		10.0
09 14, 2021 16:47:18 下午 com.hou.mytomcat.catalina.Server logJVM
INFO : Architecture:		amd64
09 14, 2021 16:47:18 下午 com.hou.mytomcat.catalina.Server logJVM
INFO : Java Home:		C:\Users\dell\.jdks\corretto-1.8.0_292\jre
09 14, 2021 16:47:18 下午 com.hou.mytomcat.catalina.Server logJVM
INFO : JVM Version:		1.8.0_292-b10
09 14, 2021 16:47:18 下午 com.hou.mytomcat.catalina.Server logJVM
INFO : JVM Vendor:		Oracle Corporation
09 14, 2021 16:47:18 下午 com.hou.mytomcat.catalina.Connector init
INFO : Initializing ProtocolHandler [http-bio-18080]
09 14, 2021 16:47:18 下午 com.hou.mytomcat.catalina.Connector init
INFO : Initializing ProtocolHandler [http-bio-18081]
09 14, 2021 16:47:18 下午 com.hou.mytomcat.catalina.Connector init
INFO : Initializing ProtocolHandler [http-bio-18082]
09 14, 2021 16:47:18 下午 com.hou.mytomcat.catalina.Service init
INFO : Initialization processed int 0 ms
09 14, 2021 16:47:18 下午 com.hou.mytomcat.catalina.Connector start
INFO : Starting ProtocolHandler [http-bio-18080]
09 14, 2021 16:47:18 下午 com.hou.mytomcat.catalina.Connector start
INFO : Starting ProtocolHandler [http-bio-18081]
09 14, 2021 16:47:18 下午 com.hou.mytomcat.catalina.Connector start
INFO : Starting ProtocolHandler [http-bio-18082]
09 14, 2021 16:47:18 下午 com.hou.mytomcat.catalina.Server start
INFO : Server startup in 16 ms
09 14, 2021 16:56:17 下午 com.hou.mytomcat.catalina.Context deploy
INFO : Deploying web application directory D:\web\mytomcat\webapps\a
09 14, 2021 16:56:17 下午 com.hou.mytomcat.catalina.Context deploy
INFO : Deploying of web application directory D:\web\mytomcat\webapps\a has finished in 151 ms
09 14, 2021 16:56:17 下午 com.hou.mytomcat.catalina.Context deploy
INFO : Deploying web application directory D:\web\mytomcat\webapps\b
09 14, 2021 16:56:17 下午 com.hou.mytomcat.catalina.Context deploy
INFO : Deploying of web application directory D:\web\mytomcat\webapps\b has finished in 1 ms
09 14, 2021 16:56:17 下午 com.hou.mytomcat.catalina.Context deploy
INFO : Deploying web application directory D:\web\mytomcat\webapps\j2ee
09 14, 2021 16:56:17 下午 com.hou.mytomcat.catalina.Context deploy
INFO : Deploying of web application directory D:\web\mytomcat\webapps\j2ee has finished in 5 ms
09 14, 2021 16:56:17 下午 com.hou.mytomcat.catalina.Context deploy
INFO : Deploying web application directory D:\web\mytomcat\webapps\ROOT
09 14, 2021 16:56:17 下午 com.hou.mytomcat.catalina.Context deploy
INFO : Deploying of web application directory D:\web\mytomcat\webapps\ROOT has finished in 0 ms
09 14, 2021 16:56:17 下午 com.hou.mytomcat.catalina.Context deploy
INFO : Deploying web application directory D:/web/mytomcat/webapps/b
09 14, 2021 16:56:17 下午 com.hou.mytomcat.catalina.Context deploy
INFO : Deploying of web application directory D:/web/mytomcat/webapps/b has finished in 1 ms
09 14, 2021 16:56:17 下午 com.hou.mytomcat.catalina.Server logJVM
INFO : Server version:		How2J DiyTomcat/1.0.1
09 14, 2021 16:56:17 下午 com.hou.mytomcat.catalina.Server logJVM
INFO : Server built:		2021-09-10 09:00:00
09 14, 2021 16:56:17 下午 com.hou.mytomcat.catalina.Server logJVM
INFO : Server number:		1.0.1
09 14, 2021 16:56:17 下午 com.hou.mytomcat.catalina.Server logJVM
INFO : OS Name	:		Windows 10
09 14, 2021 16:56:17 下午 com.hou.mytomcat.catalina.Server logJVM
INFO : OS Version:		10.0
09 14, 2021 16:56:17 下午 com.hou.mytomcat.catalina.Server logJVM
INFO : Architecture:		amd64
09 14, 2021 16:56:17 下午 com.hou.mytomcat.catalina.Server logJVM
INFO : Java Home:		C:\Users\dell\.jdks\corretto-1.8.0_292\jre
09 14, 2021 16:56:17 下午 com.hou.mytomcat.catalina.Server logJVM
INFO : JVM Version:		1.8.0_292-b10
09 14, 2021 16:56:17 下午 com.hou.mytomcat.catalina.Server logJVM
INFO : JVM Vendor:		Oracle Corporation
09 14, 2021 16:56:17 下午 com.hou.mytomcat.catalina.Connector init
INFO : Initializing ProtocolHandler [http-bio-18080]
09 14, 2021 16:56:17 下午 com.hou.mytomcat.catalina.Connector init
INFO : Initializing ProtocolHandler [http-bio-18081]
09 14, 2021 16:56:17 下午 com.hou.mytomcat.catalina.Connector init
INFO : Initializing ProtocolHandler [http-bio-18082]
09 14, 2021 16:56:17 下午 com.hou.mytomcat.catalina.Service init
INFO : Initialization processed int 20 ms
09 14, 2021 16:56:17 下午 com.hou.mytomcat.catalina.Connector start
INFO : Starting ProtocolHandler [http-bio-18080]
09 14, 2021 16:56:17 下午 com.hou.mytomcat.catalina.Connector start
INFO : Starting ProtocolHandler [http-bio-18081]
09 14, 2021 16:56:17 下午 com.hou.mytomcat.catalina.Connector start
INFO : Starting ProtocolHandler [http-bio-18082]
09 14, 2021 16:56:17 下午 com.hou.mytomcat.catalina.Server start
INFO : Server startup in 52 ms
09 14, 2021 16:58:38 下午 com.hou.mytomcat.catalina.Context deploy
INFO : Deploying web application directory D:\web\mytomcat\webapps\a
09 14, 2021 16:58:38 下午 com.hou.mytomcat.catalina.Context deploy
INFO : Deploying of web application directory D:\web\mytomcat\webapps\a has finished in 188 ms
09 14, 2021 16:58:38 下午 com.hou.mytomcat.catalina.Context deploy
INFO : Deploying web application directory D:\web\mytomcat\webapps\b
09 14, 2021 16:58:38 下午 com.hou.mytomcat.catalina.Context deploy
INFO : Deploying of web application directory D:\web\mytomcat\webapps\b has finished in 1 ms
09 14, 2021 16:58:38 下午 com.hou.mytomcat.catalina.Context deploy
INFO : Deploying web application directory D:\web\mytomcat\webapps\j2ee
09 14, 2021 16:58:38 下午 com.hou.mytomcat.catalina.Context deploy
INFO : Deploying of web application directory D:\web\mytomcat\webapps\j2ee has finished in 4 ms
09 14, 2021 16:58:38 下午 com.hou.mytomcat.catalina.Context deploy
INFO : Deploying web application directory D:\web\mytomcat\webapps\ROOT
09 14, 2021 16:58:38 下午 com.hou.mytomcat.catalina.Context deploy
INFO : Deploying of web application directory D:\web\mytomcat\webapps\ROOT has finished in 1 ms
09 14, 2021 16:58:38 下午 com.hou.mytomcat.catalina.Context deploy
INFO : Deploying web application directory D:/web/mytomcat/webapps/b
09 14, 2021 16:58:38 下午 com.hou.mytomcat.catalina.Context deploy
INFO : Deploying of web application directory D:/web/mytomcat/webapps/b has finished in 1 ms
09 14, 2021 16:58:38 下午 com.hou.mytomcat.catalina.Server logJVM
INFO : Server version:		How2J DiyTomcat/1.0.1
09 14, 2021 16:58:38 下午 com.hou.mytomcat.catalina.Server logJVM
INFO : Server built:		2021-09-10 09:00:00
09 14, 2021 16:58:38 下午 com.hou.mytomcat.catalina.Server logJVM
INFO : Server number:		1.0.1
09 14, 2021 16:58:38 下午 com.hou.mytomcat.catalina.Server logJVM
INFO : OS Name	:		Windows 10
09 14, 2021 16:58:38 下午 com.hou.mytomcat.catalina.Server logJVM
INFO : OS Version:		10.0
09 14, 2021 16:58:38 下午 com.hou.mytomcat.catalina.Server logJVM
INFO : Architecture:		amd64
09 14, 2021 16:58:38 下午 com.hou.mytomcat.catalina.Server logJVM
INFO : Java Home:		C:\Users\dell\.jdks\corretto-1.8.0_292\jre
09 14, 2021 16:58:38 下午 com.hou.mytomcat.catalina.Server logJVM
INFO : JVM Version:		1.8.0_292-b10
09 14, 2021 16:58:38 下午 com.hou.mytomcat.catalina.Server logJVM
INFO : JVM Vendor:		Oracle Corporation
09 14, 2021 16:58:38 下午 com.hou.mytomcat.catalina.Connector init
INFO : Initializing ProtocolHandler [http-bio-18080]
09 14, 2021 16:58:38 下午 com.hou.mytomcat.catalina.Connector init
INFO : Initializing ProtocolHandler [http-bio-18081]
09 14, 2021 16:58:38 下午 com.hou.mytomcat.catalina.Connector init
INFO : Initializing ProtocolHandler [http-bio-18082]
09 14, 2021 16:58:38 下午 com.hou.mytomcat.catalina.Service init
INFO : Initialization processed int 4 ms
09 14, 2021 16:58:38 下午 com.hou.mytomcat.catalina.Connector start
INFO : Starting ProtocolHandler [http-bio-18080]
09 14, 2021 16:58:38 下午 com.hou.mytomcat.catalina.Connector start
INFO : Starting ProtocolHandler [http-bio-18081]
09 14, 2021 16:58:38 下午 com.hou.mytomcat.catalina.Connector start
INFO : Starting ProtocolHandler [http-bio-18082]
09 14, 2021 16:58:38 下午 com.hou.mytomcat.catalina.Server start
INFO : Server startup in 63 ms
09 14, 2021 16:59:06 下午 com.hou.mytomcat.catalina.Context deploy
INFO : Deploying web application directory D:\web\mytomcat\webapps\a
09 14, 2021 16:59:06 下午 com.hou.mytomcat.catalina.Context deploy
INFO : Deploying of web application directory D:\web\mytomcat\webapps\a has finished in 161 ms
09 14, 2021 16:59:06 下午 com.hou.mytomcat.catalina.Context deploy
INFO : Deploying web application directory D:\web\mytomcat\webapps\b
09 14, 2021 16:59:06 下午 com.hou.mytomcat.catalina.Context deploy
INFO : Deploying of web application directory D:\web\mytomcat\webapps\b has finished in 1 ms
09 14, 2021 16:59:06 下午 com.hou.mytomcat.catalina.Context deploy
INFO : Deploying web application directory D:\web\mytomcat\webapps\j2ee
09 14, 2021 16:59:06 下午 com.hou.mytomcat.catalina.Context deploy
INFO : Deploying of web application directory D:\web\mytomcat\webapps\j2ee has finished in 5 ms
09 14, 2021 16:59:06 下午 com.hou.mytomcat.catalina.Context deploy
INFO : Deploying web application directory D:\web\mytomcat\webapps\ROOT
09 14, 2021 16:59:06 下午 com.hou.mytomcat.catalina.Context deploy
INFO : Deploying of web application directory D:\web\mytomcat\webapps\ROOT has finished in 1 ms
09 14, 2021 16:59:06 下午 com.hou.mytomcat.catalina.Context deploy
INFO : Deploying web application directory D:/web/mytomcat/webapps/b
09 14, 2021 16:59:06 下午 com.hou.mytomcat.catalina.Context deploy
INFO : Deploying of web application directory D:/web/mytomcat/webapps/b has finished in 1 ms
09 14, 2021 16:59:06 下午 com.hou.mytomcat.catalina.Server logJVM
INFO : Server version:		How2J DiyTomcat/1.0.1
09 14, 2021 16:59:06 下午 com.hou.mytomcat.catalina.Server logJVM
INFO : Server built:		2021-09-10 09:00:00
09 14, 2021 16:59:06 下午 com.hou.mytomcat.catalina.Server logJVM
INFO : Server number:		1.0.1
09 14, 2021 16:59:06 下午 com.hou.mytomcat.catalina.Server logJVM
INFO : OS Name	:		Windows 10
09 14, 2021 16:59:06 下午 com.hou.mytomcat.catalina.Server logJVM
INFO : OS Version:		10.0
09 14, 2021 16:59:06 下午 com.hou.mytomcat.catalina.Server logJVM
INFO : Architecture:		amd64
09 14, 2021 16:59:06 下午 com.hou.mytomcat.catalina.Server logJVM
INFO : Java Home:		C:\Users\dell\.jdks\corretto-1.8.0_292\jre
09 14, 2021 16:59:06 下午 com.hou.mytomcat.catalina.Server logJVM
INFO : JVM Version:		1.8.0_292-b10
09 14, 2021 16:59:06 下午 com.hou.mytomcat.catalina.Server logJVM
INFO : JVM Vendor:		Oracle Corporation
09 14, 2021 16:59:06 下午 com.hou.mytomcat.catalina.Connector init
INFO : Initializing ProtocolHandler [http-bio-18080]
09 14, 2021 16:59:06 下午 com.hou.mytomcat.catalina.Connector init
INFO : Initializing ProtocolHandler [http-bio-18081]
09 14, 2021 16:59:06 下午 com.hou.mytomcat.catalina.Connector init
INFO : Initializing ProtocolHandler [http-bio-18082]
09 14, 2021 16:59:06 下午 com.hou.mytomcat.catalina.Service init
INFO : Initialization processed int 1 ms
09 14, 2021 16:59:06 下午 com.hou.mytomcat.catalina.Connector start
INFO : Starting ProtocolHandler [http-bio-18080]
09 14, 2021 16:59:06 下午 com.hou.mytomcat.catalina.Connector start
INFO : Starting ProtocolHandler [http-bio-18081]
09 14, 2021 16:59:06 下午 com.hou.mytomcat.catalina.Connector start
INFO : Starting ProtocolHandler [http-bio-18082]
09 14, 2021 16:59:06 下午 com.hou.mytomcat.catalina.Server start
INFO : Server startup in 27 ms
09 14, 2021 21:11:40 下午 com.hou.mytomcat.catalina.Context deploy
INFO : Deploying web application directory D:\web\mytomcat\webapps\a
09 14, 2021 21:11:40 下午 com.hou.mytomcat.catalina.Context deploy
INFO : Deploying of web application directory D:\web\mytomcat\webapps\a has finished in 295 ms
09 14, 2021 21:11:40 下午 com.hou.mytomcat.catalina.Context deploy
INFO : Deploying web application directory D:\web\mytomcat\webapps\b
09 14, 2021 21:11:40 下午 com.hou.mytomcat.catalina.Context deploy
INFO : Deploying of web application directory D:\web\mytomcat\webapps\b has finished in 1 ms
09 14, 2021 21:11:40 下午 com.hou.mytomcat.catalina.Context deploy
INFO : Deploying web application directory D:\web\mytomcat\webapps\j2ee
09 14, 2021 21:11:40 下午 com.hou.mytomcat.catalina.Context deploy
INFO : Deploying of web application directory D:\web\mytomcat\webapps\j2ee has finished in 11 ms
09 14, 2021 21:11:40 下午 com.hou.mytomcat.catalina.Context deploy
INFO : Deploying web application directory D:\web\mytomcat\webapps\ROOT
09 14, 2021 21:11:40 下午 com.hou.mytomcat.catalina.Context deploy
INFO : Deploying of web application directory D:\web\mytomcat\webapps\ROOT has finished in 1 ms
09 14, 2021 21:11:40 下午 com.hou.mytomcat.catalina.Context deploy
INFO : Deploying web application directory D:/web/mytomcat/webapps/b
09 14, 2021 21:11:40 下午 com.hou.mytomcat.catalina.Context deploy
INFO : Deploying of web application directory D:/web/mytomcat/webapps/b has finished in 14 ms
09 14, 2021 21:11:40 下午 com.hou.mytomcat.catalina.Server logJVM
INFO : Server version:		How2J DiyTomcat/1.0.1
09 14, 2021 21:11:40 下午 com.hou.mytomcat.catalina.Server logJVM
INFO : Server built:		2021-09-10 09:00:00
09 14, 2021 21:11:40 下午 com.hou.mytomcat.catalina.Server logJVM
INFO : Server number:		1.0.1
09 14, 2021 21:11:40 下午 com.hou.mytomcat.catalina.Server logJVM
INFO : OS Name	:		Windows 10
09 14, 2021 21:11:40 下午 com.hou.mytomcat.catalina.Server logJVM
INFO : OS Version:		10.0
09 14, 2021 21:11:40 下午 com.hou.mytomcat.catalina.Server logJVM
INFO : Architecture:		amd64
09 14, 2021 21:11:40 下午 com.hou.mytomcat.catalina.Server logJVM
INFO : Java Home:		C:\Users\dell\.jdks\corretto-1.8.0_292\jre
09 14, 2021 21:11:40 下午 com.hou.mytomcat.catalina.Server logJVM
INFO : JVM Version:		1.8.0_292-b10
09 14, 2021 21:11:40 下午 com.hou.mytomcat.catalina.Server logJVM
INFO : JVM Vendor:		Oracle Corporation
09 14, 2021 21:11:40 下午 com.hou.mytomcat.catalina.Connector init
INFO : Initializing ProtocolHandler [http-bio-18080]
09 14, 2021 21:11:40 下午 com.hou.mytomcat.catalina.Connector init
INFO : Initializing ProtocolHandler [http-bio-18081]
09 14, 2021 21:11:40 下午 com.hou.mytomcat.catalina.Connector init
INFO : Initializing ProtocolHandler [http-bio-18082]
09 14, 2021 21:11:40 下午 com.hou.mytomcat.catalina.Service init
INFO : Initialization processed int 1 ms
09 14, 2021 21:11:40 下午 com.hou.mytomcat.catalina.Connector start
INFO : Starting ProtocolHandler [http-bio-18080]
09 14, 2021 21:11:40 下午 com.hou.mytomcat.catalina.Connector start
INFO : Starting ProtocolHandler [http-bio-18081]
09 14, 2021 21:11:40 下午 com.hou.mytomcat.catalina.Connector start
INFO : Starting ProtocolHandler [http-bio-18082]
09 14, 2021 21:11:40 下午 com.hou.mytomcat.catalina.Server start
INFO : Server startup in 61 ms
09 14, 2021 21:38:19 下午 com.hou.mytomcat.catalina.Context deploy
INFO : Deploying web application directory D:\web\mytomcat\webapps\a
09 14, 2021 21:38:19 下午 com.hou.mytomcat.catalina.Context deploy
INFO : Deploying of web application directory D:\web\mytomcat\webapps\a has finished in 203 ms
09 14, 2021 21:38:19 下午 com.hou.mytomcat.catalina.Context deploy
INFO : Deploying web application directory D:\web\mytomcat\webapps\b
09 14, 2021 21:38:19 下午 com.hou.mytomcat.catalina.Context deploy
INFO : Deploying of web application directory D:\web\mytomcat\webapps\b has finished in 1 ms
09 14, 2021 21:38:19 下午 com.hou.mytomcat.catalina.Context deploy
INFO : Deploying web application directory D:\web\mytomcat\webapps\j2ee
09 14, 2021 21:38:19 下午 com.hou.mytomcat.catalina.Context deploy
INFO : Deploying of web application directory D:\web\mytomcat\webapps\j2ee has finished in 4 ms
09 14, 2021 21:38:19 下午 com.hou.mytomcat.catalina.Context deploy
INFO : Deploying web application directory D:\web\mytomcat\webapps\ROOT
09 14, 2021 21:38:19 下午 com.hou.mytomcat.catalina.Context deploy
INFO : Deploying of web application directory D:\web\mytomcat\webapps\ROOT has finished in 1 ms
09 14, 2021 21:38:19 下午 com.hou.mytomcat.catalina.Context deploy
INFO : Deploying web application directory D:/web/mytomcat/webapps/b
09 14, 2021 21:38:19 下午 com.hou.mytomcat.catalina.Context deploy
INFO : Deploying of web application directory D:/web/mytomcat/webapps/b has finished in 0 ms
09 14, 2021 21:38:19 下午 com.hou.mytomcat.catalina.Server logJVM
INFO : Server version:		How2J DiyTomcat/1.0.1
09 14, 2021 21:38:19 下午 com.hou.mytomcat.catalina.Server logJVM
INFO : Server built:		2021-09-10 09:00:00
09 14, 2021 21:38:19 下午 com.hou.mytomcat.catalina.Server logJVM
INFO : Server number:		1.0.1
09 14, 2021 21:38:19 下午 com.hou.mytomcat.catalina.Server logJVM
INFO : OS Name	:		Windows 10
09 14, 2021 21:38:19 下午 com.hou.mytomcat.catalina.Server logJVM
INFO : OS Version:		10.0
09 14, 2021 21:38:19 下午 com.hou.mytomcat.catalina.Server logJVM
INFO : Architecture:		amd64
09 14, 2021 21:38:19 下午 com.hou.mytomcat.catalina.Server logJVM
INFO : Java Home:		C:\Users\dell\.jdks\corretto-1.8.0_292\jre
09 14, 2021 21:38:19 下午 com.hou.mytomcat.catalina.Server logJVM
INFO : JVM Version:		1.8.0_292-b10
09 14, 2021 21:38:19 下午 com.hou.mytomcat.catalina.Server logJVM
INFO : JVM Vendor:		Oracle Corporation
09 14, 2021 21:38:19 下午 com.hou.mytomcat.catalina.Connector init
INFO : Initializing ProtocolHandler [http-bio-18080]
09 14, 2021 21:38:19 下午 com.hou.mytomcat.catalina.Connector init
INFO : Initializing ProtocolHandler [http-bio-18081]
09 14, 2021 21:38:19 下午 com.hou.mytomcat.catalina.Connector init
INFO : Initializing ProtocolHandler [http-bio-18082]
09 14, 2021 21:38:19 下午 com.hou.mytomcat.catalina.Service init
INFO : Initialization processed int 1 ms
09 14, 2021 21:38:19 下午 com.hou.mytomcat.catalina.Connector start
INFO : Starting ProtocolHandler [http-bio-18080]
09 14, 2021 21:38:19 下午 com.hou.mytomcat.catalina.Connector start
INFO : Starting ProtocolHandler [http-bio-18081]
09 14, 2021 21:38:19 下午 com.hou.mytomcat.catalina.Connector start
INFO : Starting ProtocolHandler [http-bio-18082]
09 14, 2021 21:38:19 下午 com.hou.mytomcat.catalina.Server start
INFO : Server startup in 15 ms
09 14, 2021 21:43:17 下午 com.hou.mytomcat.catalina.Context deploy
INFO : Deploying web application directory D:\web\mytomcat\webapps\a
09 14, 2021 21:43:17 下午 com.hou.mytomcat.catalina.Context deploy
INFO : Deploying of web application directory D:\web\mytomcat\webapps\a has finished in 169 ms
09 14, 2021 21:43:17 下午 com.hou.mytomcat.catalina.Context deploy
INFO : Deploying web application directory D:\web\mytomcat\webapps\b
09 14, 2021 21:43:17 下午 com.hou.mytomcat.catalina.Context deploy
INFO : Deploying of web application directory D:\web\mytomcat\webapps\b has finished in 0 ms
09 14, 2021 21:43:17 下午 com.hou.mytomcat.catalina.Context deploy
INFO : Deploying web application directory D:\web\mytomcat\webapps\j2ee
09 14, 2021 21:43:17 下午 com.hou.mytomcat.catalina.Context deploy
INFO : Deploying of web application directory D:\web\mytomcat\webapps\j2ee has finished in 6 ms
09 14, 2021 21:43:17 下午 com.hou.mytomcat.catalina.Context deploy
INFO : Deploying web application directory D:\web\mytomcat\webapps\ROOT
09 14, 2021 21:43:17 下午 com.hou.mytomcat.catalina.Context deploy
INFO : Deploying of web application directory D:\web\mytomcat\webapps\ROOT has finished in 0 ms
09 14, 2021 21:43:17 下午 com.hou.mytomcat.catalina.Context deploy
INFO : Deploying web application directory D:/web/mytomcat/webapps/b
09 14, 2021 21:43:17 下午 com.hou.mytomcat.catalina.Context deploy
INFO : Deploying of web application directory D:/web/mytomcat/webapps/b has finished in 1 ms
09 14, 2021 21:43:18 下午 com.hou.mytomcat.catalina.Server logJVM
INFO : Server version:		How2J DiyTomcat/1.0.1
09 14, 2021 21:43:18 下午 com.hou.mytomcat.catalina.Server logJVM
INFO : Server built:		2021-09-10 09:00:00
09 14, 2021 21:43:18 下午 com.hou.mytomcat.catalina.Server logJVM
INFO : Server number:		1.0.1
09 14, 2021 21:43:18 下午 com.hou.mytomcat.catalina.Server logJVM
INFO : OS Name	:		Windows 10
09 14, 2021 21:43:18 下午 com.hou.mytomcat.catalina.Server logJVM
INFO : OS Version:		10.0
09 14, 2021 21:43:18 下午 com.hou.mytomcat.catalina.Server logJVM
INFO : Architecture:		amd64
09 14, 2021 21:43:18 下午 com.hou.mytomcat.catalina.Server logJVM
INFO : Java Home:		C:\Users\dell\.jdks\corretto-1.8.0_292\jre
09 14, 2021 21:43:18 下午 com.hou.mytomcat.catalina.Server logJVM
INFO : JVM Version:		1.8.0_292-b10
09 14, 2021 21:43:18 下午 com.hou.mytomcat.catalina.Server logJVM
INFO : JVM Vendor:		Oracle Corporation
09 14, 2021 21:43:18 下午 com.hou.mytomcat.catalina.Connector init
INFO : Initializing ProtocolHandler [http-bio-18080]
09 14, 2021 21:43:18 下午 com.hou.mytomcat.catalina.Connector init
INFO : Initializing ProtocolHandler [http-bio-18081]
09 14, 2021 21:43:18 下午 com.hou.mytomcat.catalina.Connector init
INFO : Initializing ProtocolHandler [http-bio-18082]
09 14, 2021 21:43:18 下午 com.hou.mytomcat.catalina.Service init
INFO : Initialization processed int 3 ms
09 14, 2021 21:43:18 下午 com.hou.mytomcat.catalina.Connector start
INFO : Starting ProtocolHandler [http-bio-18080]
09 14, 2021 21:43:18 下午 com.hou.mytomcat.catalina.Connector start
INFO : Starting ProtocolHandler [http-bio-18081]
09 14, 2021 21:43:18 下午 com.hou.mytomcat.catalina.Connector start
INFO : Starting ProtocolHandler [http-bio-18082]
09 14, 2021 21:43:18 下午 com.hou.mytomcat.catalina.Server start
INFO : Server startup in 27 ms
09 14, 2021 21:51:10 下午 com.hou.mytomcat.catalina.Context deploy
INFO : Deploying web application directory D:\web\mytomcat\webapps\a
09 14, 2021 21:51:10 下午 com.hou.mytomcat.catalina.Context deploy
INFO : Deploying of web application directory D:\web\mytomcat\webapps\a has finished in 141 ms
09 14, 2021 21:51:10 下午 com.hou.mytomcat.catalina.Context deploy
INFO : Deploying web application directory D:\web\mytomcat\webapps\b
09 14, 2021 21:51:10 下午 com.hou.mytomcat.catalina.Context deploy
INFO : Deploying of web application directory D:\web\mytomcat\webapps\b has finished in 0 ms
09 14, 2021 21:51:10 下午 com.hou.mytomcat.catalina.Context deploy
INFO : Deploying web application directory D:\web\mytomcat\webapps\j2ee
09 14, 2021 21:51:10 下午 com.hou.mytomcat.catalina.Context deploy
INFO : Deploying of web application directory D:\web\mytomcat\webapps\j2ee has finished in 4 ms
09 14, 2021 21:51:10 下午 com.hou.mytomcat.catalina.Context deploy
INFO : Deploying web application directory D:\web\mytomcat\webapps\ROOT
09 14, 2021 21:51:10 下午 com.hou.mytomcat.catalina.Context deploy
INFO : Deploying of web application directory D:\web\mytomcat\webapps\ROOT has finished in 1 ms
09 14, 2021 21:51:10 下午 com.hou.mytomcat.catalina.Context deploy
INFO : Deploying web application directory D:/web/mytomcat/webapps/b
09 14, 2021 21:51:10 下午 com.hou.mytomcat.catalina.Context deploy
INFO : Deploying of web application directory D:/web/mytomcat/webapps/b has finished in 1 ms
09 14, 2021 21:51:10 下午 com.hou.mytomcat.catalina.Server logJVM
INFO : Server version:		How2J DiyTomcat/1.0.1
09 14, 2021 21:51:10 下午 com.hou.mytomcat.catalina.Server logJVM
INFO : Server built:		2021-09-10 09:00:00
09 14, 2021 21:51:10 下午 com.hou.mytomcat.catalina.Server logJVM
INFO : Server number:		1.0.1
09 14, 2021 21:51:10 下午 com.hou.mytomcat.catalina.Server logJVM
INFO : OS Name	:		Windows 10
09 14, 2021 21:51:10 下午 com.hou.mytomcat.catalina.Server logJVM
INFO : OS Version:		10.0
09 14, 2021 21:51:10 下午 com.hou.mytomcat.catalina.Server logJVM
INFO : Architecture:		amd64
09 14, 2021 21:51:10 下午 com.hou.mytomcat.catalina.Server logJVM
INFO : Java Home:		C:\Users\dell\.jdks\corretto-1.8.0_292\jre
09 14, 2021 21:51:10 下午 com.hou.mytomcat.catalina.Server logJVM
INFO : JVM Version:		1.8.0_292-b10
09 14, 2021 21:51:10 下午 com.hou.mytomcat.catalina.Server logJVM
INFO : JVM Vendor:		Oracle Corporation
09 14, 2021 21:51:10 下午 com.hou.mytomcat.catalina.Connector init
INFO : Initializing ProtocolHandler [http-bio-18080]
09 14, 2021 21:51:10 下午 com.hou.mytomcat.catalina.Connector init
INFO : Initializing ProtocolHandler [http-bio-18081]
09 14, 2021 21:51:10 下午 com.hou.mytomcat.catalina.Connector init
INFO : Initializing ProtocolHandler [http-bio-18082]
09 14, 2021 21:51:10 下午 com.hou.mytomcat.catalina.Service init
INFO : Initialization processed int 2 ms
09 14, 2021 21:51:10 下午 com.hou.mytomcat.catalina.Connector start
INFO : Starting ProtocolHandler [http-bio-18080]
09 14, 2021 21:51:10 下午 com.hou.mytomcat.catalina.Connector start
INFO : Starting ProtocolHandler [http-bio-18081]
09 14, 2021 21:51:10 下午 com.hou.mytomcat.catalina.Connector start
INFO : Starting ProtocolHandler [http-bio-18082]
09 14, 2021 21:51:10 下午 com.hou.mytomcat.catalina.Server start
INFO : Server startup in 38 ms
