09 29, 2021 15:28:02 下午 com.hou.mytomcat.catalina.Context deploy
INFO : Deploying web application directory D:\web\mytomcat\webapps\a
09 29, 2021 15:28:02 下午 com.hou.mytomcat.catalina.Context deploy
INFO : Deploying of web application directory D:\web\mytomcat\webapps\a has finished in 282 ms
09 29, 2021 15:28:02 下午 com.hou.mytomcat.catalina.Context deploy
INFO : Deploying web application directory D:\web\mytomcat\webapps\b
09 29, 2021 15:28:02 下午 com.hou.mytomcat.catalina.Context deploy
INFO : Deploying of web application directory D:\web\mytomcat\webapps\b has finished in 0 ms
09 29, 2021 15:28:02 下午 com.hou.mytomcat.catalina.Context deploy
INFO : Deploying web application directory D:\web\mytomcat\webapps\j2ee
09 29, 2021 15:28:02 下午 com.hou.mytomcat.catalina.Context deploy
INFO : Deploying of web application directory D:\web\mytomcat\webapps\j2ee has finished in 11 ms
09 29, 2021 15:28:02 下午 com.hou.mytomcat.catalina.Context deploy
INFO : Deploying web application directory D:\web\mytomcat\webapps\ROOT
09 29, 2021 15:28:02 下午 com.hou.mytomcat.catalina.Context deploy
INFO : Deploying of web application directory D:\web\mytomcat\webapps\ROOT has finished in 0 ms
09 29, 2021 15:28:02 下午 com.hou.mytomcat.catalina.Context deploy
INFO : Deploying web application directory D:/web/mytomcat/webapps/b
09 29, 2021 15:28:02 下午 com.hou.mytomcat.catalina.Context deploy
INFO : Deploying of web application directory D:/web/mytomcat/webapps/b has finished in 0 ms
09 29, 2021 15:28:02 下午 com.hou.mytomcat.catalina.Context deploy
INFO : Deploying web application directory D:/web/javaweb/web
09 29, 2021 15:28:03 下午 com.hou.mytomcat.catalina.Context deploy
INFO : Deploying of web application directory D:/web/javaweb/web has finished in 281 ms
09 29, 2021 15:28:03 下午 com.hou.mytomcat.catalina.Server logJVM
INFO : Server version:		How2J DiyTomcat/1.0.1
09 29, 2021 15:28:03 下午 com.hou.mytomcat.catalina.Server logJVM
INFO : Server built:		2021-09-10 09:00:00
09 29, 2021 15:28:03 下午 com.hou.mytomcat.catalina.Server logJVM
INFO : Server number:		1.0.1
09 29, 2021 15:28:03 下午 com.hou.mytomcat.catalina.Server logJVM
INFO : OS Name	:		Windows 10
09 29, 2021 15:28:03 下午 com.hou.mytomcat.catalina.Server logJVM
INFO : OS Version:		10.0
09 29, 2021 15:28:03 下午 com.hou.mytomcat.catalina.Server logJVM
INFO : Architecture:		amd64
09 29, 2021 15:28:03 下午 com.hou.mytomcat.catalina.Server logJVM
INFO : Java Home:		C:\Users\dell\.jdks\corretto-1.8.0_292\jre
09 29, 2021 15:28:03 下午 com.hou.mytomcat.catalina.Server logJVM
INFO : JVM Version:		1.8.0_292-b10
09 29, 2021 15:28:03 下午 com.hou.mytomcat.catalina.Server logJVM
INFO : JVM Vendor:		Oracle Corporation
09 29, 2021 15:28:03 下午 com.hou.mytomcat.catalina.Connector init
INFO : Initializing ProtocolHandler [http-bio-18080]
09 29, 2021 15:28:03 下午 com.hou.mytomcat.catalina.Connector init
INFO : Initializing ProtocolHandler [http-bio-18081]
09 29, 2021 15:28:03 下午 com.hou.mytomcat.catalina.Connector init
INFO : Initializing ProtocolHandler [http-bio-18082]
09 29, 2021 15:28:03 下午 com.hou.mytomcat.catalina.Service init
INFO : Initialization processed int 11 ms
09 29, 2021 15:28:03 下午 com.hou.mytomcat.catalina.Connector start
INFO : Starting ProtocolHandler [http-bio-18080]
09 29, 2021 15:28:03 下午 com.hou.mytomcat.catalina.Connector start
INFO : Starting ProtocolHandler [http-bio-18081]
09 29, 2021 15:28:03 下午 com.hou.mytomcat.catalina.Connector start
INFO : Starting ProtocolHandler [http-bio-18082]
09 29, 2021 15:28:03 下午 com.hou.mytomcat.catalina.Server start
INFO : Server startup in 41 ms
09 29, 2021 15:29:44 下午 com.hou.mytomcat.catalina.Context deploy
INFO : Deploying web application directory D:\web\mytomcat\webapps\a
09 29, 2021 15:29:44 下午 com.hou.mytomcat.catalina.Context deploy
INFO : Deploying of web application directory D:\web\mytomcat\webapps\a has finished in 154 ms
09 29, 2021 15:29:44 下午 com.hou.mytomcat.catalina.Context deploy
INFO : Deploying web application directory D:\web\mytomcat\webapps\b
09 29, 2021 15:29:44 下午 com.hou.mytomcat.catalina.Context deploy
INFO : Deploying of web application directory D:\web\mytomcat\webapps\b has finished in 0 ms
09 29, 2021 15:29:44 下午 com.hou.mytomcat.catalina.Context deploy
INFO : Deploying web application directory D:\web\mytomcat\webapps\j2ee
09 29, 2021 15:29:44 下午 com.hou.mytomcat.catalina.Context deploy
INFO : Deploying of web application directory D:\web\mytomcat\webapps\j2ee has finished in 0 ms
09 29, 2021 15:29:44 下午 com.hou.mytomcat.catalina.Context deploy
INFO : Deploying web application directory D:\web\mytomcat\webapps\ROOT
09 29, 2021 15:29:44 下午 com.hou.mytomcat.catalina.Context deploy
INFO : Deploying of web application directory D:\web\mytomcat\webapps\ROOT has finished in 0 ms
09 29, 2021 15:29:45 下午 com.hou.mytomcat.catalina.Context deploy
INFO : Deploying web application directory D:/web/mytomcat/webapps/b
09 29, 2021 15:29:45 下午 com.hou.mytomcat.catalina.Context deploy
INFO : Deploying of web application directory D:/web/mytomcat/webapps/b has finished in 0 ms
09 29, 2021 15:29:45 下午 com.hou.mytomcat.catalina.Context deploy
INFO : Deploying web application directory D:/web/javaweb/web
09 29, 2021 15:29:45 下午 com.hou.mytomcat.catalina.Context deploy
INFO : Deploying of web application directory D:/web/javaweb/web has finished in 31 ms
09 29, 2021 15:29:45 下午 com.hou.mytomcat.catalina.Server logJVM
INFO : Server version:		How2J DiyTomcat/1.0.1
09 29, 2021 15:29:45 下午 com.hou.mytomcat.catalina.Server logJVM
INFO : Server built:		2021-09-10 09:00:00
09 29, 2021 15:29:45 下午 com.hou.mytomcat.catalina.Server logJVM
INFO : Server number:		1.0.1
09 29, 2021 15:29:45 下午 com.hou.mytomcat.catalina.Server logJVM
INFO : OS Name	:		Windows 10
09 29, 2021 15:29:45 下午 com.hou.mytomcat.catalina.Server logJVM
INFO : OS Version:		10.0
09 29, 2021 15:29:45 下午 com.hou.mytomcat.catalina.Server logJVM
INFO : Architecture:		amd64
09 29, 2021 15:29:45 下午 com.hou.mytomcat.catalina.Server logJVM
INFO : Java Home:		C:\Users\dell\.jdks\corretto-1.8.0_292\jre
09 29, 2021 15:29:45 下午 com.hou.mytomcat.catalina.Server logJVM
INFO : JVM Version:		1.8.0_292-b10
09 29, 2021 15:29:45 下午 com.hou.mytomcat.catalina.Server logJVM
INFO : JVM Vendor:		Oracle Corporation
09 29, 2021 15:29:45 下午 com.hou.mytomcat.catalina.Connector init
INFO : Initializing ProtocolHandler [http-bio-18080]
09 29, 2021 15:29:45 下午 com.hou.mytomcat.catalina.Connector init
INFO : Initializing ProtocolHandler [http-bio-18081]
09 29, 2021 15:29:45 下午 com.hou.mytomcat.catalina.Connector init
INFO : Initializing ProtocolHandler [http-bio-18082]
09 29, 2021 15:29:45 下午 com.hou.mytomcat.catalina.Service init
INFO : Initialization processed int 7 ms
09 29, 2021 15:29:45 下午 com.hou.mytomcat.catalina.Connector start
INFO : Starting ProtocolHandler [http-bio-18080]
09 29, 2021 15:29:45 下午 com.hou.mytomcat.catalina.Connector start
INFO : Starting ProtocolHandler [http-bio-18081]
09 29, 2021 15:29:45 下午 com.hou.mytomcat.catalina.Connector start
INFO : Starting ProtocolHandler [http-bio-18082]
09 29, 2021 15:29:45 下午 com.hou.mytomcat.catalina.Server start
INFO : Server startup in 22 ms
09 29, 2021 15:30:04 下午 com.hou.mytomcat.catalina.Context deploy
INFO : Deploying web application directory D:\web\mytomcat\webapps\a
09 29, 2021 15:30:04 下午 com.hou.mytomcat.catalina.Context deploy
INFO : Deploying of web application directory D:\web\mytomcat\webapps\a has finished in 185 ms
09 29, 2021 15:30:04 下午 com.hou.mytomcat.catalina.Context deploy
INFO : Deploying web application directory D:\web\mytomcat\webapps\b
09 29, 2021 15:30:04 下午 com.hou.mytomcat.catalina.Context deploy
INFO : Deploying of web application directory D:\web\mytomcat\webapps\b has finished in 0 ms
09 29, 2021 15:30:04 下午 com.hou.mytomcat.catalina.Context deploy
INFO : Deploying web application directory D:\web\mytomcat\webapps\j2ee
09 29, 2021 15:30:04 下午 com.hou.mytomcat.catalina.Context deploy
INFO : Deploying of web application directory D:\web\mytomcat\webapps\j2ee has finished in 10 ms
09 29, 2021 15:30:04 下午 com.hou.mytomcat.catalina.Context deploy
INFO : Deploying web application directory D:\web\mytomcat\webapps\ROOT
09 29, 2021 15:30:04 下午 com.hou.mytomcat.catalina.Context deploy
INFO : Deploying of web application directory D:\web\mytomcat\webapps\ROOT has finished in 0 ms
09 29, 2021 15:30:04 下午 com.hou.mytomcat.catalina.Context deploy
INFO : Deploying web application directory D:/web/mytomcat/webapps/b
09 29, 2021 15:30:04 下午 com.hou.mytomcat.catalina.Context deploy
INFO : Deploying of web application directory D:/web/mytomcat/webapps/b has finished in 0 ms
09 29, 2021 15:30:04 下午 com.hou.mytomcat.catalina.Context deploy
INFO : Deploying web application directory D:/web/javaweb/web
09 29, 2021 15:30:04 下午 com.hou.mytomcat.catalina.Context deploy
INFO : Deploying of web application directory D:/web/javaweb/web has finished in 43 ms
09 29, 2021 15:30:04 下午 com.hou.mytomcat.catalina.Server logJVM
INFO : Server version:		How2J DiyTomcat/1.0.1
09 29, 2021 15:30:04 下午 com.hou.mytomcat.catalina.Server logJVM
INFO : Server built:		2021-09-10 09:00:00
09 29, 2021 15:30:04 下午 com.hou.mytomcat.catalina.Server logJVM
INFO : Server number:		1.0.1
09 29, 2021 15:30:04 下午 com.hou.mytomcat.catalina.Server logJVM
INFO : OS Name	:		Windows 10
09 29, 2021 15:30:04 下午 com.hou.mytomcat.catalina.Server logJVM
INFO : OS Version:		10.0
09 29, 2021 15:30:04 下午 com.hou.mytomcat.catalina.Server logJVM
INFO : Architecture:		amd64
09 29, 2021 15:30:04 下午 com.hou.mytomcat.catalina.Server logJVM
INFO : Java Home:		C:\Users\dell\.jdks\corretto-1.8.0_292\jre
09 29, 2021 15:30:04 下午 com.hou.mytomcat.catalina.Server logJVM
INFO : JVM Version:		1.8.0_292-b10
09 29, 2021 15:30:04 下午 com.hou.mytomcat.catalina.Server logJVM
INFO : JVM Vendor:		Oracle Corporation
09 29, 2021 15:30:04 下午 com.hou.mytomcat.catalina.Connector init
INFO : Initializing ProtocolHandler [http-bio-18080]
09 29, 2021 15:30:04 下午 com.hou.mytomcat.catalina.Connector init
INFO : Initializing ProtocolHandler [http-bio-18081]
09 29, 2021 15:30:04 下午 com.hou.mytomcat.catalina.Connector init
INFO : Initializing ProtocolHandler [http-bio-18082]
09 29, 2021 15:30:04 下午 com.hou.mytomcat.catalina.Service init
INFO : Initialization processed int 0 ms
09 29, 2021 15:30:04 下午 com.hou.mytomcat.catalina.Connector start
INFO : Starting ProtocolHandler [http-bio-18080]
09 29, 2021 15:30:04 下午 com.hou.mytomcat.catalina.Connector start
INFO : Starting ProtocolHandler [http-bio-18081]
09 29, 2021 15:30:04 下午 com.hou.mytomcat.catalina.Connector start
INFO : Starting ProtocolHandler [http-bio-18082]
09 29, 2021 15:30:04 下午 com.hou.mytomcat.catalina.Server start
INFO : Server startup in 20 ms
09 29, 2021 15:30:23 下午 com.hou.mytomcat.catalina.Context deploy
INFO : Deploying web application directory D:\web\mytomcat\webapps\a
09 29, 2021 15:30:23 下午 com.hou.mytomcat.catalina.Context deploy
INFO : Deploying of web application directory D:\web\mytomcat\webapps\a has finished in 230 ms
09 29, 2021 15:30:23 下午 com.hou.mytomcat.catalina.Context deploy
INFO : Deploying web application directory D:\web\mytomcat\webapps\b
09 29, 2021 15:30:23 下午 com.hou.mytomcat.catalina.Context deploy
INFO : Deploying of web application directory D:\web\mytomcat\webapps\b has finished in 16 ms
09 29, 2021 15:30:23 下午 com.hou.mytomcat.catalina.Context deploy
INFO : Deploying web application directory D:\web\mytomcat\webapps\j2ee
09 29, 2021 15:30:23 下午 com.hou.mytomcat.catalina.Context deploy
INFO : Deploying of web application directory D:\web\mytomcat\webapps\j2ee has finished in 0 ms
09 29, 2021 15:30:23 下午 com.hou.mytomcat.catalina.Context deploy
INFO : Deploying web application directory D:\web\mytomcat\webapps\ROOT
09 29, 2021 15:30:23 下午 com.hou.mytomcat.catalina.Context deploy
INFO : Deploying of web application directory D:\web\mytomcat\webapps\ROOT has finished in 0 ms
09 29, 2021 15:30:23 下午 com.hou.mytomcat.catalina.Context deploy
INFO : Deploying web application directory D:/web/mytomcat/webapps/b
09 29, 2021 15:30:23 下午 com.hou.mytomcat.catalina.Context deploy
INFO : Deploying of web application directory D:/web/mytomcat/webapps/b has finished in 0 ms
09 29, 2021 15:30:23 下午 com.hou.mytomcat.catalina.Context deploy
INFO : Deploying web application directory D:/web/javaweb/web
09 29, 2021 15:30:23 下午 com.hou.mytomcat.catalina.Context deploy
INFO : Deploying of web application directory D:/web/javaweb/web has finished in 31 ms
09 29, 2021 15:30:23 下午 com.hou.mytomcat.catalina.Server logJVM
INFO : Server version:		How2J DiyTomcat/1.0.1
09 29, 2021 15:30:23 下午 com.hou.mytomcat.catalina.Server logJVM
INFO : Server built:		2021-09-10 09:00:00
09 29, 2021 15:30:23 下午 com.hou.mytomcat.catalina.Server logJVM
INFO : Server number:		1.0.1
09 29, 2021 15:30:23 下午 com.hou.mytomcat.catalina.Server logJVM
INFO : OS Name	:		Windows 10
09 29, 2021 15:30:23 下午 com.hou.mytomcat.catalina.Server logJVM
INFO : OS Version:		10.0
09 29, 2021 15:30:23 下午 com.hou.mytomcat.catalina.Server logJVM
INFO : Architecture:		amd64
09 29, 2021 15:30:23 下午 com.hou.mytomcat.catalina.Server logJVM
INFO : Java Home:		C:\Users\dell\.jdks\corretto-1.8.0_292\jre
09 29, 2021 15:30:23 下午 com.hou.mytomcat.catalina.Server logJVM
INFO : JVM Version:		1.8.0_292-b10
09 29, 2021 15:30:23 下午 com.hou.mytomcat.catalina.Server logJVM
INFO : JVM Vendor:		Oracle Corporation
09 29, 2021 15:30:23 下午 com.hou.mytomcat.catalina.Connector init
INFO : Initializing ProtocolHandler [http-bio-18080]
09 29, 2021 15:30:23 下午 com.hou.mytomcat.catalina.Connector init
INFO : Initializing ProtocolHandler [http-bio-18081]
09 29, 2021 15:30:23 下午 com.hou.mytomcat.catalina.Connector init
INFO : Initializing ProtocolHandler [http-bio-18082]
09 29, 2021 15:30:23 下午 com.hou.mytomcat.catalina.Service init
INFO : Initialization processed int 0 ms
09 29, 2021 15:30:23 下午 com.hou.mytomcat.catalina.Connector start
INFO : Starting ProtocolHandler [http-bio-18080]
09 29, 2021 15:30:23 下午 com.hou.mytomcat.catalina.Connector start
INFO : Starting ProtocolHandler [http-bio-18081]
09 29, 2021 15:30:23 下午 com.hou.mytomcat.catalina.Connector start
INFO : Starting ProtocolHandler [http-bio-18082]
09 29, 2021 15:30:23 下午 com.hou.mytomcat.catalina.Server start
INFO : Server startup in 23 ms
09 29, 2021 15:30:29 下午 com.hou.mytomcat.catalina.HttpProcessor error
ERROR: Socket is closed
java.net.SocketException: Socket is closed
	at java.net.Socket.getOutputStream(Socket.java:961)
	at com.hou.mytomcat.catalina.HttpProcessor.handle200(HttpProcessor.java:108)
	at com.hou.mytomcat.catalina.HttpProcessor.execute(HttpProcessor.java:44)
	at com.hou.mytomcat.catalina.Connector$1.run(Connector.java:110)
	at java.util.concurrent.ThreadPoolExecutor.runWorker(ThreadPoolExecutor.java:1149)
	at java.util.concurrent.ThreadPoolExecutor$Worker.run(ThreadPoolExecutor.java:624)
	at java.lang.Thread.run(Thread.java:748)
09 29, 2021 15:30:30 下午 com.hou.mytomcat.catalina.HttpProcessor error
ERROR: Socket is closed
java.net.SocketException: Socket is closed
	at java.net.Socket.getOutputStream(Socket.java:961)
	at com.hou.mytomcat.catalina.HttpProcessor.handle200(HttpProcessor.java:108)
	at com.hou.mytomcat.catalina.HttpProcessor.execute(HttpProcessor.java:44)
	at com.hou.mytomcat.catalina.Connector$1.run(Connector.java:110)
	at java.util.concurrent.ThreadPoolExecutor.runWorker(ThreadPoolExecutor.java:1149)
	at java.util.concurrent.ThreadPoolExecutor$Worker.run(ThreadPoolExecutor.java:624)
	at java.lang.Thread.run(Thread.java:748)
09 29, 2021 15:31:20 下午 com.hou.mytomcat.catalina.HttpProcessor error
ERROR: Socket is closed
java.net.SocketException: Socket is closed
	at java.net.Socket.getOutputStream(Socket.java:961)
	at com.hou.mytomcat.catalina.HttpProcessor.handle200(HttpProcessor.java:108)
	at com.hou.mytomcat.catalina.HttpProcessor.execute(HttpProcessor.java:44)
	at com.hou.mytomcat.catalina.Connector$1.run(Connector.java:110)
	at java.util.concurrent.ThreadPoolExecutor.runWorker(ThreadPoolExecutor.java:1149)
	at java.util.concurrent.ThreadPoolExecutor$Worker.run(ThreadPoolExecutor.java:624)
	at java.lang.Thread.run(Thread.java:748)
09 29, 2021 15:31:21 下午 com.hou.mytomcat.catalina.HttpProcessor error
ERROR: Socket is closed
java.net.SocketException: Socket is closed
	at java.net.Socket.getOutputStream(Socket.java:961)
	at com.hou.mytomcat.catalina.HttpProcessor.handle200(HttpProcessor.java:108)
	at com.hou.mytomcat.catalina.HttpProcessor.execute(HttpProcessor.java:44)
	at com.hou.mytomcat.catalina.Connector$1.run(Connector.java:110)
	at java.util.concurrent.ThreadPoolExecutor.runWorker(ThreadPoolExecutor.java:1149)
	at java.util.concurrent.ThreadPoolExecutor$Worker.run(ThreadPoolExecutor.java:624)
	at java.lang.Thread.run(Thread.java:748)
09 29, 2021 15:31:32 下午 com.hou.mytomcat.catalina.Context deploy
INFO : Deploying web application directory D:\web\mytomcat\webapps\a
09 29, 2021 15:31:32 下午 com.hou.mytomcat.catalina.Context deploy
INFO : Deploying of web application directory D:\web\mytomcat\webapps\a has finished in 162 ms
09 29, 2021 15:31:32 下午 com.hou.mytomcat.catalina.Context deploy
INFO : Deploying web application directory D:\web\mytomcat\webapps\b
09 29, 2021 15:31:32 下午 com.hou.mytomcat.catalina.Context deploy
INFO : Deploying of web application directory D:\web\mytomcat\webapps\b has finished in 0 ms
09 29, 2021 15:31:32 下午 com.hou.mytomcat.catalina.Context deploy
INFO : Deploying web application directory D:\web\mytomcat\webapps\j2ee
09 29, 2021 15:31:32 下午 com.hou.mytomcat.catalina.Context deploy
INFO : Deploying of web application directory D:\web\mytomcat\webapps\j2ee has finished in 8 ms
09 29, 2021 15:31:32 下午 com.hou.mytomcat.catalina.Context deploy
INFO : Deploying web application directory D:\web\mytomcat\webapps\ROOT
09 29, 2021 15:31:32 下午 com.hou.mytomcat.catalina.Context deploy
INFO : Deploying of web application directory D:\web\mytomcat\webapps\ROOT has finished in 0 ms
09 29, 2021 15:31:32 下午 com.hou.mytomcat.catalina.Context deploy
INFO : Deploying web application directory D:/web/mytomcat/webapps/b
09 29, 2021 15:31:32 下午 com.hou.mytomcat.catalina.Context deploy
INFO : Deploying of web application directory D:/web/mytomcat/webapps/b has finished in 0 ms
09 29, 2021 15:31:32 下午 com.hou.mytomcat.catalina.Context deploy
INFO : Deploying web application directory D:/web/javaweb/web
09 29, 2021 15:31:32 下午 com.hou.mytomcat.catalina.Context deploy
INFO : Deploying of web application directory D:/web/javaweb/web has finished in 32 ms
09 29, 2021 15:31:32 下午 com.hou.mytomcat.catalina.Server logJVM
INFO : Server version:		How2J DiyTomcat/1.0.1
09 29, 2021 15:31:32 下午 com.hou.mytomcat.catalina.Server logJVM
INFO : Server built:		2021-09-10 09:00:00
09 29, 2021 15:31:32 下午 com.hou.mytomcat.catalina.Server logJVM
INFO : Server number:		1.0.1
09 29, 2021 15:31:32 下午 com.hou.mytomcat.catalina.Server logJVM
INFO : OS Name	:		Windows 10
09 29, 2021 15:31:32 下午 com.hou.mytomcat.catalina.Server logJVM
INFO : OS Version:		10.0
09 29, 2021 15:31:32 下午 com.hou.mytomcat.catalina.Server logJVM
INFO : Architecture:		amd64
09 29, 2021 15:31:32 下午 com.hou.mytomcat.catalina.Server logJVM
INFO : Java Home:		C:\Users\dell\.jdks\corretto-1.8.0_292\jre
09 29, 2021 15:31:32 下午 com.hou.mytomcat.catalina.Server logJVM
INFO : JVM Version:		1.8.0_292-b10
09 29, 2021 15:31:32 下午 com.hou.mytomcat.catalina.Server logJVM
INFO : JVM Vendor:		Oracle Corporation
09 29, 2021 15:31:32 下午 com.hou.mytomcat.catalina.Connector init
INFO : Initializing ProtocolHandler [http-bio-18080]
09 29, 2021 15:31:32 下午 com.hou.mytomcat.catalina.Connector init
INFO : Initializing ProtocolHandler [http-bio-18081]
09 29, 2021 15:31:32 下午 com.hou.mytomcat.catalina.Connector init
INFO : Initializing ProtocolHandler [http-bio-18082]
09 29, 2021 15:31:32 下午 com.hou.mytomcat.catalina.Service init
INFO : Initialization processed int 0 ms
09 29, 2021 15:31:32 下午 com.hou.mytomcat.catalina.Connector start
INFO : Starting ProtocolHandler [http-bio-18080]
09 29, 2021 15:31:32 下午 com.hou.mytomcat.catalina.Connector start
INFO : Starting ProtocolHandler [http-bio-18081]
09 29, 2021 15:31:32 下午 com.hou.mytomcat.catalina.Connector start
INFO : Starting ProtocolHandler [http-bio-18082]
09 29, 2021 15:31:32 下午 com.hou.mytomcat.catalina.Server start
INFO : Server startup in 15 ms
09 29, 2021 15:31:57 下午 com.hou.mytomcat.catalina.HttpProcessor error
ERROR: Socket is closed
java.net.SocketException: Socket is closed
	at java.net.Socket.getOutputStream(Socket.java:961)
	at com.hou.mytomcat.catalina.HttpProcessor.handle200(HttpProcessor.java:108)
	at com.hou.mytomcat.catalina.HttpProcessor.execute(HttpProcessor.java:44)
	at com.hou.mytomcat.catalina.Connector$1.run(Connector.java:110)
	at java.util.concurrent.ThreadPoolExecutor.runWorker(ThreadPoolExecutor.java:1149)
	at java.util.concurrent.ThreadPoolExecutor$Worker.run(ThreadPoolExecutor.java:624)
	at java.lang.Thread.run(Thread.java:748)
09 29, 2021 15:31:58 下午 com.hou.mytomcat.catalina.HttpProcessor error
ERROR: Socket is closed
java.net.SocketException: Socket is closed
	at java.net.Socket.getOutputStream(Socket.java:961)
	at com.hou.mytomcat.catalina.HttpProcessor.handle200(HttpProcessor.java:108)
	at com.hou.mytomcat.catalina.HttpProcessor.execute(HttpProcessor.java:44)
	at com.hou.mytomcat.catalina.Connector$1.run(Connector.java:110)
	at java.util.concurrent.ThreadPoolExecutor.runWorker(ThreadPoolExecutor.java:1149)
	at java.util.concurrent.ThreadPoolExecutor$Worker.run(ThreadPoolExecutor.java:624)
	at java.lang.Thread.run(Thread.java:748)
09 29, 2021 15:32:23 下午 com.hou.mytomcat.catalina.Context deploy
INFO : Deploying web application directory D:\web\mytomcat\webapps\a
09 29, 2021 15:32:23 下午 com.hou.mytomcat.catalina.Context deploy
INFO : Deploying of web application directory D:\web\mytomcat\webapps\a has finished in 204 ms
09 29, 2021 15:32:23 下午 com.hou.mytomcat.catalina.Context deploy
INFO : Deploying web application directory D:\web\mytomcat\webapps\b
09 29, 2021 15:32:23 下午 com.hou.mytomcat.catalina.Context deploy
INFO : Deploying of web application directory D:\web\mytomcat\webapps\b has finished in 0 ms
09 29, 2021 15:32:23 下午 com.hou.mytomcat.catalina.Context deploy
INFO : Deploying web application directory D:\web\mytomcat\webapps\j2ee
09 29, 2021 15:32:23 下午 com.hou.mytomcat.catalina.Context deploy
INFO : Deploying of web application directory D:\web\mytomcat\webapps\j2ee has finished in 29 ms
09 29, 2021 15:32:23 下午 com.hou.mytomcat.catalina.Context deploy
INFO : Deploying web application directory D:\web\mytomcat\webapps\ROOT
09 29, 2021 15:32:23 下午 com.hou.mytomcat.catalina.Context deploy
INFO : Deploying of web application directory D:\web\mytomcat\webapps\ROOT has finished in 0 ms
09 29, 2021 15:32:24 下午 com.hou.mytomcat.catalina.Context deploy
INFO : Deploying web application directory D:/web/mytomcat/webapps/b
09 29, 2021 15:32:24 下午 com.hou.mytomcat.catalina.Context deploy
INFO : Deploying of web application directory D:/web/mytomcat/webapps/b has finished in 0 ms
09 29, 2021 15:32:24 下午 com.hou.mytomcat.catalina.Context deploy
INFO : Deploying web application directory D:/web/javaweb/web
09 29, 2021 15:32:24 下午 com.hou.mytomcat.catalina.Context deploy
INFO : Deploying of web application directory D:/web/javaweb/web has finished in 40 ms
09 29, 2021 15:32:24 下午 com.hou.mytomcat.catalina.Server logJVM
INFO : Server version:		How2J DiyTomcat/1.0.1
09 29, 2021 15:32:24 下午 com.hou.mytomcat.catalina.Server logJVM
INFO : Server built:		2021-09-10 09:00:00
09 29, 2021 15:32:24 下午 com.hou.mytomcat.catalina.Server logJVM
INFO : Server number:		1.0.1
09 29, 2021 15:32:24 下午 com.hou.mytomcat.catalina.Server logJVM
INFO : OS Name	:		Windows 10
09 29, 2021 15:32:24 下午 com.hou.mytomcat.catalina.Server logJVM
INFO : OS Version:		10.0
09 29, 2021 15:32:24 下午 com.hou.mytomcat.catalina.Server logJVM
INFO : Architecture:		amd64
09 29, 2021 15:32:24 下午 com.hou.mytomcat.catalina.Server logJVM
INFO : Java Home:		C:\Users\dell\.jdks\corretto-1.8.0_292\jre
09 29, 2021 15:32:24 下午 com.hou.mytomcat.catalina.Server logJVM
INFO : JVM Version:		1.8.0_292-b10
09 29, 2021 15:32:24 下午 com.hou.mytomcat.catalina.Server logJVM
INFO : JVM Vendor:		Oracle Corporation
09 29, 2021 15:32:24 下午 com.hou.mytomcat.catalina.Connector init
INFO : Initializing ProtocolHandler [http-bio-18080]
09 29, 2021 15:32:24 下午 com.hou.mytomcat.catalina.Connector init
INFO : Initializing ProtocolHandler [http-bio-18081]
09 29, 2021 15:32:24 下午 com.hou.mytomcat.catalina.Connector init
INFO : Initializing ProtocolHandler [http-bio-18082]
09 29, 2021 15:32:24 下午 com.hou.mytomcat.catalina.Service init
INFO : Initialization processed int 0 ms
09 29, 2021 15:32:24 下午 com.hou.mytomcat.catalina.Connector start
INFO : Starting ProtocolHandler [http-bio-18080]
09 29, 2021 15:32:24 下午 com.hou.mytomcat.catalina.Connector start
INFO : Starting ProtocolHandler [http-bio-18081]
09 29, 2021 15:32:24 下午 com.hou.mytomcat.catalina.Connector start
INFO : Starting ProtocolHandler [http-bio-18082]
09 29, 2021 15:32:24 下午 com.hou.mytomcat.catalina.Server start
INFO : Server startup in 30 ms
09 29, 2021 15:43:05 下午 com.hou.mytomcat.catalina.Context deploy
INFO : Deploying web application directory D:\web\mytomcat\webapps\a
09 29, 2021 15:43:05 下午 com.hou.mytomcat.catalina.Context deploy
INFO : Deploying of web application directory D:\web\mytomcat\webapps\a has finished in 181 ms
09 29, 2021 15:43:06 下午 com.hou.mytomcat.catalina.Context deploy
INFO : Deploying web application directory D:\web\mytomcat\webapps\b
09 29, 2021 15:43:06 下午 com.hou.mytomcat.catalina.Context deploy
INFO : Deploying of web application directory D:\web\mytomcat\webapps\b has finished in 0 ms
09 29, 2021 15:43:06 下午 com.hou.mytomcat.catalina.Context deploy
INFO : Deploying web application directory D:\web\mytomcat\webapps\j2ee
09 29, 2021 15:43:06 下午 com.hou.mytomcat.catalina.Context deploy
INFO : Deploying of web application directory D:\web\mytomcat\webapps\j2ee has finished in 10 ms
09 29, 2021 15:43:06 下午 com.hou.mytomcat.catalina.Context deploy
INFO : Deploying web application directory D:\web\mytomcat\webapps\ROOT
09 29, 2021 15:43:06 下午 com.hou.mytomcat.catalina.Context deploy
INFO : Deploying of web application directory D:\web\mytomcat\webapps\ROOT has finished in 0 ms
09 29, 2021 15:43:06 下午 com.hou.mytomcat.catalina.Context deploy
INFO : Deploying web application directory D:/web/mytomcat/webapps/b
09 29, 2021 15:43:06 下午 com.hou.mytomcat.catalina.Context deploy
INFO : Deploying of web application directory D:/web/mytomcat/webapps/b has finished in 0 ms
09 29, 2021 15:43:06 下午 com.hou.mytomcat.catalina.Context deploy
INFO : Deploying web application directory D:/web/javaweb/web
09 29, 2021 15:43:06 下午 com.hou.mytomcat.catalina.Context deploy
INFO : Deploying of web application directory D:/web/javaweb/web has finished in 51 ms
09 29, 2021 15:43:06 下午 com.hou.mytomcat.catalina.Server logJVM
INFO : Server version:		How2J DiyTomcat/1.0.1
09 29, 2021 15:43:06 下午 com.hou.mytomcat.catalina.Server logJVM
INFO : Server built:		2021-09-10 09:00:00
09 29, 2021 15:43:06 下午 com.hou.mytomcat.catalina.Server logJVM
INFO : Server number:		1.0.1
09 29, 2021 15:43:06 下午 com.hou.mytomcat.catalina.Server logJVM
INFO : OS Name	:		Windows 10
09 29, 2021 15:43:06 下午 com.hou.mytomcat.catalina.Server logJVM
INFO : OS Version:		10.0
09 29, 2021 15:43:06 下午 com.hou.mytomcat.catalina.Server logJVM
INFO : Architecture:		amd64
09 29, 2021 15:43:06 下午 com.hou.mytomcat.catalina.Server logJVM
INFO : Java Home:		C:\Users\dell\.jdks\corretto-1.8.0_292\jre
09 29, 2021 15:43:06 下午 com.hou.mytomcat.catalina.Server logJVM
INFO : JVM Version:		1.8.0_292-b10
09 29, 2021 15:43:06 下午 com.hou.mytomcat.catalina.Server logJVM
INFO : JVM Vendor:		Oracle Corporation
09 29, 2021 15:43:06 下午 com.hou.mytomcat.catalina.Connector init
INFO : Initializing ProtocolHandler [http-bio-18080]
09 29, 2021 15:43:06 下午 com.hou.mytomcat.catalina.Connector init
INFO : Initializing ProtocolHandler [http-bio-18081]
09 29, 2021 15:43:06 下午 com.hou.mytomcat.catalina.Connector init
INFO : Initializing ProtocolHandler [http-bio-18082]
09 29, 2021 15:43:06 下午 com.hou.mytomcat.catalina.Service init
INFO : Initialization processed int 8 ms
09 29, 2021 15:43:06 下午 com.hou.mytomcat.catalina.Connector start
INFO : Starting ProtocolHandler [http-bio-18080]
09 29, 2021 15:43:06 下午 com.hou.mytomcat.catalina.Connector start
INFO : Starting ProtocolHandler [http-bio-18081]
09 29, 2021 15:43:06 下午 com.hou.mytomcat.catalina.Connector start
INFO : Starting ProtocolHandler [http-bio-18082]
09 29, 2021 15:43:06 下午 com.hou.mytomcat.catalina.Server start
INFO : Server startup in 38 ms
