10 01, 2021 20:15:26 下午 com.hou.mytomcat.catalina.Context deploy
INFO : Deploying web application directory D:\web\mytomcat\webapps\a
10 01, 2021 20:15:26 下午 com.hou.mytomcat.catalina.Context deploy
INFO : Deploying of web application directory D:\web\mytomcat\webapps\a has finished in 223 ms
10 01, 2021 20:15:26 下午 com.hou.mytomcat.catalina.Context deploy
INFO : Deploying web application directory D:\web\mytomcat\webapps\b
10 01, 2021 20:15:26 下午 com.hou.mytomcat.catalina.Context deploy
INFO : Deploying of web application directory D:\web\mytomcat\webapps\b has finished in 1 ms
10 01, 2021 20:15:26 下午 com.hou.mytomcat.catalina.Context deploy
INFO : Deploying web application directory D:\web\mytomcat\webapps\j2ee
10 01, 2021 20:15:26 下午 com.hou.mytomcat.catalina.Context deploy
INFO : Deploying of web application directory D:\web\mytomcat\webapps\j2ee has finished in 23 ms
10 01, 2021 20:15:26 下午 com.hou.mytomcat.catalina.Context deploy
INFO : Deploying web application directory D:\web\mytomcat\webapps\ROOT
10 01, 2021 20:15:26 下午 com.hou.mytomcat.catalina.Context deploy
INFO : Deploying of web application directory D:\web\mytomcat\webapps\ROOT has finished in 1 ms
10 01, 2021 20:15:26 下午 com.hou.mytomcat.catalina.Context deploy
INFO : Deploying web application directory D:/web/mytomcat/webapps/b
10 01, 2021 20:15:26 下午 com.hou.mytomcat.catalina.Context deploy
INFO : Deploying of web application directory D:/web/mytomcat/webapps/b has finished in 1 ms
10 01, 2021 20:15:26 下午 com.hou.mytomcat.catalina.Context deploy
INFO : Deploying web application directory D:/web/javaweb/web
10 01, 2021 20:15:26 下午 com.hou.mytomcat.catalina.Context deploy
INFO : Deploying of web application directory D:/web/javaweb/web has finished in 88 ms
10 01, 2021 20:15:26 下午 com.hou.mytomcat.catalina.Server logJVM
INFO : Server version:		How2J DiyTomcat/1.0.1
10 01, 2021 20:15:26 下午 com.hou.mytomcat.catalina.Server logJVM
INFO : Server built:		2021-09-10 09:00:00
10 01, 2021 20:15:26 下午 com.hou.mytomcat.catalina.Server logJVM
INFO : Server number:		1.0.1
10 01, 2021 20:15:26 下午 com.hou.mytomcat.catalina.Server logJVM
INFO : OS Name	:		Windows 10
10 01, 2021 20:15:26 下午 com.hou.mytomcat.catalina.Server logJVM
INFO : OS Version:		10.0
10 01, 2021 20:15:26 下午 com.hou.mytomcat.catalina.Server logJVM
INFO : Architecture:		amd64
10 01, 2021 20:15:26 下午 com.hou.mytomcat.catalina.Server logJVM
INFO : Java Home:		C:\Users\dell\.jdks\corretto-1.8.0_292\jre
10 01, 2021 20:15:26 下午 com.hou.mytomcat.catalina.Server logJVM
INFO : JVM Version:		1.8.0_292-b10
10 01, 2021 20:15:26 下午 com.hou.mytomcat.catalina.Server logJVM
INFO : JVM Vendor:		Oracle Corporation
10 01, 2021 20:15:26 下午 com.hou.mytomcat.catalina.Connector init
INFO : Initializing ProtocolHandler [http-bio-18080]
10 01, 2021 20:15:26 下午 com.hou.mytomcat.catalina.Connector init
INFO : Initializing ProtocolHandler [http-bio-18081]
10 01, 2021 20:15:26 下午 com.hou.mytomcat.catalina.Connector init
INFO : Initializing ProtocolHandler [http-bio-18082]
10 01, 2021 20:15:26 下午 com.hou.mytomcat.catalina.Service init
INFO : Initialization processed int 2 ms
10 01, 2021 20:15:26 下午 com.hou.mytomcat.catalina.Connector start
INFO : Starting ProtocolHandler [http-bio-18080]
10 01, 2021 20:15:26 下午 com.hou.mytomcat.catalina.Connector start
INFO : Starting ProtocolHandler [http-bio-18081]
10 01, 2021 20:15:26 下午 com.hou.mytomcat.catalina.Connector start
INFO : Starting ProtocolHandler [http-bio-18082]
10 01, 2021 20:15:26 下午 com.hou.mytomcat.catalina.Server start
INFO : Server startup in 49 ms
10 01, 2021 20:52:14 下午 com.hou.mytomcat.catalina.Context deploy
INFO : Deploying web application directory D:\web\mytomcat\webapps\a
10 01, 2021 20:52:14 下午 com.hou.mytomcat.catalina.Context deploy
INFO : Deploying of web application directory D:\web\mytomcat\webapps\a has finished in 245 ms
10 01, 2021 20:52:14 下午 com.hou.mytomcat.catalina.Context deploy
INFO : Deploying web application directory D:\web\mytomcat\webapps\b
10 01, 2021 20:52:14 下午 com.hou.mytomcat.catalina.Context deploy
INFO : Deploying of web application directory D:\web\mytomcat\webapps\b has finished in 3 ms
10 01, 2021 20:52:14 下午 com.hou.mytomcat.catalina.Context deploy
INFO : Deploying web application directory D:\web\mytomcat\webapps\j2ee
10 01, 2021 20:52:14 下午 com.hou.mytomcat.catalina.Context deploy
INFO : Deploying of web application directory D:\web\mytomcat\webapps\j2ee has finished in 4 ms
10 01, 2021 20:52:14 下午 com.hou.mytomcat.catalina.Context deploy
INFO : Deploying web application directory D:\web\mytomcat\webapps\ROOT
10 01, 2021 20:52:14 下午 com.hou.mytomcat.catalina.Context deploy
INFO : Deploying of web application directory D:\web\mytomcat\webapps\ROOT has finished in 1 ms
10 01, 2021 20:52:14 下午 com.hou.mytomcat.catalina.Context deploy
INFO : Deploying web application directory D:/web/mytomcat/webapps/b
10 01, 2021 20:52:14 下午 com.hou.mytomcat.catalina.Context deploy
INFO : Deploying of web application directory D:/web/mytomcat/webapps/b has finished in 1 ms
10 01, 2021 20:52:14 下午 com.hou.mytomcat.catalina.Context deploy
INFO : Deploying web application directory D:/web/javaweb/web
10 01, 2021 20:52:14 下午 com.hou.mytomcat.catalina.Context deploy
INFO : Deploying of web application directory D:/web/javaweb/web has finished in 86 ms
10 01, 2021 20:52:14 下午 com.hou.mytomcat.catalina.Server logJVM
INFO : Server version:		How2J DiyTomcat/1.0.1
10 01, 2021 20:52:14 下午 com.hou.mytomcat.catalina.Server logJVM
INFO : Server built:		2021-09-10 09:00:00
10 01, 2021 20:52:14 下午 com.hou.mytomcat.catalina.Server logJVM
INFO : Server number:		1.0.1
10 01, 2021 20:52:14 下午 com.hou.mytomcat.catalina.Server logJVM
INFO : OS Name	:		Windows 10
10 01, 2021 20:52:14 下午 com.hou.mytomcat.catalina.Server logJVM
INFO : OS Version:		10.0
10 01, 2021 20:52:14 下午 com.hou.mytomcat.catalina.Server logJVM
INFO : Architecture:		amd64
10 01, 2021 20:52:14 下午 com.hou.mytomcat.catalina.Server logJVM
INFO : Java Home:		C:\Users\dell\.jdks\corretto-1.8.0_292\jre
10 01, 2021 20:52:14 下午 com.hou.mytomcat.catalina.Server logJVM
INFO : JVM Version:		1.8.0_292-b10
10 01, 2021 20:52:14 下午 com.hou.mytomcat.catalina.Server logJVM
INFO : JVM Vendor:		Oracle Corporation
10 01, 2021 20:52:14 下午 com.hou.mytomcat.catalina.Connector init
INFO : Initializing ProtocolHandler [http-bio-18080]
10 01, 2021 20:52:14 下午 com.hou.mytomcat.catalina.Connector init
INFO : Initializing ProtocolHandler [http-bio-18081]
10 01, 2021 20:52:14 下午 com.hou.mytomcat.catalina.Connector init
INFO : Initializing ProtocolHandler [http-bio-18082]
10 01, 2021 20:52:14 下午 com.hou.mytomcat.catalina.Service init
INFO : Initialization processed int 1 ms
10 01, 2021 20:52:14 下午 com.hou.mytomcat.catalina.Connector start
INFO : Starting ProtocolHandler [http-bio-18080]
10 01, 2021 20:52:14 下午 com.hou.mytomcat.catalina.Connector start
INFO : Starting ProtocolHandler [http-bio-18081]
10 01, 2021 20:52:14 下午 com.hou.mytomcat.catalina.Connector start
INFO : Starting ProtocolHandler [http-bio-18082]
10 01, 2021 20:52:14 下午 com.hou.mytomcat.catalina.Server start
INFO : Server startup in 15 ms
10 01, 2021 20:59:35 下午 com.hou.mytomcat.catalina.Context deploy
INFO : Deploying web application directory D:\web\mytomcat\webapps\a
10 01, 2021 20:59:35 下午 com.hou.mytomcat.catalina.Context deploy
INFO : Deploying of web application directory D:\web\mytomcat\webapps\a has finished in 244 ms
10 01, 2021 20:59:35 下午 com.hou.mytomcat.catalina.Context deploy
INFO : Deploying web application directory D:\web\mytomcat\webapps\b
10 01, 2021 20:59:35 下午 com.hou.mytomcat.catalina.Context deploy
INFO : Deploying of web application directory D:\web\mytomcat\webapps\b has finished in 0 ms
10 01, 2021 20:59:35 下午 com.hou.mytomcat.catalina.Context deploy
INFO : Deploying web application directory D:\web\mytomcat\webapps\j2ee
10 01, 2021 20:59:35 下午 com.hou.mytomcat.catalina.Context deploy
INFO : Deploying of web application directory D:\web\mytomcat\webapps\j2ee has finished in 6 ms
10 01, 2021 20:59:35 下午 com.hou.mytomcat.catalina.Context deploy
INFO : Deploying web application directory D:\web\mytomcat\webapps\ROOT
10 01, 2021 20:59:35 下午 com.hou.mytomcat.catalina.Context deploy
INFO : Deploying of web application directory D:\web\mytomcat\webapps\ROOT has finished in 1 ms
10 01, 2021 20:59:35 下午 com.hou.mytomcat.catalina.Context deploy
INFO : Deploying web application directory D:/web/mytomcat/webapps/b
10 01, 2021 20:59:35 下午 com.hou.mytomcat.catalina.Context deploy
INFO : Deploying of web application directory D:/web/mytomcat/webapps/b has finished in 0 ms
10 01, 2021 20:59:35 下午 com.hou.mytomcat.catalina.Context deploy
INFO : Deploying web application directory D:/web/javaweb/web
10 01, 2021 20:59:35 下午 com.hou.mytomcat.catalina.Context deploy
INFO : Deploying of web application directory D:/web/javaweb/web has finished in 30 ms
10 01, 2021 20:59:35 下午 com.hou.mytomcat.catalina.Server logJVM
INFO : Server version:		How2J DiyTomcat/1.0.1
10 01, 2021 20:59:35 下午 com.hou.mytomcat.catalina.Server logJVM
INFO : Server built:		2021-09-10 09:00:00
10 01, 2021 20:59:35 下午 com.hou.mytomcat.catalina.Server logJVM
INFO : Server number:		1.0.1
10 01, 2021 20:59:35 下午 com.hou.mytomcat.catalina.Server logJVM
INFO : OS Name	:		Windows 10
10 01, 2021 20:59:35 下午 com.hou.mytomcat.catalina.Server logJVM
INFO : OS Version:		10.0
10 01, 2021 20:59:35 下午 com.hou.mytomcat.catalina.Server logJVM
INFO : Architecture:		amd64
10 01, 2021 20:59:35 下午 com.hou.mytomcat.catalina.Server logJVM
INFO : Java Home:		C:\Users\dell\.jdks\corretto-1.8.0_292\jre
10 01, 2021 20:59:35 下午 com.hou.mytomcat.catalina.Server logJVM
INFO : JVM Version:		1.8.0_292-b10
10 01, 2021 20:59:35 下午 com.hou.mytomcat.catalina.Server logJVM
INFO : JVM Vendor:		Oracle Corporation
10 01, 2021 20:59:35 下午 com.hou.mytomcat.catalina.Connector init
INFO : Initializing ProtocolHandler [http-bio-18080]
10 01, 2021 20:59:35 下午 com.hou.mytomcat.catalina.Connector init
INFO : Initializing ProtocolHandler [http-bio-18081]
10 01, 2021 20:59:35 下午 com.hou.mytomcat.catalina.Connector init
INFO : Initializing ProtocolHandler [http-bio-18082]
10 01, 2021 20:59:35 下午 com.hou.mytomcat.catalina.Service init
INFO : Initialization processed int 2 ms
10 01, 2021 20:59:35 下午 com.hou.mytomcat.catalina.Connector start
INFO : Starting ProtocolHandler [http-bio-18080]
10 01, 2021 20:59:35 下午 com.hou.mytomcat.catalina.Connector start
INFO : Starting ProtocolHandler [http-bio-18081]
10 01, 2021 20:59:35 下午 com.hou.mytomcat.catalina.Connector start
INFO : Starting ProtocolHandler [http-bio-18082]
10 01, 2021 20:59:35 下午 com.hou.mytomcat.catalina.Server start
INFO : Server startup in 14 ms
10 01, 2021 22:13:40 下午 com.hou.mytomcat.catalina.Context deploy
INFO : Deploying web application directory D:\web\mytomcat\webapps\a
10 01, 2021 22:13:40 下午 com.hou.mytomcat.catalina.Context deploy
INFO : Deploying of web application directory D:\web\mytomcat\webapps\a has finished in 187 ms
10 01, 2021 22:13:40 下午 com.hou.mytomcat.catalina.Context deploy
INFO : Deploying web application directory D:\web\mytomcat\webapps\b
10 01, 2021 22:13:40 下午 com.hou.mytomcat.catalina.Context deploy
INFO : Deploying of web application directory D:\web\mytomcat\webapps\b has finished in 0 ms
10 01, 2021 22:13:40 下午 com.hou.mytomcat.catalina.Context deploy
INFO : Deploying web application directory D:\web\mytomcat\webapps\j2ee
10 01, 2021 22:13:40 下午 com.hou.mytomcat.catalina.Context deploy
INFO : Deploying of web application directory D:\web\mytomcat\webapps\j2ee has finished in 5 ms
10 01, 2021 22:13:40 下午 com.hou.mytomcat.catalina.Context deploy
INFO : Deploying web application directory D:\web\mytomcat\webapps\ROOT
10 01, 2021 22:13:40 下午 com.hou.mytomcat.catalina.Context deploy
INFO : Deploying of web application directory D:\web\mytomcat\webapps\ROOT has finished in 0 ms
10 01, 2021 22:13:40 下午 com.hou.mytomcat.catalina.Context deploy
INFO : Deploying web application directory D:/web/mytomcat/webapps/b
10 01, 2021 22:13:40 下午 com.hou.mytomcat.catalina.Context deploy
INFO : Deploying of web application directory D:/web/mytomcat/webapps/b has finished in 1 ms
10 01, 2021 22:13:40 下午 com.hou.mytomcat.catalina.Context deploy
INFO : Deploying web application directory D:/web/javaweb/web
10 01, 2021 22:13:40 下午 com.hou.mytomcat.catalina.Context deploy
INFO : Deploying of web application directory D:/web/javaweb/web has finished in 48 ms
10 01, 2021 22:13:40 下午 com.hou.mytomcat.catalina.Server logJVM
INFO : Server version:		How2J DiyTomcat/1.0.1
10 01, 2021 22:13:40 下午 com.hou.mytomcat.catalina.Server logJVM
INFO : Server built:		2021-09-10 09:00:00
10 01, 2021 22:13:40 下午 com.hou.mytomcat.catalina.Server logJVM
INFO : Server number:		1.0.1
10 01, 2021 22:13:40 下午 com.hou.mytomcat.catalina.Server logJVM
INFO : OS Name	:		Windows 10
10 01, 2021 22:13:41 下午 com.hou.mytomcat.catalina.Server logJVM
INFO : OS Version:		10.0
10 01, 2021 22:13:41 下午 com.hou.mytomcat.catalina.Server logJVM
INFO : Architecture:		amd64
10 01, 2021 22:13:41 下午 com.hou.mytomcat.catalina.Server logJVM
INFO : Java Home:		C:\Users\dell\.jdks\corretto-1.8.0_292\jre
10 01, 2021 22:13:41 下午 com.hou.mytomcat.catalina.Server logJVM
INFO : JVM Version:		1.8.0_292-b10
10 01, 2021 22:13:41 下午 com.hou.mytomcat.catalina.Server logJVM
INFO : JVM Vendor:		Oracle Corporation
10 01, 2021 22:13:41 下午 com.hou.mytomcat.catalina.Connector init
INFO : Initializing ProtocolHandler [http-bio-18080]
10 01, 2021 22:13:41 下午 com.hou.mytomcat.catalina.Connector init
INFO : Initializing ProtocolHandler [http-bio-18081]
10 01, 2021 22:13:41 下午 com.hou.mytomcat.catalina.Connector init
INFO : Initializing ProtocolHandler [http-bio-18082]
10 01, 2021 22:13:41 下午 com.hou.mytomcat.catalina.Service init
INFO : Initialization processed int 1 ms
10 01, 2021 22:13:41 下午 com.hou.mytomcat.catalina.Connector start
INFO : Starting ProtocolHandler [http-bio-18080]
10 01, 2021 22:13:41 下午 com.hou.mytomcat.catalina.Connector start
INFO : Starting ProtocolHandler [http-bio-18081]
10 01, 2021 22:13:41 下午 com.hou.mytomcat.catalina.Connector start
INFO : Starting ProtocolHandler [http-bio-18082]
10 01, 2021 22:13:41 下午 com.hou.mytomcat.catalina.Server start
INFO : Server startup in 27 ms
10 01, 2021 22:15:29 下午 com.hou.mytomcat.catalina.Context deploy
INFO : Deploying web application directory D:\web\mytomcat\webapps\a
10 01, 2021 22:15:29 下午 com.hou.mytomcat.catalina.Context deploy
INFO : Deploying of web application directory D:\web\mytomcat\webapps\a has finished in 178 ms
10 01, 2021 22:15:29 下午 com.hou.mytomcat.catalina.Context deploy
INFO : Deploying web application directory D:\web\mytomcat\webapps\b
10 01, 2021 22:15:29 下午 com.hou.mytomcat.catalina.Context deploy
INFO : Deploying of web application directory D:\web\mytomcat\webapps\b has finished in 1 ms
10 01, 2021 22:15:29 下午 com.hou.mytomcat.catalina.Context deploy
INFO : Deploying web application directory D:\web\mytomcat\webapps\j2ee
10 01, 2021 22:15:29 下午 com.hou.mytomcat.catalina.Context deploy
INFO : Deploying of web application directory D:\web\mytomcat\webapps\j2ee has finished in 8 ms
10 01, 2021 22:15:29 下午 com.hou.mytomcat.catalina.Context deploy
INFO : Deploying web application directory D:\web\mytomcat\webapps\ROOT
10 01, 2021 22:15:29 下午 com.hou.mytomcat.catalina.Context deploy
INFO : Deploying of web application directory D:\web\mytomcat\webapps\ROOT has finished in 1 ms
10 01, 2021 22:15:29 下午 com.hou.mytomcat.catalina.Context deploy
INFO : Deploying web application directory D:/web/mytomcat/webapps/b
10 01, 2021 22:15:29 下午 com.hou.mytomcat.catalina.Context deploy
INFO : Deploying of web application directory D:/web/mytomcat/webapps/b has finished in 1 ms
10 01, 2021 22:15:29 下午 com.hou.mytomcat.catalina.Context deploy
INFO : Deploying web application directory D:/web/javaweb/web
10 01, 2021 22:15:29 下午 com.hou.mytomcat.catalina.Context deploy
INFO : Deploying of web application directory D:/web/javaweb/web has finished in 31 ms
10 01, 2021 22:15:29 下午 com.hou.mytomcat.catalina.Server logJVM
INFO : Server version:		How2J DiyTomcat/1.0.1
10 01, 2021 22:15:29 下午 com.hou.mytomcat.catalina.Server logJVM
INFO : Server built:		2021-09-10 09:00:00
10 01, 2021 22:15:29 下午 com.hou.mytomcat.catalina.Server logJVM
INFO : Server number:		1.0.1
10 01, 2021 22:15:29 下午 com.hou.mytomcat.catalina.Server logJVM
INFO : OS Name	:		Windows 10
10 01, 2021 22:15:29 下午 com.hou.mytomcat.catalina.Server logJVM
INFO : OS Version:		10.0
10 01, 2021 22:15:29 下午 com.hou.mytomcat.catalina.Server logJVM
INFO : Architecture:		amd64
10 01, 2021 22:15:29 下午 com.hou.mytomcat.catalina.Server logJVM
INFO : Java Home:		C:\Users\dell\.jdks\corretto-1.8.0_292\jre
10 01, 2021 22:15:29 下午 com.hou.mytomcat.catalina.Server logJVM
INFO : JVM Version:		1.8.0_292-b10
10 01, 2021 22:15:29 下午 com.hou.mytomcat.catalina.Server logJVM
INFO : JVM Vendor:		Oracle Corporation
10 01, 2021 22:15:29 下午 com.hou.mytomcat.catalina.Connector init
INFO : Initializing ProtocolHandler [http-bio-18080]
10 01, 2021 22:15:29 下午 com.hou.mytomcat.catalina.Connector init
INFO : Initializing ProtocolHandler [http-bio-18081]
10 01, 2021 22:15:29 下午 com.hou.mytomcat.catalina.Connector init
INFO : Initializing ProtocolHandler [http-bio-18082]
10 01, 2021 22:15:29 下午 com.hou.mytomcat.catalina.Service init
INFO : Initialization processed int 6 ms
10 01, 2021 22:15:29 下午 com.hou.mytomcat.catalina.Connector start
INFO : Starting ProtocolHandler [http-bio-18080]
10 01, 2021 22:15:29 下午 com.hou.mytomcat.catalina.Connector start
INFO : Starting ProtocolHandler [http-bio-18081]
10 01, 2021 22:15:29 下午 com.hou.mytomcat.catalina.Connector start
INFO : Starting ProtocolHandler [http-bio-18082]
10 01, 2021 22:15:29 下午 com.hou.mytomcat.catalina.Server start
INFO : Server startup in 53 ms
10 01, 2021 22:20:10 下午 com.hou.mytomcat.catalina.Context deploy
INFO : Deploying web application directory D:\web\mytomcat\webapps\a
10 01, 2021 22:20:10 下午 com.hou.mytomcat.catalina.Context deploy
INFO : Deploying of web application directory D:\web\mytomcat\webapps\a has finished in 301 ms
10 01, 2021 22:20:10 下午 com.hou.mytomcat.catalina.Context deploy
INFO : Deploying web application directory D:\web\mytomcat\webapps\b
10 01, 2021 22:20:10 下午 com.hou.mytomcat.catalina.Context deploy
INFO : Deploying of web application directory D:\web\mytomcat\webapps\b has finished in 0 ms
10 01, 2021 22:20:10 下午 com.hou.mytomcat.catalina.Context deploy
INFO : Deploying web application directory D:\web\mytomcat\webapps\j2ee
10 01, 2021 22:20:10 下午 com.hou.mytomcat.catalina.Context deploy
INFO : Deploying of web application directory D:\web\mytomcat\webapps\j2ee has finished in 6 ms
10 01, 2021 22:20:10 下午 com.hou.mytomcat.catalina.Context deploy
INFO : Deploying web application directory D:\web\mytomcat\webapps\ROOT
10 01, 2021 22:20:10 下午 com.hou.mytomcat.catalina.Context deploy
INFO : Deploying of web application directory D:\web\mytomcat\webapps\ROOT has finished in 1 ms
10 01, 2021 22:20:10 下午 com.hou.mytomcat.catalina.Context deploy
INFO : Deploying web application directory D:/web/mytomcat/webapps/b
10 01, 2021 22:20:10 下午 com.hou.mytomcat.catalina.Context deploy
INFO : Deploying of web application directory D:/web/mytomcat/webapps/b has finished in 1 ms
10 01, 2021 22:20:10 下午 com.hou.mytomcat.catalina.Context deploy
INFO : Deploying web application directory D:/web/javaweb/web
10 01, 2021 22:20:10 下午 com.hou.mytomcat.catalina.Context deploy
INFO : Deploying of web application directory D:/web/javaweb/web has finished in 75 ms
10 01, 2021 22:20:10 下午 com.hou.mytomcat.catalina.Server logJVM
INFO : Server version:		How2J DiyTomcat/1.0.1
10 01, 2021 22:20:10 下午 com.hou.mytomcat.catalina.Server logJVM
INFO : Server built:		2021-09-10 09:00:00
10 01, 2021 22:20:10 下午 com.hou.mytomcat.catalina.Server logJVM
INFO : Server number:		1.0.1
10 01, 2021 22:20:10 下午 com.hou.mytomcat.catalina.Server logJVM
INFO : OS Name	:		Windows 10
10 01, 2021 22:20:10 下午 com.hou.mytomcat.catalina.Server logJVM
INFO : OS Version:		10.0
10 01, 2021 22:20:10 下午 com.hou.mytomcat.catalina.Server logJVM
INFO : Architecture:		amd64
10 01, 2021 22:20:10 下午 com.hou.mytomcat.catalina.Server logJVM
INFO : Java Home:		C:\Users\dell\.jdks\corretto-1.8.0_292\jre
10 01, 2021 22:20:10 下午 com.hou.mytomcat.catalina.Server logJVM
INFO : JVM Version:		1.8.0_292-b10
10 01, 2021 22:20:10 下午 com.hou.mytomcat.catalina.Server logJVM
INFO : JVM Vendor:		Oracle Corporation
10 01, 2021 22:20:10 下午 com.hou.mytomcat.catalina.Connector init
INFO : Initializing ProtocolHandler [http-bio-18080]
10 01, 2021 22:20:10 下午 com.hou.mytomcat.catalina.Connector init
INFO : Initializing ProtocolHandler [http-bio-18081]
10 01, 2021 22:20:10 下午 com.hou.mytomcat.catalina.Connector init
INFO : Initializing ProtocolHandler [http-bio-18082]
10 01, 2021 22:20:10 下午 com.hou.mytomcat.catalina.Service init
INFO : Initialization processed int 1 ms
10 01, 2021 22:20:10 下午 com.hou.mytomcat.catalina.Connector start
INFO : Starting ProtocolHandler [http-bio-18080]
10 01, 2021 22:20:10 下午 com.hou.mytomcat.catalina.Connector start
INFO : Starting ProtocolHandler [http-bio-18081]
10 01, 2021 22:20:10 下午 com.hou.mytomcat.catalina.Connector start
INFO : Starting ProtocolHandler [http-bio-18082]
10 01, 2021 22:20:10 下午 com.hou.mytomcat.catalina.Server start
INFO : Server startup in 11 ms
10 01, 2021 22:28:49 下午 com.hou.mytomcat.catalina.Context deploy
INFO : Deploying web application directory D:\web\mytomcat\webapps\a
10 01, 2021 22:28:49 下午 com.hou.mytomcat.catalina.Context deploy
INFO : Deploying of web application directory D:\web\mytomcat\webapps\a has finished in 146 ms
10 01, 2021 22:28:49 下午 com.hou.mytomcat.catalina.Context deploy
INFO : Deploying web application directory D:\web\mytomcat\webapps\b
10 01, 2021 22:28:49 下午 com.hou.mytomcat.catalina.Context deploy
INFO : Deploying of web application directory D:\web\mytomcat\webapps\b has finished in 1 ms
10 01, 2021 22:28:49 下午 com.hou.mytomcat.catalina.Context deploy
INFO : Deploying web application directory D:\web\mytomcat\webapps\j2ee
10 01, 2021 22:28:49 下午 com.hou.mytomcat.catalina.Context deploy
INFO : Deploying of web application directory D:\web\mytomcat\webapps\j2ee has finished in 5 ms
10 01, 2021 22:28:49 下午 com.hou.mytomcat.catalina.Context deploy
INFO : Deploying web application directory D:\web\mytomcat\webapps\ROOT
10 01, 2021 22:28:49 下午 com.hou.mytomcat.catalina.Context deploy
INFO : Deploying of web application directory D:\web\mytomcat\webapps\ROOT has finished in 0 ms
10 01, 2021 22:28:49 下午 com.hou.mytomcat.catalina.Context deploy
INFO : Deploying web application directory D:/web/mytomcat/webapps/b
10 01, 2021 22:28:49 下午 com.hou.mytomcat.catalina.Context deploy
INFO : Deploying of web application directory D:/web/mytomcat/webapps/b has finished in 1 ms
10 01, 2021 22:28:49 下午 com.hou.mytomcat.catalina.Context deploy
INFO : Deploying web application directory D:/web/javaweb/web
10 01, 2021 22:28:50 下午 com.hou.mytomcat.catalina.Context deploy
INFO : Deploying of web application directory D:/web/javaweb/web has finished in 81 ms
10 01, 2021 22:28:50 下午 com.hou.mytomcat.catalina.Server logJVM
INFO : Server version:		How2J DiyTomcat/1.0.1
10 01, 2021 22:28:50 下午 com.hou.mytomcat.catalina.Server logJVM
INFO : Server built:		2021-09-10 09:00:00
10 01, 2021 22:28:50 下午 com.hou.mytomcat.catalina.Server logJVM
INFO : Server number:		1.0.1
10 01, 2021 22:28:50 下午 com.hou.mytomcat.catalina.Server logJVM
INFO : OS Name	:		Windows 10
10 01, 2021 22:28:50 下午 com.hou.mytomcat.catalina.Server logJVM
INFO : OS Version:		10.0
10 01, 2021 22:28:50 下午 com.hou.mytomcat.catalina.Server logJVM
INFO : Architecture:		amd64
10 01, 2021 22:28:50 下午 com.hou.mytomcat.catalina.Server logJVM
INFO : Java Home:		C:\Users\dell\.jdks\corretto-1.8.0_292\jre
10 01, 2021 22:28:50 下午 com.hou.mytomcat.catalina.Server logJVM
INFO : JVM Version:		1.8.0_292-b10
10 01, 2021 22:28:50 下午 com.hou.mytomcat.catalina.Server logJVM
INFO : JVM Vendor:		Oracle Corporation
10 01, 2021 22:28:50 下午 com.hou.mytomcat.catalina.Connector init
INFO : Initializing ProtocolHandler [http-bio-18080]
10 01, 2021 22:28:50 下午 com.hou.mytomcat.catalina.Connector init
INFO : Initializing ProtocolHandler [http-bio-18081]
10 01, 2021 22:28:50 下午 com.hou.mytomcat.catalina.Connector init
INFO : Initializing ProtocolHandler [http-bio-18082]
10 01, 2021 22:28:50 下午 com.hou.mytomcat.catalina.Service init
INFO : Initialization processed int 1 ms
10 01, 2021 22:28:50 下午 com.hou.mytomcat.catalina.Connector start
INFO : Starting ProtocolHandler [http-bio-18080]
10 01, 2021 22:28:50 下午 com.hou.mytomcat.catalina.Connector start
INFO : Starting ProtocolHandler [http-bio-18081]
10 01, 2021 22:28:50 下午 com.hou.mytomcat.catalina.Connector start
INFO : Starting ProtocolHandler [http-bio-18082]
10 01, 2021 22:28:50 下午 com.hou.mytomcat.catalina.Server start
INFO : Server startup in 40 ms
10 01, 2021 22:29:04 下午 com.hou.mytomcat.catalina.Context deploy
INFO : Deploying web application directory D:\web\mytomcat\webapps\a
10 01, 2021 22:29:04 下午 com.hou.mytomcat.catalina.Context deploy
INFO : Deploying of web application directory D:\web\mytomcat\webapps\a has finished in 163 ms
10 01, 2021 22:29:04 下午 com.hou.mytomcat.catalina.Context deploy
INFO : Deploying web application directory D:\web\mytomcat\webapps\b
10 01, 2021 22:29:04 下午 com.hou.mytomcat.catalina.Context deploy
INFO : Deploying of web application directory D:\web\mytomcat\webapps\b has finished in 0 ms
10 01, 2021 22:29:04 下午 com.hou.mytomcat.catalina.Context deploy
INFO : Deploying web application directory D:\web\mytomcat\webapps\j2ee
10 01, 2021 22:29:04 下午 com.hou.mytomcat.catalina.Context deploy
INFO : Deploying of web application directory D:\web\mytomcat\webapps\j2ee has finished in 6 ms
10 01, 2021 22:29:04 下午 com.hou.mytomcat.catalina.Context deploy
INFO : Deploying web application directory D:\web\mytomcat\webapps\ROOT
10 01, 2021 22:29:04 下午 com.hou.mytomcat.catalina.Context deploy
INFO : Deploying of web application directory D:\web\mytomcat\webapps\ROOT has finished in 1 ms
10 01, 2021 22:29:04 下午 com.hou.mytomcat.catalina.Context deploy
INFO : Deploying web application directory D:/web/mytomcat/webapps/b
10 01, 2021 22:29:04 下午 com.hou.mytomcat.catalina.Context deploy
INFO : Deploying of web application directory D:/web/mytomcat/webapps/b has finished in 0 ms
10 01, 2021 22:29:04 下午 com.hou.mytomcat.catalina.Context deploy
INFO : Deploying web application directory D:/web/javaweb/web
10 01, 2021 22:29:04 下午 com.hou.mytomcat.catalina.Context deploy
INFO : Deploying of web application directory D:/web/javaweb/web has finished in 71 ms
10 01, 2021 22:29:04 下午 com.hou.mytomcat.catalina.Server logJVM
INFO : Server version:		How2J DiyTomcat/1.0.1
10 01, 2021 22:29:04 下午 com.hou.mytomcat.catalina.Server logJVM
INFO : Server built:		2021-09-10 09:00:00
10 01, 2021 22:29:04 下午 com.hou.mytomcat.catalina.Server logJVM
INFO : Server number:		1.0.1
10 01, 2021 22:29:04 下午 com.hou.mytomcat.catalina.Server logJVM
INFO : OS Name	:		Windows 10
10 01, 2021 22:29:04 下午 com.hou.mytomcat.catalina.Server logJVM
INFO : OS Version:		10.0
10 01, 2021 22:29:04 下午 com.hou.mytomcat.catalina.Server logJVM
INFO : Architecture:		amd64
10 01, 2021 22:29:04 下午 com.hou.mytomcat.catalina.Server logJVM
INFO : Java Home:		C:\Users\dell\.jdks\corretto-1.8.0_292\jre
10 01, 2021 22:29:04 下午 com.hou.mytomcat.catalina.Server logJVM
INFO : JVM Version:		1.8.0_292-b10
10 01, 2021 22:29:04 下午 com.hou.mytomcat.catalina.Server logJVM
INFO : JVM Vendor:		Oracle Corporation
10 01, 2021 22:29:04 下午 com.hou.mytomcat.catalina.Connector init
INFO : Initializing ProtocolHandler [http-bio-18080]
10 01, 2021 22:29:04 下午 com.hou.mytomcat.catalina.Connector init
INFO : Initializing ProtocolHandler [http-bio-18081]
10 01, 2021 22:29:04 下午 com.hou.mytomcat.catalina.Connector init
INFO : Initializing ProtocolHandler [http-bio-18082]
10 01, 2021 22:29:04 下午 com.hou.mytomcat.catalina.Service init
INFO : Initialization processed int 1 ms
10 01, 2021 22:29:04 下午 com.hou.mytomcat.catalina.Connector start
INFO : Starting ProtocolHandler [http-bio-18080]
10 01, 2021 22:29:04 下午 com.hou.mytomcat.catalina.Connector start
INFO : Starting ProtocolHandler [http-bio-18081]
10 01, 2021 22:29:04 下午 com.hou.mytomcat.catalina.Connector start
INFO : Starting ProtocolHandler [http-bio-18082]
10 01, 2021 22:29:04 下午 com.hou.mytomcat.catalina.Server start
INFO : Server startup in 21 ms
