10 02, 2021 19:27:40 下午 com.hou.mytomcat.catalina.Context deploy
INFO : Deploying web application directory D:\web\mytomcat\webapps\a
10 02, 2021 19:27:40 下午 com.hou.mytomcat.catalina.Context deploy
INFO : Deploying of web application directory D:\web\mytomcat\webapps\a has finished in 283 ms
10 02, 2021 19:27:40 下午 com.hou.mytomcat.catalina.Context deploy
INFO : Deploying web application directory D:\web\mytomcat\webapps\b
10 02, 2021 19:27:40 下午 com.hou.mytomcat.catalina.Context deploy
INFO : Deploying of web application directory D:\web\mytomcat\webapps\b has finished in 1 ms
10 02, 2021 19:27:40 下午 com.hou.mytomcat.catalina.Context deploy
INFO : Deploying web application directory D:\web\mytomcat\webapps\j2ee
10 02, 2021 19:27:40 下午 com.hou.mytomcat.catalina.Context deploy
INFO : Deploying of web application directory D:\web\mytomcat\webapps\j2ee has finished in 12 ms
10 02, 2021 19:27:40 下午 com.hou.mytomcat.catalina.Context deploy
INFO : Deploying web application directory D:\web\mytomcat\webapps\ROOT
10 02, 2021 19:27:40 下午 com.hou.mytomcat.catalina.Context deploy
INFO : Deploying of web application directory D:\web\mytomcat\webapps\ROOT has finished in 0 ms
10 02, 2021 19:27:41 下午 com.hou.mytomcat.catalina.Context deploy
INFO : Deploying web application directory D:/web/mytomcat/webapps/b
10 02, 2021 19:27:41 下午 com.hou.mytomcat.catalina.Context deploy
INFO : Deploying of web application directory D:/web/mytomcat/webapps/b has finished in 1 ms
10 02, 2021 19:27:41 下午 com.hou.mytomcat.catalina.Context deploy
INFO : Deploying web application directory D:/web/javaweb/web
10 02, 2021 19:27:41 下午 com.hou.mytomcat.catalina.Context deploy
INFO : Deploying of web application directory D:/web/javaweb/web has finished in 135 ms
10 02, 2021 19:27:41 下午 com.hou.mytomcat.catalina.Server logJVM
INFO : Server version:		How2J DiyTomcat/1.0.1
10 02, 2021 19:27:41 下午 com.hou.mytomcat.catalina.Server logJVM
INFO : Server built:		2021-09-10 09:00:00
10 02, 2021 19:27:41 下午 com.hou.mytomcat.catalina.Server logJVM
INFO : Server number:		1.0.1
10 02, 2021 19:27:41 下午 com.hou.mytomcat.catalina.Server logJVM
INFO : OS Name	:		Windows 10
10 02, 2021 19:27:41 下午 com.hou.mytomcat.catalina.Server logJVM
INFO : OS Version:		10.0
10 02, 2021 19:27:41 下午 com.hou.mytomcat.catalina.Server logJVM
INFO : Architecture:		amd64
10 02, 2021 19:27:41 下午 com.hou.mytomcat.catalina.Server logJVM
INFO : Java Home:		C:\Users\dell\.jdks\corretto-1.8.0_292\jre
10 02, 2021 19:27:41 下午 com.hou.mytomcat.catalina.Server logJVM
INFO : JVM Version:		1.8.0_292-b10
10 02, 2021 19:27:41 下午 com.hou.mytomcat.catalina.Server logJVM
INFO : JVM Vendor:		Oracle Corporation
10 02, 2021 19:27:41 下午 com.hou.mytomcat.catalina.Connector init
INFO : Initializing ProtocolHandler [http-bio-18080]
10 02, 2021 19:27:41 下午 com.hou.mytomcat.catalina.Connector init
INFO : Initializing ProtocolHandler [http-bio-18081]
10 02, 2021 19:27:41 下午 com.hou.mytomcat.catalina.Connector init
INFO : Initializing ProtocolHandler [http-bio-18082]
10 02, 2021 19:27:41 下午 com.hou.mytomcat.catalina.Service init
INFO : Initialization processed int 1 ms
10 02, 2021 19:27:41 下午 com.hou.mytomcat.catalina.Connector start
INFO : Starting ProtocolHandler [http-bio-18080]
10 02, 2021 19:27:41 下午 com.hou.mytomcat.catalina.Connector start
INFO : Starting ProtocolHandler [http-bio-18081]
10 02, 2021 19:27:41 下午 com.hou.mytomcat.catalina.Connector start
INFO : Starting ProtocolHandler [http-bio-18082]
10 02, 2021 19:27:41 下午 com.hou.mytomcat.catalina.Server start
INFO : Server startup in 13 ms
10 02, 2021 19:59:29 下午 com.hou.mytomcat.catalina.Context deploy
INFO : Deploying web application directory D:\web\mytomcat\webapps\a
10 02, 2021 19:59:29 下午 com.hou.mytomcat.catalina.Context deploy
INFO : Deploying of web application directory D:\web\mytomcat\webapps\a has finished in 392 ms
10 02, 2021 19:59:29 下午 com.hou.mytomcat.catalina.Context deploy
INFO : Deploying web application directory D:\web\mytomcat\webapps\b
10 02, 2021 19:59:29 下午 com.hou.mytomcat.catalina.Context deploy
INFO : Deploying of web application directory D:\web\mytomcat\webapps\b has finished in 1 ms
10 02, 2021 19:59:29 下午 com.hou.mytomcat.catalina.Context deploy
INFO : Deploying web application directory D:\web\mytomcat\webapps\j2ee
10 02, 2021 19:59:29 下午 com.hou.mytomcat.catalina.Context deploy
INFO : Deploying of web application directory D:\web\mytomcat\webapps\j2ee has finished in 7 ms
10 02, 2021 19:59:29 下午 com.hou.mytomcat.catalina.Context deploy
INFO : Deploying web application directory D:\web\mytomcat\webapps\ROOT
10 02, 2021 19:59:29 下午 com.hou.mytomcat.catalina.Context deploy
INFO : Deploying of web application directory D:\web\mytomcat\webapps\ROOT has finished in 0 ms
10 02, 2021 19:59:29 下午 com.hou.mytomcat.catalina.Context deploy
INFO : Deploying web application directory D:/web/mytomcat/webapps/b
10 02, 2021 19:59:29 下午 com.hou.mytomcat.catalina.Context deploy
INFO : Deploying of web application directory D:/web/mytomcat/webapps/b has finished in 1 ms
10 02, 2021 19:59:29 下午 com.hou.mytomcat.catalina.Context deploy
INFO : Deploying web application directory D:/web/javaweb/web
10 02, 2021 19:59:29 下午 com.hou.mytomcat.catalina.Context deploy
INFO : Deploying of web application directory D:/web/javaweb/web has finished in 60 ms
10 02, 2021 19:59:29 下午 com.hou.mytomcat.catalina.Server logJVM
INFO : Server version:		How2J DiyTomcat/1.0.1
10 02, 2021 19:59:29 下午 com.hou.mytomcat.catalina.Server logJVM
INFO : Server built:		2021-09-10 09:00:00
10 02, 2021 19:59:29 下午 com.hou.mytomcat.catalina.Server logJVM
INFO : Server number:		1.0.1
10 02, 2021 19:59:29 下午 com.hou.mytomcat.catalina.Server logJVM
INFO : OS Name	:		Windows 10
10 02, 2021 19:59:29 下午 com.hou.mytomcat.catalina.Server logJVM
INFO : OS Version:		10.0
10 02, 2021 19:59:29 下午 com.hou.mytomcat.catalina.Server logJVM
INFO : Architecture:		amd64
10 02, 2021 19:59:29 下午 com.hou.mytomcat.catalina.Server logJVM
INFO : Java Home:		C:\Users\dell\.jdks\corretto-1.8.0_292\jre
10 02, 2021 19:59:29 下午 com.hou.mytomcat.catalina.Server logJVM
INFO : JVM Version:		1.8.0_292-b10
10 02, 2021 19:59:29 下午 com.hou.mytomcat.catalina.Server logJVM
INFO : JVM Vendor:		Oracle Corporation
10 02, 2021 19:59:29 下午 com.hou.mytomcat.catalina.Connector init
INFO : Initializing ProtocolHandler [http-bio-18080]
10 02, 2021 19:59:29 下午 com.hou.mytomcat.catalina.Connector init
INFO : Initializing ProtocolHandler [http-bio-18081]
10 02, 2021 19:59:29 下午 com.hou.mytomcat.catalina.Connector init
INFO : Initializing ProtocolHandler [http-bio-18082]
10 02, 2021 19:59:29 下午 com.hou.mytomcat.catalina.Service init
INFO : Initialization processed int 4 ms
10 02, 2021 19:59:29 下午 com.hou.mytomcat.catalina.Connector start
INFO : Starting ProtocolHandler [http-bio-18080]
10 02, 2021 19:59:29 下午 com.hou.mytomcat.catalina.Connector start
INFO : Starting ProtocolHandler [http-bio-18081]
10 02, 2021 19:59:29 下午 com.hou.mytomcat.catalina.Connector start
INFO : Starting ProtocolHandler [http-bio-18082]
10 02, 2021 19:59:29 下午 com.hou.mytomcat.catalina.Server start
INFO : Server startup in 58 ms
10 02, 2021 19:59:52 下午 com.hou.mytomcat.catalina.HttpProcessor error
ERROR: 
java.nio.channels.ClosedChannelException
	at sun.nio.ch.SocketChannelImpl.ensureWriteOpen(SocketChannelImpl.java:269)
	at sun.nio.ch.SocketChannelImpl.write(SocketChannelImpl.java:460)
	at com.hou.mytomcat.catalina.HttpProcessor.handle200(HttpProcessor.java:134)
	at com.hou.mytomcat.catalina.HttpProcessor.execute(HttpProcessor.java:47)
	at com.hou.mytomcat.catalina.Connector$1.run(Connector.java:151)
	at java.util.concurrent.ThreadPoolExecutor.runWorker(ThreadPoolExecutor.java:1149)
	at java.util.concurrent.ThreadPoolExecutor$Worker.run(ThreadPoolExecutor.java:624)
	at java.lang.Thread.run(Thread.java:748)
10 02, 2021 19:59:52 下午 com.hou.mytomcat.catalina.HttpProcessor error
ERROR: 
java.nio.channels.ClosedChannelException
	at sun.nio.ch.SocketChannelImpl.ensureWriteOpen(SocketChannelImpl.java:269)
	at sun.nio.ch.SocketChannelImpl.write(SocketChannelImpl.java:460)
	at com.hou.mytomcat.catalina.HttpProcessor.handle200(HttpProcessor.java:134)
	at com.hou.mytomcat.catalina.HttpProcessor.execute(HttpProcessor.java:47)
	at com.hou.mytomcat.catalina.Connector$1.run(Connector.java:151)
	at java.util.concurrent.ThreadPoolExecutor.runWorker(ThreadPoolExecutor.java:1149)
	at java.util.concurrent.ThreadPoolExecutor$Worker.run(ThreadPoolExecutor.java:624)
	at java.lang.Thread.run(Thread.java:748)
10 02, 2021 19:59:52 下午 com.hou.mytomcat.catalina.HttpProcessor error
ERROR: 
java.nio.channels.ClosedChannelException
	at sun.nio.ch.SocketChannelImpl.ensureWriteOpen(SocketChannelImpl.java:269)
	at sun.nio.ch.SocketChannelImpl.write(SocketChannelImpl.java:460)
	at com.hou.mytomcat.catalina.HttpProcessor.handle200(HttpProcessor.java:134)
	at com.hou.mytomcat.catalina.HttpProcessor.execute(HttpProcessor.java:47)
	at com.hou.mytomcat.catalina.Connector$1.run(Connector.java:151)
	at java.util.concurrent.ThreadPoolExecutor.runWorker(ThreadPoolExecutor.java:1149)
	at java.util.concurrent.ThreadPoolExecutor$Worker.run(ThreadPoolExecutor.java:624)
	at java.lang.Thread.run(Thread.java:748)
10 02, 2021 19:59:52 下午 com.hou.mytomcat.catalina.HttpProcessor error
ERROR: 
java.nio.channels.ClosedChannelException
	at sun.nio.ch.SocketChannelImpl.ensureWriteOpen(SocketChannelImpl.java:269)
	at sun.nio.ch.SocketChannelImpl.write(SocketChannelImpl.java:460)
	at com.hou.mytomcat.catalina.HttpProcessor.handle200(HttpProcessor.java:134)
	at com.hou.mytomcat.catalina.HttpProcessor.execute(HttpProcessor.java:47)
	at com.hou.mytomcat.catalina.Connector$1.run(Connector.java:151)
	at java.util.concurrent.ThreadPoolExecutor.runWorker(ThreadPoolExecutor.java:1149)
	at java.util.concurrent.ThreadPoolExecutor$Worker.run(ThreadPoolExecutor.java:624)
	at java.lang.Thread.run(Thread.java:748)
10 02, 2021 20:00:08 下午 com.hou.mytomcat.catalina.HttpProcessor error
ERROR: 
java.nio.channels.ClosedChannelException
	at sun.nio.ch.SocketChannelImpl.ensureWriteOpen(SocketChannelImpl.java:269)
	at sun.nio.ch.SocketChannelImpl.write(SocketChannelImpl.java:460)
	at com.hou.mytomcat.catalina.HttpProcessor.handle200(HttpProcessor.java:134)
	at com.hou.mytomcat.catalina.HttpProcessor.execute(HttpProcessor.java:47)
	at com.hou.mytomcat.catalina.Connector$1.run(Connector.java:151)
	at java.util.concurrent.ThreadPoolExecutor.runWorker(ThreadPoolExecutor.java:1149)
	at java.util.concurrent.ThreadPoolExecutor$Worker.run(ThreadPoolExecutor.java:624)
	at java.lang.Thread.run(Thread.java:748)
10 02, 2021 22:12:56 下午 com.hou.mytomcat.catalina.Context deploy
INFO : Deploying web application directory D:\web\mytomcat\webapps\a
10 02, 2021 22:12:56 下午 com.hou.mytomcat.catalina.Context deploy
INFO : Deploying of web application directory D:\web\mytomcat\webapps\a has finished in 275 ms
10 02, 2021 22:12:56 下午 com.hou.mytomcat.catalina.Context deploy
INFO : Deploying web application directory D:\web\mytomcat\webapps\b
10 02, 2021 22:12:56 下午 com.hou.mytomcat.catalina.Context deploy
INFO : Deploying of web application directory D:\web\mytomcat\webapps\b has finished in 1 ms
10 02, 2021 22:12:56 下午 com.hou.mytomcat.catalina.Context deploy
INFO : Deploying web application directory D:\web\mytomcat\webapps\j2ee
10 02, 2021 22:12:56 下午 com.hou.mytomcat.catalina.Context deploy
INFO : Deploying of web application directory D:\web\mytomcat\webapps\j2ee has finished in 5 ms
10 02, 2021 22:12:56 下午 com.hou.mytomcat.catalina.Context deploy
INFO : Deploying web application directory D:\web\mytomcat\webapps\ROOT
10 02, 2021 22:12:56 下午 com.hou.mytomcat.catalina.Context deploy
INFO : Deploying of web application directory D:\web\mytomcat\webapps\ROOT has finished in 0 ms
10 02, 2021 22:12:56 下午 com.hou.mytomcat.catalina.Context deploy
INFO : Deploying web application directory D:/web/mytomcat/webapps/b
10 02, 2021 22:12:56 下午 com.hou.mytomcat.catalina.Context deploy
INFO : Deploying of web application directory D:/web/mytomcat/webapps/b has finished in 1 ms
10 02, 2021 22:12:56 下午 com.hou.mytomcat.catalina.Context deploy
INFO : Deploying web application directory D:/web/javaweb/web
10 02, 2021 22:12:56 下午 com.hou.mytomcat.catalina.Context deploy
INFO : Deploying of web application directory D:/web/javaweb/web has finished in 146 ms
10 02, 2021 22:12:56 下午 com.hou.mytomcat.catalina.Server logJVM
INFO : Server version:		How2J DiyTomcat/1.0.1
10 02, 2021 22:12:56 下午 com.hou.mytomcat.catalina.Server logJVM
INFO : Server built:		2021-09-10 09:00:00
10 02, 2021 22:12:56 下午 com.hou.mytomcat.catalina.Server logJVM
INFO : Server number:		1.0.1
10 02, 2021 22:12:56 下午 com.hou.mytomcat.catalina.Server logJVM
INFO : OS Name	:		Windows 10
10 02, 2021 22:12:56 下午 com.hou.mytomcat.catalina.Server logJVM
INFO : OS Version:		10.0
10 02, 2021 22:12:56 下午 com.hou.mytomcat.catalina.Server logJVM
INFO : Architecture:		amd64
10 02, 2021 22:12:56 下午 com.hou.mytomcat.catalina.Server logJVM
INFO : Java Home:		C:\Users\dell\.jdks\corretto-1.8.0_292\jre
10 02, 2021 22:12:56 下午 com.hou.mytomcat.catalina.Server logJVM
INFO : JVM Version:		1.8.0_292-b10
10 02, 2021 22:12:56 下午 com.hou.mytomcat.catalina.Server logJVM
INFO : JVM Vendor:		Oracle Corporation
10 02, 2021 22:12:56 下午 com.hou.mytomcat.catalina.Connector init
INFO : Initializing ProtocolHandler [http-bio-18080]
10 02, 2021 22:12:56 下午 com.hou.mytomcat.catalina.Connector init
INFO : Initializing ProtocolHandler [http-bio-18081]
10 02, 2021 22:12:56 下午 com.hou.mytomcat.catalina.Connector init
INFO : Initializing ProtocolHandler [http-bio-18082]
10 02, 2021 22:12:56 下午 com.hou.mytomcat.catalina.Service init
INFO : Initialization processed int 1 ms
10 02, 2021 22:12:56 下午 com.hou.mytomcat.catalina.Connector start
INFO : Starting ProtocolHandler [http-bio-18080]
10 02, 2021 22:12:56 下午 com.hou.mytomcat.catalina.Connector start
INFO : Starting ProtocolHandler [http-bio-18081]
10 02, 2021 22:12:56 下午 com.hou.mytomcat.catalina.Connector start
INFO : Starting ProtocolHandler [http-bio-18082]
10 02, 2021 22:12:56 下午 com.hou.mytomcat.catalina.Server start
INFO : Server startup in 16 ms
10 02, 2021 22:19:31 下午 com.hou.mytomcat.catalina.Context deploy
INFO : Deploying web application directory D:\web\mytomcat\webapps\a
10 02, 2021 22:19:31 下午 com.hou.mytomcat.catalina.Context deploy
INFO : Deploying of web application directory D:\web\mytomcat\webapps\a has finished in 177 ms
10 02, 2021 22:19:31 下午 com.hou.mytomcat.catalina.Context deploy
INFO : Deploying web application directory D:\web\mytomcat\webapps\b
10 02, 2021 22:19:31 下午 com.hou.mytomcat.catalina.Context deploy
INFO : Deploying of web application directory D:\web\mytomcat\webapps\b has finished in 0 ms
10 02, 2021 22:19:31 下午 com.hou.mytomcat.catalina.Context deploy
INFO : Deploying web application directory D:\web\mytomcat\webapps\j2ee
10 02, 2021 22:19:31 下午 com.hou.mytomcat.catalina.Context deploy
INFO : Deploying of web application directory D:\web\mytomcat\webapps\j2ee has finished in 5 ms
10 02, 2021 22:19:31 下午 com.hou.mytomcat.catalina.Context deploy
INFO : Deploying web application directory D:\web\mytomcat\webapps\ROOT
10 02, 2021 22:19:31 下午 com.hou.mytomcat.catalina.Context deploy
INFO : Deploying of web application directory D:\web\mytomcat\webapps\ROOT has finished in 1 ms
10 02, 2021 22:19:31 下午 com.hou.mytomcat.catalina.Context deploy
INFO : Deploying web application directory D:/web/mytomcat/webapps/b
10 02, 2021 22:19:31 下午 com.hou.mytomcat.catalina.Context deploy
INFO : Deploying of web application directory D:/web/mytomcat/webapps/b has finished in 1 ms
10 02, 2021 22:19:31 下午 com.hou.mytomcat.catalina.Context deploy
INFO : Deploying web application directory D:/web/javaweb/web
10 02, 2021 22:19:31 下午 com.hou.mytomcat.catalina.Context deploy
INFO : Deploying of web application directory D:/web/javaweb/web has finished in 33 ms
10 02, 2021 22:19:31 下午 com.hou.mytomcat.catalina.Server logJVM
INFO : Server version:		How2J DiyTomcat/1.0.1
10 02, 2021 22:19:31 下午 com.hou.mytomcat.catalina.Server logJVM
INFO : Server built:		2021-09-10 09:00:00
10 02, 2021 22:19:31 下午 com.hou.mytomcat.catalina.Server logJVM
INFO : Server number:		1.0.1
10 02, 2021 22:19:31 下午 com.hou.mytomcat.catalina.Server logJVM
INFO : OS Name	:		Windows 10
10 02, 2021 22:19:31 下午 com.hou.mytomcat.catalina.Server logJVM
INFO : OS Version:		10.0
10 02, 2021 22:19:31 下午 com.hou.mytomcat.catalina.Server logJVM
INFO : Architecture:		amd64
10 02, 2021 22:19:31 下午 com.hou.mytomcat.catalina.Server logJVM
INFO : Java Home:		C:\Users\dell\.jdks\corretto-1.8.0_292\jre
10 02, 2021 22:19:31 下午 com.hou.mytomcat.catalina.Server logJVM
INFO : JVM Version:		1.8.0_292-b10
10 02, 2021 22:19:31 下午 com.hou.mytomcat.catalina.Server logJVM
INFO : JVM Vendor:		Oracle Corporation
10 02, 2021 22:19:31 下午 com.hou.mytomcat.catalina.Connector init
INFO : Initializing ProtocolHandler [http-bio-18080]
10 02, 2021 22:19:31 下午 com.hou.mytomcat.catalina.Connector init
INFO : Initializing ProtocolHandler [http-bio-18081]
10 02, 2021 22:19:31 下午 com.hou.mytomcat.catalina.Connector init
INFO : Initializing ProtocolHandler [http-bio-18082]
10 02, 2021 22:19:31 下午 com.hou.mytomcat.catalina.Service init
INFO : Initialization processed int 1 ms
10 02, 2021 22:19:31 下午 com.hou.mytomcat.catalina.Connector start
INFO : Starting ProtocolHandler [http-bio-18080]
10 02, 2021 22:19:31 下午 com.hou.mytomcat.catalina.Connector start
INFO : Starting ProtocolHandler [http-bio-18081]
10 02, 2021 22:19:31 下午 com.hou.mytomcat.catalina.Connector start
INFO : Starting ProtocolHandler [http-bio-18082]
10 02, 2021 22:19:31 下午 com.hou.mytomcat.catalina.Server start
INFO : Server startup in 12 ms
10 02, 2021 22:21:19 下午 com.hou.mytomcat.catalina.Context deploy
INFO : Deploying web application directory D:\web\mytomcat\webapps\a
10 02, 2021 22:21:19 下午 com.hou.mytomcat.catalina.Context deploy
INFO : Deploying of web application directory D:\web\mytomcat\webapps\a has finished in 185 ms
10 02, 2021 22:21:19 下午 com.hou.mytomcat.catalina.Context deploy
INFO : Deploying web application directory D:\web\mytomcat\webapps\b
10 02, 2021 22:21:19 下午 com.hou.mytomcat.catalina.Context deploy
INFO : Deploying of web application directory D:\web\mytomcat\webapps\b has finished in 1 ms
10 02, 2021 22:21:19 下午 com.hou.mytomcat.catalina.Context deploy
INFO : Deploying web application directory D:\web\mytomcat\webapps\j2ee
10 02, 2021 22:21:19 下午 com.hou.mytomcat.catalina.Context deploy
INFO : Deploying of web application directory D:\web\mytomcat\webapps\j2ee has finished in 6 ms
10 02, 2021 22:21:19 下午 com.hou.mytomcat.catalina.Context deploy
INFO : Deploying web application directory D:\web\mytomcat\webapps\ROOT
10 02, 2021 22:21:19 下午 com.hou.mytomcat.catalina.Context deploy
INFO : Deploying of web application directory D:\web\mytomcat\webapps\ROOT has finished in 1 ms
10 02, 2021 22:21:19 下午 com.hou.mytomcat.catalina.Context deploy
INFO : Deploying web application directory D:/web/mytomcat/webapps/b
10 02, 2021 22:21:19 下午 com.hou.mytomcat.catalina.Context deploy
INFO : Deploying of web application directory D:/web/mytomcat/webapps/b has finished in 1 ms
10 02, 2021 22:21:19 下午 com.hou.mytomcat.catalina.Context deploy
INFO : Deploying web application directory D:/web/javaweb/web
10 02, 2021 22:21:19 下午 com.hou.mytomcat.catalina.Context deploy
INFO : Deploying of web application directory D:/web/javaweb/web has finished in 37 ms
10 02, 2021 22:21:19 下午 com.hou.mytomcat.catalina.Server logJVM
INFO : Server version:		How2J DiyTomcat/1.0.1
10 02, 2021 22:21:19 下午 com.hou.mytomcat.catalina.Server logJVM
INFO : Server built:		2021-09-10 09:00:00
10 02, 2021 22:21:19 下午 com.hou.mytomcat.catalina.Server logJVM
INFO : Server number:		1.0.1
10 02, 2021 22:21:19 下午 com.hou.mytomcat.catalina.Server logJVM
INFO : OS Name	:		Windows 10
10 02, 2021 22:21:19 下午 com.hou.mytomcat.catalina.Server logJVM
INFO : OS Version:		10.0
10 02, 2021 22:21:19 下午 com.hou.mytomcat.catalina.Server logJVM
INFO : Architecture:		amd64
10 02, 2021 22:21:19 下午 com.hou.mytomcat.catalina.Server logJVM
INFO : Java Home:		C:\Users\dell\.jdks\corretto-1.8.0_292\jre
10 02, 2021 22:21:19 下午 com.hou.mytomcat.catalina.Server logJVM
INFO : JVM Version:		1.8.0_292-b10
10 02, 2021 22:21:19 下午 com.hou.mytomcat.catalina.Server logJVM
INFO : JVM Vendor:		Oracle Corporation
10 02, 2021 22:21:19 下午 com.hou.mytomcat.catalina.Connector init
INFO : Initializing ProtocolHandler [http-bio-18080]
10 02, 2021 22:21:19 下午 com.hou.mytomcat.catalina.Connector init
INFO : Initializing ProtocolHandler [http-bio-18081]
10 02, 2021 22:21:19 下午 com.hou.mytomcat.catalina.Connector init
INFO : Initializing ProtocolHandler [http-bio-18082]
10 02, 2021 22:21:19 下午 com.hou.mytomcat.catalina.Service init
INFO : Initialization processed int 1 ms
10 02, 2021 22:21:19 下午 com.hou.mytomcat.catalina.Connector start
INFO : Starting ProtocolHandler [http-bio-18080]
10 02, 2021 22:21:19 下午 com.hou.mytomcat.catalina.Connector start
INFO : Starting ProtocolHandler [http-bio-18081]
10 02, 2021 22:21:19 下午 com.hou.mytomcat.catalina.Connector start
INFO : Starting ProtocolHandler [http-bio-18082]
10 02, 2021 22:21:19 下午 com.hou.mytomcat.catalina.Server start
INFO : Server startup in 16 ms
10 02, 2021 22:22:28 下午 com.hou.mytomcat.catalina.Context deploy
INFO : Deploying web application directory D:\web\mytomcat\webapps\a
10 02, 2021 22:22:28 下午 com.hou.mytomcat.catalina.Context deploy
INFO : Deploying of web application directory D:\web\mytomcat\webapps\a has finished in 348 ms
10 02, 2021 22:22:28 下午 com.hou.mytomcat.catalina.Context deploy
INFO : Deploying web application directory D:\web\mytomcat\webapps\b
10 02, 2021 22:22:28 下午 com.hou.mytomcat.catalina.Context deploy
INFO : Deploying of web application directory D:\web\mytomcat\webapps\b has finished in 1 ms
10 02, 2021 22:22:28 下午 com.hou.mytomcat.catalina.Context deploy
INFO : Deploying web application directory D:\web\mytomcat\webapps\j2ee
10 02, 2021 22:22:28 下午 com.hou.mytomcat.catalina.Context deploy
INFO : Deploying of web application directory D:\web\mytomcat\webapps\j2ee has finished in 25 ms
10 02, 2021 22:22:28 下午 com.hou.mytomcat.catalina.Context deploy
INFO : Deploying web application directory D:\web\mytomcat\webapps\ROOT
10 02, 2021 22:22:28 下午 com.hou.mytomcat.catalina.Context deploy
INFO : Deploying of web application directory D:\web\mytomcat\webapps\ROOT has finished in 2 ms
10 02, 2021 22:22:28 下午 com.hou.mytomcat.catalina.Context deploy
INFO : Deploying web application directory D:/web/mytomcat/webapps/b
10 02, 2021 22:22:28 下午 com.hou.mytomcat.catalina.Context deploy
INFO : Deploying of web application directory D:/web/mytomcat/webapps/b has finished in 0 ms
10 02, 2021 22:22:28 下午 com.hou.mytomcat.catalina.Context deploy
INFO : Deploying web application directory D:/web/javaweb/web
10 02, 2021 22:22:28 下午 com.hou.mytomcat.catalina.Context deploy
INFO : Deploying of web application directory D:/web/javaweb/web has finished in 54 ms
10 02, 2021 22:22:28 下午 com.hou.mytomcat.catalina.Server logJVM
INFO : Server version:		How2J DiyTomcat/1.0.1
10 02, 2021 22:22:28 下午 com.hou.mytomcat.catalina.Server logJVM
INFO : Server built:		2021-09-10 09:00:00
10 02, 2021 22:22:28 下午 com.hou.mytomcat.catalina.Server logJVM
INFO : Server number:		1.0.1
10 02, 2021 22:22:28 下午 com.hou.mytomcat.catalina.Server logJVM
INFO : OS Name	:		Windows 10
10 02, 2021 22:22:28 下午 com.hou.mytomcat.catalina.Server logJVM
INFO : OS Version:		10.0
10 02, 2021 22:22:28 下午 com.hou.mytomcat.catalina.Server logJVM
INFO : Architecture:		amd64
10 02, 2021 22:22:28 下午 com.hou.mytomcat.catalina.Server logJVM
INFO : Java Home:		C:\Users\dell\.jdks\corretto-1.8.0_292\jre
10 02, 2021 22:22:28 下午 com.hou.mytomcat.catalina.Server logJVM
INFO : JVM Version:		1.8.0_292-b10
10 02, 2021 22:22:28 下午 com.hou.mytomcat.catalina.Server logJVM
INFO : JVM Vendor:		Oracle Corporation
10 02, 2021 22:22:28 下午 com.hou.mytomcat.catalina.Connector init
INFO : Initializing ProtocolHandler [http-bio-18080]
10 02, 2021 22:22:28 下午 com.hou.mytomcat.catalina.Connector init
INFO : Initializing ProtocolHandler [http-bio-18081]
10 02, 2021 22:22:28 下午 com.hou.mytomcat.catalina.Connector init
INFO : Initializing ProtocolHandler [http-bio-18082]
10 02, 2021 22:22:28 下午 com.hou.mytomcat.catalina.Service init
INFO : Initialization processed int 5 ms
10 02, 2021 22:22:28 下午 com.hou.mytomcat.catalina.Connector start
INFO : Starting ProtocolHandler [http-bio-18080]
10 02, 2021 22:22:28 下午 com.hou.mytomcat.catalina.Connector start
INFO : Starting ProtocolHandler [http-bio-18081]
10 02, 2021 22:22:28 下午 com.hou.mytomcat.catalina.Connector start
INFO : Starting ProtocolHandler [http-bio-18082]
10 02, 2021 22:22:28 下午 com.hou.mytomcat.catalina.Server start
INFO : Server startup in 34 ms
10 02, 2021 22:24:13 下午 com.hou.mytomcat.catalina.Context deploy
INFO : Deploying web application directory D:\web\mytomcat\webapps\a
10 02, 2021 22:24:13 下午 com.hou.mytomcat.catalina.Context deploy
INFO : Deploying of web application directory D:\web\mytomcat\webapps\a has finished in 251 ms
10 02, 2021 22:24:13 下午 com.hou.mytomcat.catalina.Context deploy
INFO : Deploying web application directory D:\web\mytomcat\webapps\b
10 02, 2021 22:24:13 下午 com.hou.mytomcat.catalina.Context deploy
INFO : Deploying of web application directory D:\web\mytomcat\webapps\b has finished in 1 ms
10 02, 2021 22:24:13 下午 com.hou.mytomcat.catalina.Context deploy
INFO : Deploying web application directory D:\web\mytomcat\webapps\j2ee
10 02, 2021 22:24:13 下午 com.hou.mytomcat.catalina.Context deploy
INFO : Deploying of web application directory D:\web\mytomcat\webapps\j2ee has finished in 9 ms
10 02, 2021 22:24:13 下午 com.hou.mytomcat.catalina.Context deploy
INFO : Deploying web application directory D:\web\mytomcat\webapps\ROOT
10 02, 2021 22:24:13 下午 com.hou.mytomcat.catalina.Context deploy
INFO : Deploying of web application directory D:\web\mytomcat\webapps\ROOT has finished in 1 ms
10 02, 2021 22:24:13 下午 com.hou.mytomcat.catalina.Context deploy
INFO : Deploying web application directory D:/web/mytomcat/webapps/b
10 02, 2021 22:24:13 下午 com.hou.mytomcat.catalina.Context deploy
INFO : Deploying of web application directory D:/web/mytomcat/webapps/b has finished in 1 ms
10 02, 2021 22:24:13 下午 com.hou.mytomcat.catalina.Context deploy
INFO : Deploying web application directory D:/web/javaweb/web
10 02, 2021 22:24:13 下午 com.hou.mytomcat.catalina.Context deploy
INFO : Deploying of web application directory D:/web/javaweb/web has finished in 65 ms
10 02, 2021 22:24:13 下午 com.hou.mytomcat.catalina.Server logJVM
INFO : Server version:		How2J DiyTomcat/1.0.1
10 02, 2021 22:24:13 下午 com.hou.mytomcat.catalina.Server logJVM
INFO : Server built:		2021-09-10 09:00:00
10 02, 2021 22:24:13 下午 com.hou.mytomcat.catalina.Server logJVM
INFO : Server number:		1.0.1
10 02, 2021 22:24:13 下午 com.hou.mytomcat.catalina.Server logJVM
INFO : OS Name	:		Windows 10
10 02, 2021 22:24:13 下午 com.hou.mytomcat.catalina.Server logJVM
INFO : OS Version:		10.0
10 02, 2021 22:24:13 下午 com.hou.mytomcat.catalina.Server logJVM
INFO : Architecture:		amd64
10 02, 2021 22:24:13 下午 com.hou.mytomcat.catalina.Server logJVM
INFO : Java Home:		C:\Users\dell\.jdks\corretto-1.8.0_292\jre
10 02, 2021 22:24:13 下午 com.hou.mytomcat.catalina.Server logJVM
INFO : JVM Version:		1.8.0_292-b10
10 02, 2021 22:24:13 下午 com.hou.mytomcat.catalina.Server logJVM
INFO : JVM Vendor:		Oracle Corporation
10 02, 2021 22:24:13 下午 com.hou.mytomcat.catalina.Connector init
INFO : Initializing ProtocolHandler [http-bio-18080]
10 02, 2021 22:24:13 下午 com.hou.mytomcat.catalina.Connector init
INFO : Initializing ProtocolHandler [http-bio-18081]
10 02, 2021 22:24:13 下午 com.hou.mytomcat.catalina.Connector init
INFO : Initializing ProtocolHandler [http-bio-18082]
10 02, 2021 22:24:13 下午 com.hou.mytomcat.catalina.Service init
INFO : Initialization processed int 4 ms
10 02, 2021 22:24:13 下午 com.hou.mytomcat.catalina.Connector start
INFO : Starting ProtocolHandler [http-bio-18080]
10 02, 2021 22:24:13 下午 com.hou.mytomcat.catalina.Connector start
INFO : Starting ProtocolHandler [http-bio-18081]
10 02, 2021 22:24:13 下午 com.hou.mytomcat.catalina.Connector start
INFO : Starting ProtocolHandler [http-bio-18082]
10 02, 2021 22:24:13 下午 com.hou.mytomcat.catalina.Server start
INFO : Server startup in 34 ms
10 02, 2021 22:30:13 下午 com.hou.mytomcat.catalina.Context deploy
INFO : Deploying web application directory D:\web\mytomcat\webapps\a
10 02, 2021 22:30:13 下午 com.hou.mytomcat.catalina.Context deploy
INFO : Deploying of web application directory D:\web\mytomcat\webapps\a has finished in 193 ms
10 02, 2021 22:30:13 下午 com.hou.mytomcat.catalina.Context deploy
INFO : Deploying web application directory D:\web\mytomcat\webapps\b
10 02, 2021 22:30:13 下午 com.hou.mytomcat.catalina.Context deploy
INFO : Deploying of web application directory D:\web\mytomcat\webapps\b has finished in 1 ms
10 02, 2021 22:30:13 下午 com.hou.mytomcat.catalina.Context deploy
INFO : Deploying web application directory D:\web\mytomcat\webapps\j2ee
10 02, 2021 22:30:13 下午 com.hou.mytomcat.catalina.Context deploy
INFO : Deploying of web application directory D:\web\mytomcat\webapps\j2ee has finished in 7 ms
10 02, 2021 22:30:13 下午 com.hou.mytomcat.catalina.Context deploy
INFO : Deploying web application directory D:\web\mytomcat\webapps\ROOT
10 02, 2021 22:30:13 下午 com.hou.mytomcat.catalina.Context deploy
INFO : Deploying of web application directory D:\web\mytomcat\webapps\ROOT has finished in 1 ms
10 02, 2021 22:30:13 下午 com.hou.mytomcat.catalina.Context deploy
INFO : Deploying web application directory D:/web/mytomcat/webapps/b
10 02, 2021 22:30:13 下午 com.hou.mytomcat.catalina.Context deploy
INFO : Deploying of web application directory D:/web/mytomcat/webapps/b has finished in 1 ms
10 02, 2021 22:30:13 下午 com.hou.mytomcat.catalina.Context deploy
INFO : Deploying web application directory D:/web/javaweb/web
10 02, 2021 22:30:13 下午 com.hou.mytomcat.catalina.Context deploy
INFO : Deploying of web application directory D:/web/javaweb/web has finished in 41 ms
10 02, 2021 22:30:13 下午 com.hou.mytomcat.catalina.Server logJVM
INFO : Server version:		How2J DiyTomcat/1.0.1
10 02, 2021 22:30:13 下午 com.hou.mytomcat.catalina.Server logJVM
INFO : Server built:		2021-09-10 09:00:00
10 02, 2021 22:30:13 下午 com.hou.mytomcat.catalina.Server logJVM
INFO : Server number:		1.0.1
10 02, 2021 22:30:13 下午 com.hou.mytomcat.catalina.Server logJVM
INFO : OS Name	:		Windows 10
10 02, 2021 22:30:13 下午 com.hou.mytomcat.catalina.Server logJVM
INFO : OS Version:		10.0
10 02, 2021 22:30:13 下午 com.hou.mytomcat.catalina.Server logJVM
INFO : Architecture:		amd64
10 02, 2021 22:30:13 下午 com.hou.mytomcat.catalina.Server logJVM
INFO : Java Home:		C:\Users\dell\.jdks\corretto-1.8.0_292\jre
10 02, 2021 22:30:13 下午 com.hou.mytomcat.catalina.Server logJVM
INFO : JVM Version:		1.8.0_292-b10
10 02, 2021 22:30:13 下午 com.hou.mytomcat.catalina.Server logJVM
INFO : JVM Vendor:		Oracle Corporation
10 02, 2021 22:30:13 下午 com.hou.mytomcat.catalina.Connector init
INFO : Initializing ProtocolHandler [http-bio-18080]
10 02, 2021 22:30:13 下午 com.hou.mytomcat.catalina.Connector init
INFO : Initializing ProtocolHandler [http-bio-18081]
10 02, 2021 22:30:13 下午 com.hou.mytomcat.catalina.Connector init
INFO : Initializing ProtocolHandler [http-bio-18082]
10 02, 2021 22:30:13 下午 com.hou.mytomcat.catalina.Service init
INFO : Initialization processed int 1 ms
10 02, 2021 22:30:13 下午 com.hou.mytomcat.catalina.Connector start
INFO : Starting ProtocolHandler [http-bio-18080]
10 02, 2021 22:30:13 下午 com.hou.mytomcat.catalina.Connector start
INFO : Starting ProtocolHandler [http-bio-18081]
10 02, 2021 22:30:13 下午 com.hou.mytomcat.catalina.Connector start
INFO : Starting ProtocolHandler [http-bio-18082]
10 02, 2021 22:30:13 下午 com.hou.mytomcat.catalina.Server start
INFO : Server startup in 20 ms
10 02, 2021 22:34:27 下午 com.hou.mytomcat.catalina.HttpProcessor error
ERROR: 
java.nio.channels.ClosedChannelException
	at sun.nio.ch.SocketChannelImpl.ensureWriteOpen(SocketChannelImpl.java:269)
	at sun.nio.ch.SocketChannelImpl.write(SocketChannelImpl.java:460)
	at com.hou.mytomcat.catalina.HttpProcessor.handle200(HttpProcessor.java:135)
	at com.hou.mytomcat.catalina.HttpProcessor.execute(HttpProcessor.java:47)
	at com.hou.mytomcat.catalina.Connector$2.run(Connector.java:152)
	at java.util.concurrent.ThreadPoolExecutor.runWorker(ThreadPoolExecutor.java:1149)
	at java.util.concurrent.ThreadPoolExecutor$Worker.run(ThreadPoolExecutor.java:624)
	at java.lang.Thread.run(Thread.java:748)
10 02, 2021 22:34:27 下午 com.hou.mytomcat.catalina.HttpProcessor error
ERROR: 
java.nio.channels.ClosedChannelException
	at sun.nio.ch.SocketChannelImpl.ensureWriteOpen(SocketChannelImpl.java:269)
	at sun.nio.ch.SocketChannelImpl.write(SocketChannelImpl.java:460)
	at com.hou.mytomcat.catalina.HttpProcessor.handle200(HttpProcessor.java:135)
	at com.hou.mytomcat.catalina.HttpProcessor.execute(HttpProcessor.java:47)
	at com.hou.mytomcat.catalina.Connector$2.run(Connector.java:152)
	at java.util.concurrent.ThreadPoolExecutor.runWorker(ThreadPoolExecutor.java:1149)
	at java.util.concurrent.ThreadPoolExecutor$Worker.run(ThreadPoolExecutor.java:624)
	at java.lang.Thread.run(Thread.java:748)
10 02, 2021 22:35:17 下午 com.hou.mytomcat.catalina.HttpProcessor error
ERROR: 
java.nio.channels.ClosedChannelException
	at sun.nio.ch.SocketChannelImpl.ensureWriteOpen(SocketChannelImpl.java:269)
	at sun.nio.ch.SocketChannelImpl.write(SocketChannelImpl.java:460)
	at com.hou.mytomcat.catalina.HttpProcessor.handle200(HttpProcessor.java:135)
	at com.hou.mytomcat.catalina.HttpProcessor.execute(HttpProcessor.java:47)
	at com.hou.mytomcat.catalina.Connector$2.run(Connector.java:152)
	at java.util.concurrent.ThreadPoolExecutor.runWorker(ThreadPoolExecutor.java:1149)
	at java.util.concurrent.ThreadPoolExecutor$Worker.run(ThreadPoolExecutor.java:624)
	at java.lang.Thread.run(Thread.java:748)
10 02, 2021 22:35:17 下午 com.hou.mytomcat.catalina.HttpProcessor error
ERROR: 
java.nio.channels.ClosedChannelException
	at sun.nio.ch.SocketChannelImpl.ensureWriteOpen(SocketChannelImpl.java:269)
	at sun.nio.ch.SocketChannelImpl.write(SocketChannelImpl.java:460)
	at com.hou.mytomcat.catalina.HttpProcessor.handle200(HttpProcessor.java:135)
	at com.hou.mytomcat.catalina.HttpProcessor.execute(HttpProcessor.java:47)
	at com.hou.mytomcat.catalina.Connector$2.run(Connector.java:152)
	at java.util.concurrent.ThreadPoolExecutor.runWorker(ThreadPoolExecutor.java:1149)
	at java.util.concurrent.ThreadPoolExecutor$Worker.run(ThreadPoolExecutor.java:624)
	at java.lang.Thread.run(Thread.java:748)
10 02, 2021 22:35:21 下午 com.hou.mytomcat.catalina.HttpProcessor error
ERROR: 
java.nio.channels.ClosedChannelException
	at sun.nio.ch.SocketChannelImpl.ensureWriteOpen(SocketChannelImpl.java:269)
	at sun.nio.ch.SocketChannelImpl.write(SocketChannelImpl.java:460)
	at com.hou.mytomcat.catalina.HttpProcessor.handle200(HttpProcessor.java:135)
	at com.hou.mytomcat.catalina.HttpProcessor.execute(HttpProcessor.java:47)
	at com.hou.mytomcat.catalina.Connector$2.run(Connector.java:152)
	at java.util.concurrent.ThreadPoolExecutor.runWorker(ThreadPoolExecutor.java:1149)
	at java.util.concurrent.ThreadPoolExecutor$Worker.run(ThreadPoolExecutor.java:624)
	at java.lang.Thread.run(Thread.java:748)
10 02, 2021 22:35:43 下午 com.hou.mytomcat.catalina.Context deploy
INFO : Deploying web application directory D:\web\mytomcat\webapps\a
10 02, 2021 22:35:43 下午 com.hou.mytomcat.catalina.Context deploy
INFO : Deploying of web application directory D:\web\mytomcat\webapps\a has finished in 173 ms
10 02, 2021 22:35:43 下午 com.hou.mytomcat.catalina.Context deploy
INFO : Deploying web application directory D:\web\mytomcat\webapps\b
10 02, 2021 22:35:43 下午 com.hou.mytomcat.catalina.Context deploy
INFO : Deploying of web application directory D:\web\mytomcat\webapps\b has finished in 0 ms
10 02, 2021 22:35:43 下午 com.hou.mytomcat.catalina.Context deploy
INFO : Deploying web application directory D:\web\mytomcat\webapps\j2ee
10 02, 2021 22:35:43 下午 com.hou.mytomcat.catalina.Context deploy
INFO : Deploying of web application directory D:\web\mytomcat\webapps\j2ee has finished in 4 ms
10 02, 2021 22:35:43 下午 com.hou.mytomcat.catalina.Context deploy
INFO : Deploying web application directory D:\web\mytomcat\webapps\ROOT
10 02, 2021 22:35:43 下午 com.hou.mytomcat.catalina.Context deploy
INFO : Deploying of web application directory D:\web\mytomcat\webapps\ROOT has finished in 1 ms
10 02, 2021 22:35:43 下午 com.hou.mytomcat.catalina.Context deploy
INFO : Deploying web application directory D:/web/mytomcat/webapps/b
10 02, 2021 22:35:43 下午 com.hou.mytomcat.catalina.Context deploy
INFO : Deploying of web application directory D:/web/mytomcat/webapps/b has finished in 1 ms
10 02, 2021 22:35:43 下午 com.hou.mytomcat.catalina.Context deploy
INFO : Deploying web application directory D:/web/javaweb/web
10 02, 2021 22:35:44 下午 com.hou.mytomcat.catalina.Context deploy
INFO : Deploying of web application directory D:/web/javaweb/web has finished in 34 ms
10 02, 2021 22:35:44 下午 com.hou.mytomcat.catalina.Server logJVM
INFO : Server version:		How2J DiyTomcat/1.0.1
10 02, 2021 22:35:44 下午 com.hou.mytomcat.catalina.Server logJVM
INFO : Server built:		2021-09-10 09:00:00
10 02, 2021 22:35:44 下午 com.hou.mytomcat.catalina.Server logJVM
INFO : Server number:		1.0.1
10 02, 2021 22:35:44 下午 com.hou.mytomcat.catalina.Server logJVM
INFO : OS Name	:		Windows 10
10 02, 2021 22:35:44 下午 com.hou.mytomcat.catalina.Server logJVM
INFO : OS Version:		10.0
10 02, 2021 22:35:44 下午 com.hou.mytomcat.catalina.Server logJVM
INFO : Architecture:		amd64
10 02, 2021 22:35:44 下午 com.hou.mytomcat.catalina.Server logJVM
INFO : Java Home:		C:\Users\dell\.jdks\corretto-1.8.0_292\jre
10 02, 2021 22:35:44 下午 com.hou.mytomcat.catalina.Server logJVM
INFO : JVM Version:		1.8.0_292-b10
10 02, 2021 22:35:44 下午 com.hou.mytomcat.catalina.Server logJVM
INFO : JVM Vendor:		Oracle Corporation
10 02, 2021 22:35:44 下午 com.hou.mytomcat.catalina.Connector init
INFO : Initializing ProtocolHandler [http-bio-18080]
10 02, 2021 22:35:44 下午 com.hou.mytomcat.catalina.Connector init
INFO : Initializing ProtocolHandler [http-bio-18081]
10 02, 2021 22:35:44 下午 com.hou.mytomcat.catalina.Connector init
INFO : Initializing ProtocolHandler [http-bio-18082]
10 02, 2021 22:35:44 下午 com.hou.mytomcat.catalina.Service init
INFO : Initialization processed int 1 ms
10 02, 2021 22:35:44 下午 com.hou.mytomcat.catalina.Connector start
INFO : Starting ProtocolHandler [http-bio-18080]
10 02, 2021 22:35:44 下午 com.hou.mytomcat.catalina.Connector start
INFO : Starting ProtocolHandler [http-bio-18081]
10 02, 2021 22:35:44 下午 com.hou.mytomcat.catalina.Connector start
INFO : Starting ProtocolHandler [http-bio-18082]
10 02, 2021 22:35:44 下午 com.hou.mytomcat.catalina.Server start
INFO : Server startup in 25 ms
10 02, 2021 22:35:44 下午 com.hou.mytomcat.catalina.HttpProcessor error
ERROR: 
java.nio.channels.ClosedChannelException
	at sun.nio.ch.SocketChannelImpl.ensureWriteOpen(SocketChannelImpl.java:269)
	at sun.nio.ch.SocketChannelImpl.write(SocketChannelImpl.java:460)
	at com.hou.mytomcat.catalina.HttpProcessor.handle200(HttpProcessor.java:135)
	at com.hou.mytomcat.catalina.HttpProcessor.execute(HttpProcessor.java:47)
	at com.hou.mytomcat.catalina.Connector$2.run(Connector.java:152)
	at java.util.concurrent.ThreadPoolExecutor.runWorker(ThreadPoolExecutor.java:1149)
	at java.util.concurrent.ThreadPoolExecutor$Worker.run(ThreadPoolExecutor.java:624)
	at java.lang.Thread.run(Thread.java:748)
10 02, 2021 22:35:45 下午 com.hou.mytomcat.catalina.HttpProcessor error
ERROR: 
java.nio.channels.ClosedChannelException
	at sun.nio.ch.SocketChannelImpl.ensureWriteOpen(SocketChannelImpl.java:269)
	at sun.nio.ch.SocketChannelImpl.write(SocketChannelImpl.java:460)
	at com.hou.mytomcat.catalina.HttpProcessor.handle200(HttpProcessor.java:135)
	at com.hou.mytomcat.catalina.HttpProcessor.execute(HttpProcessor.java:47)
	at com.hou.mytomcat.catalina.Connector$2.run(Connector.java:152)
	at java.util.concurrent.ThreadPoolExecutor.runWorker(ThreadPoolExecutor.java:1149)
	at java.util.concurrent.ThreadPoolExecutor$Worker.run(ThreadPoolExecutor.java:624)
	at java.lang.Thread.run(Thread.java:748)
10 02, 2021 22:35:45 下午 com.hou.mytomcat.catalina.HttpProcessor error
ERROR: 
java.nio.channels.ClosedChannelException
	at sun.nio.ch.SocketChannelImpl.ensureWriteOpen(SocketChannelImpl.java:269)
	at sun.nio.ch.SocketChannelImpl.write(SocketChannelImpl.java:460)
	at com.hou.mytomcat.catalina.HttpProcessor.handle200(HttpProcessor.java:135)
	at com.hou.mytomcat.catalina.HttpProcessor.execute(HttpProcessor.java:47)
	at com.hou.mytomcat.catalina.Connector$2.run(Connector.java:152)
	at java.util.concurrent.ThreadPoolExecutor.runWorker(ThreadPoolExecutor.java:1149)
	at java.util.concurrent.ThreadPoolExecutor$Worker.run(ThreadPoolExecutor.java:624)
	at java.lang.Thread.run(Thread.java:748)
10 02, 2021 22:36:03 下午 com.hou.mytomcat.catalina.Context deploy
INFO : Deploying web application directory D:\web\mytomcat\webapps\a
10 02, 2021 22:36:03 下午 com.hou.mytomcat.catalina.Context deploy
INFO : Deploying of web application directory D:\web\mytomcat\webapps\a has finished in 172 ms
10 02, 2021 22:36:03 下午 com.hou.mytomcat.catalina.Context deploy
INFO : Deploying web application directory D:\web\mytomcat\webapps\b
10 02, 2021 22:36:03 下午 com.hou.mytomcat.catalina.Context deploy
INFO : Deploying of web application directory D:\web\mytomcat\webapps\b has finished in 0 ms
10 02, 2021 22:36:03 下午 com.hou.mytomcat.catalina.Context deploy
INFO : Deploying web application directory D:\web\mytomcat\webapps\j2ee
10 02, 2021 22:36:03 下午 com.hou.mytomcat.catalina.Context deploy
INFO : Deploying of web application directory D:\web\mytomcat\webapps\j2ee has finished in 16 ms
10 02, 2021 22:36:03 下午 com.hou.mytomcat.catalina.Context deploy
INFO : Deploying web application directory D:\web\mytomcat\webapps\ROOT
10 02, 2021 22:36:03 下午 com.hou.mytomcat.catalina.Context deploy
INFO : Deploying of web application directory D:\web\mytomcat\webapps\ROOT has finished in 0 ms
10 02, 2021 22:36:04 下午 com.hou.mytomcat.catalina.Context deploy
INFO : Deploying web application directory D:/web/mytomcat/webapps/b
10 02, 2021 22:36:04 下午 com.hou.mytomcat.catalina.Context deploy
INFO : Deploying of web application directory D:/web/mytomcat/webapps/b has finished in 0 ms
10 02, 2021 22:36:04 下午 com.hou.mytomcat.catalina.Context deploy
INFO : Deploying web application directory D:/web/javaweb/web
10 02, 2021 22:36:04 下午 com.hou.mytomcat.catalina.Context deploy
INFO : Deploying of web application directory D:/web/javaweb/web has finished in 45 ms
10 02, 2021 22:36:04 下午 com.hou.mytomcat.catalina.Server logJVM
INFO : Server version:		How2J DiyTomcat/1.0.1
10 02, 2021 22:36:04 下午 com.hou.mytomcat.catalina.Server logJVM
INFO : Server built:		2021-09-10 09:00:00
10 02, 2021 22:36:04 下午 com.hou.mytomcat.catalina.Server logJVM
INFO : Server number:		1.0.1
10 02, 2021 22:36:04 下午 com.hou.mytomcat.catalina.Server logJVM
INFO : OS Name	:		Windows 10
10 02, 2021 22:36:04 下午 com.hou.mytomcat.catalina.Server logJVM
INFO : OS Version:		10.0
10 02, 2021 22:36:04 下午 com.hou.mytomcat.catalina.Server logJVM
INFO : Architecture:		amd64
10 02, 2021 22:36:04 下午 com.hou.mytomcat.catalina.Server logJVM
INFO : Java Home:		C:\Users\dell\.jdks\corretto-1.8.0_292\jre
10 02, 2021 22:36:04 下午 com.hou.mytomcat.catalina.Server logJVM
INFO : JVM Version:		1.8.0_292-b10
10 02, 2021 22:36:04 下午 com.hou.mytomcat.catalina.Server logJVM
INFO : JVM Vendor:		Oracle Corporation
10 02, 2021 22:36:04 下午 com.hou.mytomcat.catalina.Connector init
INFO : Initializing ProtocolHandler [http-bio-18080]
10 02, 2021 22:36:04 下午 com.hou.mytomcat.catalina.Connector init
INFO : Initializing ProtocolHandler [http-bio-18081]
10 02, 2021 22:36:04 下午 com.hou.mytomcat.catalina.Connector init
INFO : Initializing ProtocolHandler [http-bio-18082]
10 02, 2021 22:36:04 下午 com.hou.mytomcat.catalina.Service init
INFO : Initialization processed int 1 ms
10 02, 2021 22:36:04 下午 com.hou.mytomcat.catalina.Connector start
INFO : Starting ProtocolHandler [http-bio-18080]
10 02, 2021 22:36:04 下午 com.hou.mytomcat.catalina.Connector start
INFO : Starting ProtocolHandler [http-bio-18081]
10 02, 2021 22:36:04 下午 com.hou.mytomcat.catalina.Connector start
INFO : Starting ProtocolHandler [http-bio-18082]
10 02, 2021 22:36:04 下午 com.hou.mytomcat.catalina.Server start
INFO : Server startup in 29 ms
10 02, 2021 22:36:05 下午 com.hou.mytomcat.catalina.HttpProcessor error
ERROR: 
java.nio.channels.ClosedChannelException
	at sun.nio.ch.SocketChannelImpl.ensureWriteOpen(SocketChannelImpl.java:269)
	at sun.nio.ch.SocketChannelImpl.write(SocketChannelImpl.java:460)
	at com.hou.mytomcat.catalina.HttpProcessor.handle200(HttpProcessor.java:135)
	at com.hou.mytomcat.catalina.HttpProcessor.execute(HttpProcessor.java:47)
	at com.hou.mytomcat.catalina.Connector$2.run(Connector.java:152)
	at java.util.concurrent.ThreadPoolExecutor.runWorker(ThreadPoolExecutor.java:1149)
	at java.util.concurrent.ThreadPoolExecutor$Worker.run(ThreadPoolExecutor.java:624)
	at java.lang.Thread.run(Thread.java:748)
10 02, 2021 22:36:07 下午 com.hou.mytomcat.catalina.HttpProcessor error
ERROR: 
java.nio.channels.ClosedChannelException
	at sun.nio.ch.SocketChannelImpl.ensureWriteOpen(SocketChannelImpl.java:269)
	at sun.nio.ch.SocketChannelImpl.write(SocketChannelImpl.java:460)
	at com.hou.mytomcat.catalina.HttpProcessor.handle200(HttpProcessor.java:135)
	at com.hou.mytomcat.catalina.HttpProcessor.execute(HttpProcessor.java:47)
	at com.hou.mytomcat.catalina.Connector$2.run(Connector.java:152)
	at java.util.concurrent.ThreadPoolExecutor.runWorker(ThreadPoolExecutor.java:1149)
	at java.util.concurrent.ThreadPoolExecutor$Worker.run(ThreadPoolExecutor.java:624)
	at java.lang.Thread.run(Thread.java:748)
10 02, 2021 22:36:12 下午 com.hou.mytomcat.catalina.HttpProcessor error
ERROR: 
java.nio.channels.ClosedChannelException
	at sun.nio.ch.SocketChannelImpl.ensureWriteOpen(SocketChannelImpl.java:269)
	at sun.nio.ch.SocketChannelImpl.write(SocketChannelImpl.java:460)
	at com.hou.mytomcat.catalina.HttpProcessor.handle200(HttpProcessor.java:135)
	at com.hou.mytomcat.catalina.HttpProcessor.execute(HttpProcessor.java:47)
	at com.hou.mytomcat.catalina.Connector$2.run(Connector.java:152)
	at java.util.concurrent.ThreadPoolExecutor.runWorker(ThreadPoolExecutor.java:1149)
	at java.util.concurrent.ThreadPoolExecutor$Worker.run(ThreadPoolExecutor.java:624)
	at java.lang.Thread.run(Thread.java:748)
