10 05, 2021 13:22:55 下午 com.hou.mytomcat.catalina.Context deploy
INFO : Deploying web application directory D:\web\mytomcat\webapps\a
10 05, 2021 13:22:55 下午 com.hou.mytomcat.catalina.Context deploy
INFO : Deploying of web application directory D:\web\mytomcat\webapps\a has finished in 296 ms
10 05, 2021 13:22:55 下午 com.hou.mytomcat.catalina.Context deploy
INFO : Deploying web application directory D:\web\mytomcat\webapps\b
10 05, 2021 13:22:55 下午 com.hou.mytomcat.catalina.Context deploy
INFO : Deploying of web application directory D:\web\mytomcat\webapps\b has finished in 0 ms
10 05, 2021 13:22:55 下午 com.hou.mytomcat.catalina.Context deploy
INFO : Deploying web application directory D:\web\mytomcat\webapps\j2ee
10 05, 2021 13:22:55 下午 com.hou.mytomcat.catalina.Context deploy
INFO : Deploying of web application directory D:\web\mytomcat\webapps\j2ee has finished in 16 ms
10 05, 2021 13:22:55 下午 com.hou.mytomcat.catalina.Context deploy
INFO : Deploying web application directory D:\web\mytomcat\webapps\ROOT
10 05, 2021 13:22:55 下午 com.hou.mytomcat.catalina.Context deploy
INFO : Deploying of web application directory D:\web\mytomcat\webapps\ROOT has finished in 0 ms
10 05, 2021 13:22:55 下午 com.hou.mytomcat.catalina.Context deploy
INFO : Deploying web application directory D:/web/mytomcat/webapps/b
10 05, 2021 13:22:55 下午 com.hou.mytomcat.catalina.Context deploy
INFO : Deploying of web application directory D:/web/mytomcat/webapps/b has finished in 0 ms
10 05, 2021 13:22:55 下午 com.hou.mytomcat.catalina.Context deploy
INFO : Deploying web application directory D:/web/javaweb/web
10 05, 2021 13:22:55 下午 com.hou.mytomcat.catalina.Context deploy
INFO : Deploying of web application directory D:/web/javaweb/web has finished in 78 ms
10 05, 2021 13:22:55 下午 com.hou.mytomcat.catalina.Server logJVM
INFO : Server version:		How2J DiyTomcat/1.0.1
10 05, 2021 13:22:55 下午 com.hou.mytomcat.catalina.Server logJVM
INFO : Server built:		2021-09-10 09:00:00
10 05, 2021 13:22:55 下午 com.hou.mytomcat.catalina.Server logJVM
INFO : Server number:		1.0.1
10 05, 2021 13:22:55 下午 com.hou.mytomcat.catalina.Server logJVM
INFO : OS Name	:		Windows 10
10 05, 2021 13:22:55 下午 com.hou.mytomcat.catalina.Server logJVM
INFO : OS Version:		10.0
10 05, 2021 13:22:55 下午 com.hou.mytomcat.catalina.Server logJVM
INFO : Architecture:		amd64
10 05, 2021 13:22:55 下午 com.hou.mytomcat.catalina.Server logJVM
INFO : Java Home:		C:\Users\dell\.jdks\corretto-1.8.0_292\jre
10 05, 2021 13:22:55 下午 com.hou.mytomcat.catalina.Server logJVM
INFO : JVM Version:		1.8.0_292-b10
10 05, 2021 13:22:55 下午 com.hou.mytomcat.catalina.Server logJVM
INFO : JVM Vendor:		Oracle Corporation
10 05, 2021 13:22:55 下午 com.hou.mytomcat.catalina.Connector init
INFO : Initializing ProtocolHandler [http-nio-18080]
10 05, 2021 13:22:55 下午 com.hou.mytomcat.catalina.Connector init
INFO : Initializing ProtocolHandler [http-nio-18081]
10 05, 2021 13:22:55 下午 com.hou.mytomcat.catalina.Connector init
INFO : Initializing ProtocolHandler [http-nio-18082]
10 05, 2021 13:22:55 下午 com.hou.mytomcat.catalina.Service init
INFO : Initialization processed int 0 ms
10 05, 2021 13:22:55 下午 com.hou.mytomcat.catalina.Connector start
INFO : Starting ProtocolHandler [http-nio-18080]
10 05, 2021 13:22:55 下午 com.hou.mytomcat.catalina.Connector start
INFO : Starting ProtocolHandler [http-nio-18081]
10 05, 2021 13:22:55 下午 com.hou.mytomcat.catalina.Connector start
INFO : Starting ProtocolHandler [http-nio-18082]
10 05, 2021 13:22:55 下午 com.hou.mytomcat.catalina.Server start
INFO : Server startup in 47 ms
10 05, 2021 13:23:09 下午 com.hou.mytomcat.catalina.Context deploy
INFO : Deploying web application directory D:\web\mytomcat\webapps\a
10 05, 2021 13:23:09 下午 com.hou.mytomcat.catalina.Context deploy
INFO : Deploying of web application directory D:\web\mytomcat\webapps\a has finished in 156 ms
10 05, 2021 13:23:09 下午 com.hou.mytomcat.catalina.Context deploy
INFO : Deploying web application directory D:\web\mytomcat\webapps\b
10 05, 2021 13:23:09 下午 com.hou.mytomcat.catalina.Context deploy
INFO : Deploying of web application directory D:\web\mytomcat\webapps\b has finished in 0 ms
10 05, 2021 13:23:09 下午 com.hou.mytomcat.catalina.Context deploy
INFO : Deploying web application directory D:\web\mytomcat\webapps\j2ee
10 05, 2021 13:23:09 下午 com.hou.mytomcat.catalina.Context deploy
INFO : Deploying of web application directory D:\web\mytomcat\webapps\j2ee has finished in 0 ms
10 05, 2021 13:23:09 下午 com.hou.mytomcat.catalina.Context deploy
INFO : Deploying web application directory D:\web\mytomcat\webapps\ROOT
10 05, 2021 13:23:09 下午 com.hou.mytomcat.catalina.Context deploy
INFO : Deploying of web application directory D:\web\mytomcat\webapps\ROOT has finished in 0 ms
10 05, 2021 13:23:09 下午 com.hou.mytomcat.catalina.Context deploy
INFO : Deploying web application directory D:/web/mytomcat/webapps/b
10 05, 2021 13:23:09 下午 com.hou.mytomcat.catalina.Context deploy
INFO : Deploying of web application directory D:/web/mytomcat/webapps/b has finished in 0 ms
10 05, 2021 13:23:09 下午 com.hou.mytomcat.catalina.Context deploy
INFO : Deploying web application directory D:/web/javaweb/web
10 05, 2021 13:23:09 下午 com.hou.mytomcat.catalina.Context deploy
INFO : Deploying of web application directory D:/web/javaweb/web has finished in 62 ms
10 05, 2021 13:23:09 下午 com.hou.mytomcat.catalina.Server logJVM
INFO : Server version:		How2J DiyTomcat/1.0.1
10 05, 2021 13:23:09 下午 com.hou.mytomcat.catalina.Server logJVM
INFO : Server built:		2021-09-10 09:00:00
10 05, 2021 13:23:09 下午 com.hou.mytomcat.catalina.Server logJVM
INFO : Server number:		1.0.1
10 05, 2021 13:23:09 下午 com.hou.mytomcat.catalina.Server logJVM
INFO : OS Name	:		Windows 10
10 05, 2021 13:23:09 下午 com.hou.mytomcat.catalina.Server logJVM
INFO : OS Version:		10.0
10 05, 2021 13:23:09 下午 com.hou.mytomcat.catalina.Server logJVM
INFO : Architecture:		amd64
10 05, 2021 13:23:09 下午 com.hou.mytomcat.catalina.Server logJVM
INFO : Java Home:		C:\Users\dell\.jdks\corretto-1.8.0_292\jre
10 05, 2021 13:23:09 下午 com.hou.mytomcat.catalina.Server logJVM
INFO : JVM Version:		1.8.0_292-b10
10 05, 2021 13:23:09 下午 com.hou.mytomcat.catalina.Server logJVM
INFO : JVM Vendor:		Oracle Corporation
10 05, 2021 13:23:09 下午 com.hou.mytomcat.catalina.Connector init
INFO : Initializing ProtocolHandler [http-nio-18080]
10 05, 2021 13:23:09 下午 com.hou.mytomcat.catalina.Connector init
INFO : Initializing ProtocolHandler [http-nio-18081]
10 05, 2021 13:23:09 下午 com.hou.mytomcat.catalina.Connector init
INFO : Initializing ProtocolHandler [http-nio-18082]
10 05, 2021 13:23:09 下午 com.hou.mytomcat.catalina.Service init
INFO : Initialization processed int 0 ms
10 05, 2021 13:23:09 下午 com.hou.mytomcat.catalina.Connector start
INFO : Starting ProtocolHandler [http-nio-18080]
10 05, 2021 13:23:09 下午 com.hou.mytomcat.catalina.Connector start
INFO : Starting ProtocolHandler [http-nio-18081]
10 05, 2021 13:23:09 下午 com.hou.mytomcat.catalina.Connector start
INFO : Starting ProtocolHandler [http-nio-18082]
10 05, 2021 13:23:09 下午 com.hou.mytomcat.catalina.Server start
INFO : Server startup in 47 ms
10 05, 2021 13:43:07 下午 com.hou.mytomcat.catalina.Context deploy
INFO : Deploying web application directory D:\web\mytomcat\webapps\a
10 05, 2021 13:43:07 下午 com.hou.mytomcat.catalina.Context deploy
INFO : Deploying of web application directory D:\web\mytomcat\webapps\a has finished in 171 ms
10 05, 2021 13:43:07 下午 com.hou.mytomcat.catalina.Context deploy
INFO : Deploying web application directory D:\web\mytomcat\webapps\b
10 05, 2021 13:43:07 下午 com.hou.mytomcat.catalina.Context deploy
INFO : Deploying of web application directory D:\web\mytomcat\webapps\b has finished in 0 ms
10 05, 2021 13:43:07 下午 com.hou.mytomcat.catalina.Context deploy
INFO : Deploying web application directory D:\web\mytomcat\webapps\j2ee
10 05, 2021 13:43:07 下午 com.hou.mytomcat.catalina.Context deploy
INFO : Deploying of web application directory D:\web\mytomcat\webapps\j2ee has finished in 0 ms
10 05, 2021 13:43:07 下午 com.hou.mytomcat.catalina.Context deploy
INFO : Deploying web application directory D:\web\mytomcat\webapps\ROOT
10 05, 2021 13:43:07 下午 com.hou.mytomcat.catalina.Context deploy
INFO : Deploying of web application directory D:\web\mytomcat\webapps\ROOT has finished in 0 ms
10 05, 2021 13:43:07 下午 com.hou.mytomcat.catalina.Context deploy
INFO : Deploying web application directory D:/web/mytomcat/webapps/b
10 05, 2021 13:43:07 下午 com.hou.mytomcat.catalina.Context deploy
INFO : Deploying of web application directory D:/web/mytomcat/webapps/b has finished in 0 ms
10 05, 2021 13:43:07 下午 com.hou.mytomcat.catalina.Context deploy
INFO : Deploying web application directory D:/web/javaweb/web
10 05, 2021 13:43:07 下午 com.hou.mytomcat.catalina.Context deploy
INFO : Deploying of web application directory D:/web/javaweb/web has finished in 94 ms
10 05, 2021 13:43:07 下午 com.hou.mytomcat.catalina.Server logJVM
INFO : Server version:		How2J DiyTomcat/1.0.1
10 05, 2021 13:43:07 下午 com.hou.mytomcat.catalina.Server logJVM
INFO : Server built:		2021-09-10 09:00:00
10 05, 2021 13:43:07 下午 com.hou.mytomcat.catalina.Server logJVM
INFO : Server number:		1.0.1
10 05, 2021 13:43:07 下午 com.hou.mytomcat.catalina.Server logJVM
INFO : OS Name	:		Windows 10
10 05, 2021 13:43:07 下午 com.hou.mytomcat.catalina.Server logJVM
INFO : OS Version:		10.0
10 05, 2021 13:43:07 下午 com.hou.mytomcat.catalina.Server logJVM
INFO : Architecture:		amd64
10 05, 2021 13:43:07 下午 com.hou.mytomcat.catalina.Server logJVM
INFO : Java Home:		C:\Users\dell\.jdks\corretto-1.8.0_292\jre
10 05, 2021 13:43:07 下午 com.hou.mytomcat.catalina.Server logJVM
INFO : JVM Version:		1.8.0_292-b10
10 05, 2021 13:43:07 下午 com.hou.mytomcat.catalina.Server logJVM
INFO : JVM Vendor:		Oracle Corporation
10 05, 2021 13:43:07 下午 com.hou.mytomcat.catalina.Connector init
INFO : Initializing ProtocolHandler [http-nio-18080]
10 05, 2021 13:43:07 下午 com.hou.mytomcat.catalina.Connector init
INFO : Initializing ProtocolHandler [http-nio-18081]
10 05, 2021 13:43:07 下午 com.hou.mytomcat.catalina.Connector init
INFO : Initializing ProtocolHandler [http-nio-18082]
10 05, 2021 13:43:07 下午 com.hou.mytomcat.catalina.Service init
INFO : Initialization processed int 0 ms
10 05, 2021 13:43:07 下午 com.hou.mytomcat.catalina.Connector start
INFO : Starting ProtocolHandler [http-nio-18080]
10 05, 2021 13:43:07 下午 com.hou.mytomcat.catalina.Connector start
INFO : Starting ProtocolHandler [http-nio-18081]
10 05, 2021 13:43:07 下午 com.hou.mytomcat.catalina.Connector start
INFO : Starting ProtocolHandler [http-nio-18082]
10 05, 2021 13:43:07 下午 com.hou.mytomcat.catalina.Server start
INFO : Server startup in 15 ms
10 05, 2021 19:35:08 下午 com.hou.mytomcat.catalina.Context deploy
INFO : Deploying web application directory D:\web\mytomcat\webapps\a
10 05, 2021 19:35:08 下午 com.hou.mytomcat.catalina.Context deploy
INFO : Deploying of web application directory D:\web\mytomcat\webapps\a has finished in 172 ms
10 05, 2021 19:35:08 下午 com.hou.mytomcat.catalina.Context deploy
INFO : Deploying web application directory D:\web\mytomcat\webapps\b
10 05, 2021 19:35:08 下午 com.hou.mytomcat.catalina.Context deploy
INFO : Deploying of web application directory D:\web\mytomcat\webapps\b has finished in 0 ms
10 05, 2021 19:35:08 下午 com.hou.mytomcat.catalina.Context deploy
INFO : Deploying web application directory D:\web\mytomcat\webapps\j2ee
10 05, 2021 19:35:08 下午 com.hou.mytomcat.catalina.Context deploy
INFO : Deploying of web application directory D:\web\mytomcat\webapps\j2ee has finished in 0 ms
10 05, 2021 19:35:08 下午 com.hou.mytomcat.catalina.Context deploy
INFO : Deploying web application directory D:\web\mytomcat\webapps\ROOT
10 05, 2021 19:35:08 下午 com.hou.mytomcat.catalina.Context deploy
INFO : Deploying of web application directory D:\web\mytomcat\webapps\ROOT has finished in 0 ms
10 05, 2021 19:35:08 下午 com.hou.mytomcat.catalina.Context deploy
INFO : Deploying web application directory D:/web/mytomcat/webapps/b
10 05, 2021 19:35:08 下午 com.hou.mytomcat.catalina.Context deploy
INFO : Deploying of web application directory D:/web/mytomcat/webapps/b has finished in 0 ms
10 05, 2021 19:35:08 下午 com.hou.mytomcat.catalina.Context deploy
INFO : Deploying web application directory D:/web/javaweb/web
10 05, 2021 19:35:08 下午 com.hou.mytomcat.catalina.Context deploy
INFO : Deploying of web application directory D:/web/javaweb/web has finished in 47 ms
10 05, 2021 19:35:09 下午 com.hou.mytomcat.catalina.Server logJVM
INFO : Server version:		How2J DiyTomcat/1.0.1
10 05, 2021 19:35:09 下午 com.hou.mytomcat.catalina.Server logJVM
INFO : Server built:		2021-09-10 09:00:00
10 05, 2021 19:35:09 下午 com.hou.mytomcat.catalina.Server logJVM
INFO : Server number:		1.0.1
10 05, 2021 19:35:09 下午 com.hou.mytomcat.catalina.Server logJVM
INFO : OS Name	:		Windows 10
10 05, 2021 19:35:09 下午 com.hou.mytomcat.catalina.Server logJVM
INFO : OS Version:		10.0
10 05, 2021 19:35:09 下午 com.hou.mytomcat.catalina.Server logJVM
INFO : Architecture:		amd64
10 05, 2021 19:35:09 下午 com.hou.mytomcat.catalina.Server logJVM
INFO : Java Home:		C:\Users\dell\.jdks\corretto-1.8.0_292\jre
10 05, 2021 19:35:09 下午 com.hou.mytomcat.catalina.Server logJVM
INFO : JVM Version:		1.8.0_292-b10
10 05, 2021 19:35:09 下午 com.hou.mytomcat.catalina.Server logJVM
INFO : JVM Vendor:		Oracle Corporation
10 05, 2021 19:35:09 下午 com.hou.mytomcat.catalina.Connector init
INFO : Initializing ProtocolHandler [http-nio-18080]
10 05, 2021 19:35:09 下午 com.hou.mytomcat.catalina.Connector init
INFO : Initializing ProtocolHandler [http-nio-18081]
10 05, 2021 19:35:09 下午 com.hou.mytomcat.catalina.Connector init
INFO : Initializing ProtocolHandler [http-nio-18082]
10 05, 2021 19:35:09 下午 com.hou.mytomcat.catalina.Service init
INFO : Initialization processed int 0 ms
10 05, 2021 19:35:09 下午 com.hou.mytomcat.catalina.Connector start
INFO : Starting ProtocolHandler [http-nio-18080]
10 05, 2021 19:35:09 下午 com.hou.mytomcat.catalina.Connector start
INFO : Starting ProtocolHandler [http-nio-18081]
10 05, 2021 19:35:09 下午 com.hou.mytomcat.catalina.Connector start
INFO : Starting ProtocolHandler [http-nio-18082]
10 05, 2021 19:35:09 下午 com.hou.mytomcat.catalina.Server start
INFO : Server startup in 16 ms
10 05, 2021 20:00:17 下午 com.hou.mytomcat.catalina.Context deploy
INFO : Deploying web application directory D:\web\mytomcat\webapps\a
10 05, 2021 20:00:17 下午 com.hou.mytomcat.catalina.Context deploy
INFO : Deploying of web application directory D:\web\mytomcat\webapps\a has finished in 188 ms
10 05, 2021 20:00:17 下午 com.hou.mytomcat.catalina.Context deploy
INFO : Deploying web application directory D:\web\mytomcat\webapps\b
10 05, 2021 20:00:17 下午 com.hou.mytomcat.catalina.Context deploy
INFO : Deploying of web application directory D:\web\mytomcat\webapps\b has finished in 0 ms
10 05, 2021 20:00:17 下午 com.hou.mytomcat.catalina.Context deploy
INFO : Deploying web application directory D:\web\mytomcat\webapps\j2ee
10 05, 2021 20:00:17 下午 com.hou.mytomcat.catalina.Context deploy
INFO : Deploying of web application directory D:\web\mytomcat\webapps\j2ee has finished in 0 ms
10 05, 2021 20:00:17 下午 com.hou.mytomcat.catalina.Context deploy
INFO : Deploying web application directory D:\web\mytomcat\webapps\ROOT
10 05, 2021 20:00:17 下午 com.hou.mytomcat.catalina.Context deploy
INFO : Deploying of web application directory D:\web\mytomcat\webapps\ROOT has finished in 0 ms
10 05, 2021 20:00:17 下午 com.hou.mytomcat.catalina.Context deploy
INFO : Deploying web application directory D:/web/mytomcat/webapps/b
10 05, 2021 20:00:17 下午 com.hou.mytomcat.catalina.Context deploy
INFO : Deploying of web application directory D:/web/mytomcat/webapps/b has finished in 0 ms
10 05, 2021 20:00:18 下午 com.hou.mytomcat.catalina.Context deploy
INFO : Deploying web application directory D:/web/javaweb/web
10 05, 2021 20:00:18 下午 com.hou.mytomcat.catalina.Context deploy
INFO : Deploying of web application directory D:/web/javaweb/web has finished in 47 ms
10 05, 2021 20:00:18 下午 com.hou.mytomcat.catalina.Server logJVM
INFO : Server version:		How2J DiyTomcat/1.0.1
10 05, 2021 20:00:18 下午 com.hou.mytomcat.catalina.Server logJVM
INFO : Server built:		2021-09-10 09:00:00
10 05, 2021 20:00:18 下午 com.hou.mytomcat.catalina.Server logJVM
INFO : Server number:		1.0.1
10 05, 2021 20:00:18 下午 com.hou.mytomcat.catalina.Server logJVM
INFO : OS Name	:		Windows 10
10 05, 2021 20:00:18 下午 com.hou.mytomcat.catalina.Server logJVM
INFO : OS Version:		10.0
10 05, 2021 20:00:18 下午 com.hou.mytomcat.catalina.Server logJVM
INFO : Architecture:		amd64
10 05, 2021 20:00:18 下午 com.hou.mytomcat.catalina.Server logJVM
INFO : Java Home:		C:\Users\dell\.jdks\corretto-1.8.0_292\jre
10 05, 2021 20:00:18 下午 com.hou.mytomcat.catalina.Server logJVM
INFO : JVM Version:		1.8.0_292-b10
10 05, 2021 20:00:18 下午 com.hou.mytomcat.catalina.Server logJVM
INFO : JVM Vendor:		Oracle Corporation
10 05, 2021 20:00:18 下午 com.hou.mytomcat.catalina.Connector init
INFO : Initializing ProtocolHandler [http-nio-18080]
10 05, 2021 20:00:18 下午 com.hou.mytomcat.catalina.Connector init
INFO : Initializing ProtocolHandler [http-nio-18081]
10 05, 2021 20:00:18 下午 com.hou.mytomcat.catalina.Connector init
INFO : Initializing ProtocolHandler [http-nio-18082]
10 05, 2021 20:00:18 下午 com.hou.mytomcat.catalina.Service init
INFO : Initialization processed int 0 ms
10 05, 2021 20:00:18 下午 com.hou.mytomcat.catalina.Connector start
INFO : Starting ProtocolHandler [http-nio-18080]
10 05, 2021 20:00:18 下午 com.hou.mytomcat.catalina.Connector start
INFO : Starting ProtocolHandler [http-nio-18081]
10 05, 2021 20:00:18 下午 com.hou.mytomcat.catalina.Connector start
INFO : Starting ProtocolHandler [http-nio-18082]
10 05, 2021 20:00:18 下午 com.hou.mytomcat.catalina.Server start
INFO : Server startup in 15 ms
10 05, 2021 20:07:40 下午 com.hou.mytomcat.catalina.Context deploy
INFO : Deploying web application directory D:\web\mytomcat\webapps\a
10 05, 2021 20:07:40 下午 com.hou.mytomcat.catalina.Context deploy
INFO : Deploying of web application directory D:\web\mytomcat\webapps\a has finished in 250 ms
10 05, 2021 20:07:40 下午 com.hou.mytomcat.catalina.Context deploy
INFO : Deploying web application directory D:\web\mytomcat\webapps\b
10 05, 2021 20:07:40 下午 com.hou.mytomcat.catalina.Context deploy
INFO : Deploying of web application directory D:\web\mytomcat\webapps\b has finished in 0 ms
10 05, 2021 20:07:40 下午 com.hou.mytomcat.catalina.Context deploy
INFO : Deploying web application directory D:\web\mytomcat\webapps\j2ee
10 05, 2021 20:07:40 下午 com.hou.mytomcat.catalina.Context deploy
INFO : Deploying of web application directory D:\web\mytomcat\webapps\j2ee has finished in 16 ms
10 05, 2021 20:07:40 下午 com.hou.mytomcat.catalina.Context deploy
INFO : Deploying web application directory D:\web\mytomcat\webapps\ROOT
10 05, 2021 20:07:40 下午 com.hou.mytomcat.catalina.Context deploy
INFO : Deploying of web application directory D:\web\mytomcat\webapps\ROOT has finished in 0 ms
10 05, 2021 20:07:40 下午 com.hou.mytomcat.catalina.Context deploy
INFO : Deploying web application directory D:/web/mytomcat/webapps/b
10 05, 2021 20:07:40 下午 com.hou.mytomcat.catalina.Context deploy
INFO : Deploying of web application directory D:/web/mytomcat/webapps/b has finished in 0 ms
10 05, 2021 20:07:40 下午 com.hou.mytomcat.catalina.Context deploy
INFO : Deploying web application directory D:/web/javaweb/web
10 05, 2021 20:07:40 下午 com.hou.mytomcat.catalina.Context deploy
INFO : Deploying of web application directory D:/web/javaweb/web has finished in 31 ms
10 05, 2021 20:07:40 下午 com.hou.mytomcat.catalina.Server logJVM
INFO : Server version:		How2J DiyTomcat/1.0.1
10 05, 2021 20:07:40 下午 com.hou.mytomcat.catalina.Server logJVM
INFO : Server built:		2021-09-10 09:00:00
10 05, 2021 20:07:40 下午 com.hou.mytomcat.catalina.Server logJVM
INFO : Server number:		1.0.1
10 05, 2021 20:07:40 下午 com.hou.mytomcat.catalina.Server logJVM
INFO : OS Name	:		Windows 10
10 05, 2021 20:07:40 下午 com.hou.mytomcat.catalina.Server logJVM
INFO : OS Version:		10.0
10 05, 2021 20:07:40 下午 com.hou.mytomcat.catalina.Server logJVM
INFO : Architecture:		amd64
10 05, 2021 20:07:40 下午 com.hou.mytomcat.catalina.Server logJVM
INFO : Java Home:		C:\Users\dell\.jdks\corretto-1.8.0_292\jre
10 05, 2021 20:07:40 下午 com.hou.mytomcat.catalina.Server logJVM
INFO : JVM Version:		1.8.0_292-b10
10 05, 2021 20:07:40 下午 com.hou.mytomcat.catalina.Server logJVM
INFO : JVM Vendor:		Oracle Corporation
10 05, 2021 20:07:40 下午 com.hou.mytomcat.catalina.Connector init
INFO : Initializing ProtocolHandler [http-nio-18080]
10 05, 2021 20:07:40 下午 com.hou.mytomcat.catalina.Connector init
INFO : Initializing ProtocolHandler [http-nio-18081]
10 05, 2021 20:07:40 下午 com.hou.mytomcat.catalina.Connector init
INFO : Initializing ProtocolHandler [http-nio-18082]
10 05, 2021 20:07:40 下午 com.hou.mytomcat.catalina.Service init
INFO : Initialization processed int 0 ms
10 05, 2021 20:07:40 下午 com.hou.mytomcat.catalina.Connector start
INFO : Starting ProtocolHandler [http-nio-18080]
10 05, 2021 20:07:40 下午 com.hou.mytomcat.catalina.Connector start
INFO : Starting ProtocolHandler [http-nio-18081]
10 05, 2021 20:07:40 下午 com.hou.mytomcat.catalina.Connector start
INFO : Starting ProtocolHandler [http-nio-18082]
10 05, 2021 20:07:40 下午 com.hou.mytomcat.catalina.Server start
INFO : Server startup in 16 ms
10 05, 2021 20:09:52 下午 com.hou.mytomcat.catalina.Context deploy
INFO : Deploying web application directory D:\web\mytomcat\webapps\a
10 05, 2021 20:09:52 下午 com.hou.mytomcat.catalina.Context deploy
INFO : Deploying of web application directory D:\web\mytomcat\webapps\a has finished in 281 ms
10 05, 2021 20:09:52 下午 com.hou.mytomcat.catalina.Context deploy
INFO : Deploying web application directory D:\web\mytomcat\webapps\b
10 05, 2021 20:09:52 下午 com.hou.mytomcat.catalina.Context deploy
INFO : Deploying of web application directory D:\web\mytomcat\webapps\b has finished in 0 ms
10 05, 2021 20:09:52 下午 com.hou.mytomcat.catalina.Context deploy
INFO : Deploying web application directory D:\web\mytomcat\webapps\j2ee
10 05, 2021 20:09:52 下午 com.hou.mytomcat.catalina.Context deploy
INFO : Deploying of web application directory D:\web\mytomcat\webapps\j2ee has finished in 0 ms
10 05, 2021 20:09:52 下午 com.hou.mytomcat.catalina.Context deploy
INFO : Deploying web application directory D:\web\mytomcat\webapps\ROOT
10 05, 2021 20:09:52 下午 com.hou.mytomcat.catalina.Context deploy
INFO : Deploying of web application directory D:\web\mytomcat\webapps\ROOT has finished in 0 ms
10 05, 2021 20:09:52 下午 com.hou.mytomcat.catalina.Context deploy
INFO : Deploying web application directory D:/web/mytomcat/webapps/b
10 05, 2021 20:09:52 下午 com.hou.mytomcat.catalina.Context deploy
INFO : Deploying of web application directory D:/web/mytomcat/webapps/b has finished in 0 ms
10 05, 2021 20:09:52 下午 com.hou.mytomcat.catalina.Context deploy
INFO : Deploying web application directory D:/web/javaweb/web
10 05, 2021 20:09:52 下午 com.hou.mytomcat.catalina.Context deploy
INFO : Deploying of web application directory D:/web/javaweb/web has finished in 46 ms
10 05, 2021 20:09:52 下午 com.hou.mytomcat.catalina.Server logJVM
INFO : Server version:		How2J DiyTomcat/1.0.1
10 05, 2021 20:09:52 下午 com.hou.mytomcat.catalina.Server logJVM
INFO : Server built:		2021-09-10 09:00:00
10 05, 2021 20:09:52 下午 com.hou.mytomcat.catalina.Server logJVM
INFO : Server number:		1.0.1
10 05, 2021 20:09:52 下午 com.hou.mytomcat.catalina.Server logJVM
INFO : OS Name	:		Windows 10
10 05, 2021 20:09:52 下午 com.hou.mytomcat.catalina.Server logJVM
INFO : OS Version:		10.0
10 05, 2021 20:09:52 下午 com.hou.mytomcat.catalina.Server logJVM
INFO : Architecture:		amd64
10 05, 2021 20:09:52 下午 com.hou.mytomcat.catalina.Server logJVM
INFO : Java Home:		C:\Users\dell\.jdks\corretto-1.8.0_292\jre
10 05, 2021 20:09:52 下午 com.hou.mytomcat.catalina.Server logJVM
INFO : JVM Version:		1.8.0_292-b10
10 05, 2021 20:09:52 下午 com.hou.mytomcat.catalina.Server logJVM
INFO : JVM Vendor:		Oracle Corporation
10 05, 2021 20:09:52 下午 com.hou.mytomcat.catalina.Connector init
INFO : Initializing ProtocolHandler [http-nio-18080]
10 05, 2021 20:09:52 下午 com.hou.mytomcat.catalina.Connector init
INFO : Initializing ProtocolHandler [http-nio-18081]
10 05, 2021 20:09:52 下午 com.hou.mytomcat.catalina.Connector init
INFO : Initializing ProtocolHandler [http-nio-18082]
10 05, 2021 20:09:52 下午 com.hou.mytomcat.catalina.Service init
INFO : Initialization processed int 0 ms
10 05, 2021 20:09:52 下午 com.hou.mytomcat.catalina.Connector start
INFO : Starting ProtocolHandler [http-nio-18080]
10 05, 2021 20:09:52 下午 com.hou.mytomcat.catalina.Connector start
INFO : Starting ProtocolHandler [http-nio-18081]
10 05, 2021 20:09:52 下午 com.hou.mytomcat.catalina.Connector start
INFO : Starting ProtocolHandler [http-nio-18082]
10 05, 2021 20:09:52 下午 com.hou.mytomcat.catalina.Server start
INFO : Server startup in 16 ms
