09 24, 2021 16:45:53 下午 com.hou.mytomcat.catalina.Context deploy
INFO : Deploying web application directory D:\web\mytomcat\webapps\a
09 24, 2021 16:45:53 下午 com.hou.mytomcat.catalina.Context deploy
INFO : Deploying of web application directory D:\web\mytomcat\webapps\a has finished in 316 ms
09 24, 2021 16:45:53 下午 com.hou.mytomcat.catalina.Context deploy
INFO : Deploying web application directory D:\web\mytomcat\webapps\b
09 24, 2021 16:45:53 下午 com.hou.mytomcat.catalina.Context deploy
INFO : Deploying of web application directory D:\web\mytomcat\webapps\b has finished in 0 ms
09 24, 2021 16:45:53 下午 com.hou.mytomcat.catalina.Context deploy
INFO : Deploying web application directory D:\web\mytomcat\webapps\j2ee
09 24, 2021 16:45:53 下午 com.hou.mytomcat.catalina.Context deploy
INFO : Deploying of web application directory D:\web\mytomcat\webapps\j2ee has finished in 0 ms
09 24, 2021 16:45:53 下午 com.hou.mytomcat.catalina.Context deploy
INFO : Deploying web application directory D:\web\mytomcat\webapps\ROOT
09 24, 2021 16:45:53 下午 com.hou.mytomcat.catalina.Context deploy
INFO : Deploying of web application directory D:\web\mytomcat\webapps\ROOT has finished in 0 ms
09 24, 2021 16:45:53 下午 com.hou.mytomcat.catalina.Context deploy
INFO : Deploying web application directory D:/web/mytomcat/webapps/b
09 24, 2021 16:45:53 下午 com.hou.mytomcat.catalina.Context deploy
INFO : Deploying of web application directory D:/web/mytomcat/webapps/b has finished in 0 ms
09 24, 2021 16:45:53 下午 com.hou.mytomcat.catalina.Context deploy
INFO : Deploying web application directory D:/web/javaweb/web
09 24, 2021 17:22:35 下午 com.hou.mytomcat.catalina.Context deploy
INFO : Deploying web application directory D:\web\mytomcat\webapps\a
09 24, 2021 17:22:35 下午 com.hou.mytomcat.catalina.Context deploy
INFO : Deploying of web application directory D:\web\mytomcat\webapps\a has finished in 200 ms
09 24, 2021 17:22:35 下午 com.hou.mytomcat.catalina.Context deploy
INFO : Deploying web application directory D:\web\mytomcat\webapps\b
09 24, 2021 17:22:35 下午 com.hou.mytomcat.catalina.Context deploy
INFO : Deploying of web application directory D:\web\mytomcat\webapps\b has finished in 0 ms
09 24, 2021 17:22:35 下午 com.hou.mytomcat.catalina.Context deploy
INFO : Deploying web application directory D:\web\mytomcat\webapps\j2ee
09 24, 2021 17:22:35 下午 com.hou.mytomcat.catalina.Context deploy
INFO : Deploying of web application directory D:\web\mytomcat\webapps\j2ee has finished in 0 ms
09 24, 2021 17:22:35 下午 com.hou.mytomcat.catalina.Context deploy
INFO : Deploying web application directory D:\web\mytomcat\webapps\ROOT
09 24, 2021 17:22:35 下午 com.hou.mytomcat.catalina.Context deploy
INFO : Deploying of web application directory D:\web\mytomcat\webapps\ROOT has finished in 0 ms
09 24, 2021 17:22:35 下午 com.hou.mytomcat.catalina.Context deploy
INFO : Deploying web application directory D:/web/mytomcat/webapps/b
09 24, 2021 17:22:35 下午 com.hou.mytomcat.catalina.Context deploy
INFO : Deploying of web application directory D:/web/mytomcat/webapps/b has finished in 0 ms
09 24, 2021 17:22:35 下午 com.hou.mytomcat.catalina.Context deploy
INFO : Deploying web application directory D:/web/javaweb/web
09 24, 2021 17:24:48 下午 com.hou.mytomcat.catalina.Context deploy
INFO : Deploying web application directory D:\web\mytomcat\webapps\a
09 24, 2021 17:24:48 下午 com.hou.mytomcat.catalina.Context deploy
INFO : Deploying of web application directory D:\web\mytomcat\webapps\a has finished in 155 ms
09 24, 2021 17:24:48 下午 com.hou.mytomcat.catalina.Context deploy
INFO : Deploying web application directory D:\web\mytomcat\webapps\b
09 24, 2021 17:24:48 下午 com.hou.mytomcat.catalina.Context deploy
INFO : Deploying of web application directory D:\web\mytomcat\webapps\b has finished in 1 ms
09 24, 2021 17:24:48 下午 com.hou.mytomcat.catalina.Context deploy
INFO : Deploying web application directory D:\web\mytomcat\webapps\j2ee
09 24, 2021 17:24:48 下午 com.hou.mytomcat.catalina.Context deploy
INFO : Deploying of web application directory D:\web\mytomcat\webapps\j2ee has finished in 5 ms
09 24, 2021 17:24:48 下午 com.hou.mytomcat.catalina.Context deploy
INFO : Deploying web application directory D:\web\mytomcat\webapps\ROOT
09 24, 2021 17:24:48 下午 com.hou.mytomcat.catalina.Context deploy
INFO : Deploying of web application directory D:\web\mytomcat\webapps\ROOT has finished in 1 ms
09 24, 2021 17:24:48 下午 com.hou.mytomcat.catalina.Context deploy
INFO : Deploying web application directory D:/web/mytomcat/webapps/b
09 24, 2021 17:24:48 下午 com.hou.mytomcat.catalina.Context deploy
INFO : Deploying of web application directory D:/web/mytomcat/webapps/b has finished in 1 ms
09 24, 2021 17:24:48 下午 com.hou.mytomcat.catalina.Context deploy
INFO : Deploying web application directory D:/web/javaweb/web
09 24, 2021 17:33:17 下午 com.hou.mytomcat.catalina.Context deploy
INFO : Deploying web application directory D:\web\mytomcat\webapps\a
09 24, 2021 17:33:17 下午 com.hou.mytomcat.catalina.Context deploy
INFO : Deploying of web application directory D:\web\mytomcat\webapps\a has finished in 216 ms
09 24, 2021 17:33:17 下午 com.hou.mytomcat.catalina.Context deploy
INFO : Deploying web application directory D:\web\mytomcat\webapps\b
09 24, 2021 17:33:17 下午 com.hou.mytomcat.catalina.Context deploy
INFO : Deploying of web application directory D:\web\mytomcat\webapps\b has finished in 0 ms
09 24, 2021 17:33:17 下午 com.hou.mytomcat.catalina.Context deploy
INFO : Deploying web application directory D:\web\mytomcat\webapps\j2ee
09 24, 2021 17:33:17 下午 com.hou.mytomcat.catalina.Context deploy
INFO : Deploying of web application directory D:\web\mytomcat\webapps\j2ee has finished in 0 ms
09 24, 2021 17:33:17 下午 com.hou.mytomcat.catalina.Context deploy
INFO : Deploying web application directory D:\web\mytomcat\webapps\ROOT
09 24, 2021 17:33:17 下午 com.hou.mytomcat.catalina.Context deploy
INFO : Deploying of web application directory D:\web\mytomcat\webapps\ROOT has finished in 0 ms
09 24, 2021 17:33:17 下午 com.hou.mytomcat.catalina.Context deploy
INFO : Deploying web application directory D:/web/mytomcat/webapps/b
09 24, 2021 17:33:17 下午 com.hou.mytomcat.catalina.Context deploy
INFO : Deploying of web application directory D:/web/mytomcat/webapps/b has finished in 0 ms
09 24, 2021 17:33:17 下午 com.hou.mytomcat.catalina.Context deploy
INFO : Deploying web application directory D:/web/javaweb/web
09 24, 2021 17:33:17 下午 com.hou.mytomcat.catalina.Context deploy
INFO : Deploying of web application directory D:/web/javaweb/web has finished in 54 ms
09 24, 2021 17:33:18 下午 com.hou.mytomcat.catalina.Server logJVM
INFO : Server version:		How2J DiyTomcat/1.0.1
09 24, 2021 17:33:18 下午 com.hou.mytomcat.catalina.Server logJVM
INFO : Server built:		2021-09-10 09:00:00
09 24, 2021 17:33:18 下午 com.hou.mytomcat.catalina.Server logJVM
INFO : Server number:		1.0.1
09 24, 2021 17:33:18 下午 com.hou.mytomcat.catalina.Server logJVM
INFO : OS Name	:		Windows 10
09 24, 2021 17:33:18 下午 com.hou.mytomcat.catalina.Server logJVM
INFO : OS Version:		10.0
09 24, 2021 17:33:18 下午 com.hou.mytomcat.catalina.Server logJVM
INFO : Architecture:		amd64
09 24, 2021 17:33:18 下午 com.hou.mytomcat.catalina.Server logJVM
INFO : Java Home:		C:\Users\dell\.jdks\corretto-1.8.0_292\jre
09 24, 2021 17:33:18 下午 com.hou.mytomcat.catalina.Server logJVM
INFO : JVM Version:		1.8.0_292-b10
09 24, 2021 17:33:18 下午 com.hou.mytomcat.catalina.Server logJVM
INFO : JVM Vendor:		Oracle Corporation
09 24, 2021 17:33:18 下午 com.hou.mytomcat.catalina.Connector init
INFO : Initializing ProtocolHandler [http-bio-18080]
09 24, 2021 17:33:18 下午 com.hou.mytomcat.catalina.Connector init
INFO : Initializing ProtocolHandler [http-bio-18081]
09 24, 2021 17:33:18 下午 com.hou.mytomcat.catalina.Connector init
INFO : Initializing ProtocolHandler [http-bio-18082]
09 24, 2021 17:33:18 下午 com.hou.mytomcat.catalina.Service init
INFO : Initialization processed int 0 ms
09 24, 2021 17:33:18 下午 com.hou.mytomcat.catalina.Connector start
INFO : Starting ProtocolHandler [http-bio-18080]
09 24, 2021 17:33:18 下午 com.hou.mytomcat.catalina.Connector start
INFO : Starting ProtocolHandler [http-bio-18081]
09 24, 2021 17:33:18 下午 com.hou.mytomcat.catalina.Connector start
INFO : Starting ProtocolHandler [http-bio-18082]
09 24, 2021 17:33:18 下午 com.hou.mytomcat.catalina.Server start
INFO : Server startup in 31 ms
09 24, 2021 17:35:27 下午 com.hou.mytomcat.watcher.ContextFileChangeWatcher$1 dealWith
INFO : =======变化的文件：URLFilter.class==============
09 24, 2021 17:35:27 下午 com.hou.mytomcat.watcher.ContextFileChangeWatcher$1 dealWith
INFO : com.hou.mytomcat.watcher.ContextFileChangeWatcher@4411b1ec检测到了web应用下的重要文件变化URLFilter.class
09 24, 2021 17:35:27 下午 com.hou.mytomcat.catalina.Host reload
INFO : Reloading Context with name [/javaweb] has started
09 24, 2021 17:35:27 下午 com.hou.mytomcat.catalina.Context deploy
INFO : Deploying web application directory D:/web/javaweb/web
09 24, 2021 17:35:27 下午 com.hou.mytomcat.catalina.Context deploy
INFO : Deploying of web application directory D:/web/javaweb/web has finished in 6 ms
09 24, 2021 17:35:27 下午 com.hou.mytomcat.catalina.Host reload
INFO : Reloading Context with name [/javaweb] has completed
09 24, 2021 17:35:27 下午 com.hou.mytomcat.watcher.ContextFileChangeWatcher$1 dealWith
INFO : =======变化的文件：URLFilter.class==============
09 24, 2021 17:35:27 下午 com.hou.mytomcat.watcher.ContextFileChangeWatcher$1 dealWith
INFO : com.hou.mytomcat.watcher.ContextFileChangeWatcher@4411b1ec检测到了web应用下的重要文件变化URLFilter.class
09 24, 2021 17:35:27 下午 com.hou.mytomcat.catalina.Host reload
INFO : Reloading Context with name [/javaweb] has started
09 24, 2021 17:35:27 下午 com.hou.mytomcat.catalina.Context deploy
INFO : Deploying web application directory D:/web/javaweb/web
09 24, 2021 17:35:27 下午 com.hou.mytomcat.catalina.Context deploy
INFO : Deploying of web application directory D:/web/javaweb/web has finished in 31 ms
09 24, 2021 17:35:27 下午 com.hou.mytomcat.catalina.Host reload
INFO : Reloading Context with name [/javaweb] has completed
09 24, 2021 17:35:34 下午 com.hou.mytomcat.catalina.Context deploy
INFO : Deploying web application directory D:\web\mytomcat\webapps\a
09 24, 2021 17:35:34 下午 com.hou.mytomcat.catalina.Context deploy
INFO : Deploying of web application directory D:\web\mytomcat\webapps\a has finished in 154 ms
09 24, 2021 17:35:34 下午 com.hou.mytomcat.catalina.Context deploy
INFO : Deploying web application directory D:\web\mytomcat\webapps\b
09 24, 2021 17:35:34 下午 com.hou.mytomcat.catalina.Context deploy
INFO : Deploying of web application directory D:\web\mytomcat\webapps\b has finished in 0 ms
09 24, 2021 17:35:34 下午 com.hou.mytomcat.catalina.Context deploy
INFO : Deploying web application directory D:\web\mytomcat\webapps\j2ee
09 24, 2021 17:35:34 下午 com.hou.mytomcat.catalina.Context deploy
INFO : Deploying of web application directory D:\web\mytomcat\webapps\j2ee has finished in 0 ms
09 24, 2021 17:35:34 下午 com.hou.mytomcat.catalina.Context deploy
INFO : Deploying web application directory D:\web\mytomcat\webapps\ROOT
09 24, 2021 17:35:34 下午 com.hou.mytomcat.catalina.Context deploy
INFO : Deploying of web application directory D:\web\mytomcat\webapps\ROOT has finished in 0 ms
09 24, 2021 17:35:34 下午 com.hou.mytomcat.catalina.Context deploy
INFO : Deploying web application directory D:/web/mytomcat/webapps/b
09 24, 2021 17:35:34 下午 com.hou.mytomcat.catalina.Context deploy
INFO : Deploying of web application directory D:/web/mytomcat/webapps/b has finished in 0 ms
09 24, 2021 17:35:34 下午 com.hou.mytomcat.catalina.Context deploy
INFO : Deploying web application directory D:/web/javaweb/web
09 24, 2021 17:35:34 下午 com.hou.mytomcat.catalina.Context deploy
INFO : Deploying of web application directory D:/web/javaweb/web has finished in 50 ms
09 24, 2021 17:35:34 下午 com.hou.mytomcat.catalina.Server logJVM
INFO : Server version:		How2J DiyTomcat/1.0.1
09 24, 2021 17:35:34 下午 com.hou.mytomcat.catalina.Server logJVM
INFO : Server built:		2021-09-10 09:00:00
09 24, 2021 17:35:34 下午 com.hou.mytomcat.catalina.Server logJVM
INFO : Server number:		1.0.1
09 24, 2021 17:35:34 下午 com.hou.mytomcat.catalina.Server logJVM
INFO : OS Name	:		Windows 10
09 24, 2021 17:35:34 下午 com.hou.mytomcat.catalina.Server logJVM
INFO : OS Version:		10.0
09 24, 2021 17:35:34 下午 com.hou.mytomcat.catalina.Server logJVM
INFO : Architecture:		amd64
09 24, 2021 17:35:34 下午 com.hou.mytomcat.catalina.Server logJVM
INFO : Java Home:		C:\Users\dell\.jdks\corretto-1.8.0_292\jre
09 24, 2021 17:35:34 下午 com.hou.mytomcat.catalina.Server logJVM
INFO : JVM Version:		1.8.0_292-b10
09 24, 2021 17:35:34 下午 com.hou.mytomcat.catalina.Server logJVM
INFO : JVM Vendor:		Oracle Corporation
09 24, 2021 17:35:34 下午 com.hou.mytomcat.catalina.Connector init
INFO : Initializing ProtocolHandler [http-bio-18080]
09 24, 2021 17:35:34 下午 com.hou.mytomcat.catalina.Connector init
INFO : Initializing ProtocolHandler [http-bio-18081]
09 24, 2021 17:35:34 下午 com.hou.mytomcat.catalina.Connector init
INFO : Initializing ProtocolHandler [http-bio-18082]
09 24, 2021 17:35:34 下午 com.hou.mytomcat.catalina.Service init
INFO : Initialization processed int 11 ms
09 24, 2021 17:35:34 下午 com.hou.mytomcat.catalina.Connector start
INFO : Starting ProtocolHandler [http-bio-18080]
09 24, 2021 17:35:34 下午 com.hou.mytomcat.catalina.Connector start
INFO : Starting ProtocolHandler [http-bio-18081]
09 24, 2021 17:35:34 下午 com.hou.mytomcat.catalina.Connector start
INFO : Starting ProtocolHandler [http-bio-18082]
09 24, 2021 17:35:34 下午 com.hou.mytomcat.catalina.Server start
INFO : Server startup in 31 ms
