09 10, 2021 09:50:33 上午 com.hou.mytomcat.Bootstrap logJVM
INFO : Server version:		How2J DiyTomcat/1.0.1
09 10, 2021 09:50:33 上午 com.hou.mytomcat.Bootstrap logJVM
INFO : Server built:		2021-09-10 09:00:00
09 10, 2021 09:50:33 上午 com.hou.mytomcat.Bootstrap logJVM
INFO : Server number:		1.0.1
09 10, 2021 09:50:33 上午 com.hou.mytomcat.Bootstrap logJVM
INFO : OS Name	:		Windows 10
09 10, 2021 09:50:33 上午 com.hou.mytomcat.Bootstrap logJVM
INFO : OS Version:		10.0
09 10, 2021 09:50:33 上午 com.hou.mytomcat.Bootstrap logJVM
INFO : Architecture:		amd64
09 10, 2021 09:50:33 上午 com.hou.mytomcat.Bootstrap logJVM
INFO : Java Home:		C:\Users\dell\.jdks\corretto-1.8.0_292\jre
09 10, 2021 09:50:33 上午 com.hou.mytomcat.Bootstrap logJVM
INFO : JVM Version:		1.8.0_292-b10
09 10, 2021 09:50:33 上午 com.hou.mytomcat.Bootstrap logJVM
INFO : JVM Vendor:		Oracle Corporation
09 10, 2021 10:02:05 上午 com.hou.mytomcat.Bootstrap logJVM
INFO : Server version:		How2J DiyTomcat/1.0.1
09 10, 2021 10:02:05 上午 com.hou.mytomcat.Bootstrap logJVM
INFO : Server built:		2021-09-10 09:00:00
09 10, 2021 10:02:05 上午 com.hou.mytomcat.Bootstrap logJVM
INFO : Server number:		1.0.1
09 10, 2021 10:02:05 上午 com.hou.mytomcat.Bootstrap logJVM
INFO : OS Name	:		Windows 10
09 10, 2021 10:02:05 上午 com.hou.mytomcat.Bootstrap logJVM
INFO : OS Version:		10.0
09 10, 2021 10:02:05 上午 com.hou.mytomcat.Bootstrap logJVM
INFO : Architecture:		amd64
09 10, 2021 10:02:05 上午 com.hou.mytomcat.Bootstrap logJVM
INFO : Java Home:		C:\Users\dell\.jdks\corretto-1.8.0_292\jre
09 10, 2021 10:02:05 上午 com.hou.mytomcat.Bootstrap logJVM
INFO : JVM Version:		1.8.0_292-b10
09 10, 2021 10:02:05 上午 com.hou.mytomcat.Bootstrap logJVM
INFO : JVM Vendor:		Oracle Corporation
09 10, 2021 10:46:43 上午 com.hou.mytomcat.Bootstrap logJVM
INFO : Server version:		How2J DiyTomcat/1.0.1
09 10, 2021 10:46:43 上午 com.hou.mytomcat.Bootstrap logJVM
INFO : Server built:		2021-09-10 09:00:00
09 10, 2021 10:46:43 上午 com.hou.mytomcat.Bootstrap logJVM
INFO : Server number:		1.0.1
09 10, 2021 10:46:43 上午 com.hou.mytomcat.Bootstrap logJVM
INFO : OS Name	:		Windows 10
09 10, 2021 10:46:43 上午 com.hou.mytomcat.Bootstrap logJVM
INFO : OS Version:		10.0
09 10, 2021 10:46:43 上午 com.hou.mytomcat.Bootstrap logJVM
INFO : Architecture:		amd64
09 10, 2021 10:46:43 上午 com.hou.mytomcat.Bootstrap logJVM
INFO : Java Home:		C:\Users\dell\.jdks\corretto-1.8.0_292\jre
09 10, 2021 10:46:43 上午 com.hou.mytomcat.Bootstrap logJVM
INFO : JVM Version:		1.8.0_292-b10
09 10, 2021 10:46:43 上午 com.hou.mytomcat.Bootstrap logJVM
INFO : JVM Vendor:		Oracle Corporation
09 10, 2021 15:46:28 下午 com.hou.mytomcat.Bootstrap logJVM
INFO : Server version:		How2J DiyTomcat/1.0.1
09 10, 2021 15:46:28 下午 com.hou.mytomcat.Bootstrap logJVM
INFO : Server built:		2021-09-10 09:00:00
09 10, 2021 15:46:28 下午 com.hou.mytomcat.Bootstrap logJVM
INFO : Server number:		1.0.1
09 10, 2021 15:46:28 下午 com.hou.mytomcat.Bootstrap logJVM
INFO : OS Name	:		Windows 10
09 10, 2021 15:46:28 下午 com.hou.mytomcat.Bootstrap logJVM
INFO : OS Version:		10.0
09 10, 2021 15:46:28 下午 com.hou.mytomcat.Bootstrap logJVM
INFO : Architecture:		amd64
09 10, 2021 15:46:28 下午 com.hou.mytomcat.Bootstrap logJVM
INFO : Java Home:		C:\Users\dell\.jdks\corretto-1.8.0_292\jre
09 10, 2021 15:46:28 下午 com.hou.mytomcat.Bootstrap logJVM
INFO : JVM Version:		1.8.0_292-b10
09 10, 2021 15:46:28 下午 com.hou.mytomcat.Bootstrap logJVM
INFO : JVM Vendor:		Oracle Corporation
09 10, 2021 16:49:34 下午 com.hou.mytomcat.Bootstrap logJVM
INFO : Server version:		How2J DiyTomcat/1.0.1
09 10, 2021 16:49:34 下午 com.hou.mytomcat.Bootstrap logJVM
INFO : Server built:		2021-09-10 09:00:00
09 10, 2021 16:49:34 下午 com.hou.mytomcat.Bootstrap logJVM
INFO : Server number:		1.0.1
09 10, 2021 16:49:34 下午 com.hou.mytomcat.Bootstrap logJVM
INFO : OS Name	:		Windows 10
09 10, 2021 16:49:34 下午 com.hou.mytomcat.Bootstrap logJVM
INFO : OS Version:		10.0
09 10, 2021 16:49:34 下午 com.hou.mytomcat.Bootstrap logJVM
INFO : Architecture:		amd64
09 10, 2021 16:49:34 下午 com.hou.mytomcat.Bootstrap logJVM
INFO : Java Home:		C:\Users\dell\.jdks\corretto-1.8.0_292\jre
09 10, 2021 16:49:34 下午 com.hou.mytomcat.Bootstrap logJVM
INFO : JVM Version:		1.8.0_292-b10
09 10, 2021 16:49:34 下午 com.hou.mytomcat.Bootstrap logJVM
INFO : JVM Vendor:		Oracle Corporation
09 10, 2021 16:49:34 下午 com.hou.mytomcat.catalina.Context <init>
INFO : Deploying web application directory D:\web\mytomcat\webapps\a
09 10, 2021 16:49:34 下午 com.hou.mytomcat.catalina.Context <init>
INFO : Deploying of web application directory D:\web\mytomcat\webapps\a has finished in 0 ms
09 10, 2021 16:49:34 下午 com.hou.mytomcat.catalina.Context <init>
INFO : Deploying web application directory D:\web\mytomcat\webapps\ROOT
09 10, 2021 16:49:34 下午 com.hou.mytomcat.catalina.Context <init>
INFO : Deploying of web application directory D:\web\mytomcat\webapps\ROOT has finished in 0 ms
09 10, 2021 17:35:47 下午 com.hou.mytomcat.Bootstrap logJVM
INFO : Server version:		How2J DiyTomcat/1.0.1
09 10, 2021 17:35:47 下午 com.hou.mytomcat.Bootstrap logJVM
INFO : Server built:		2021-09-10 09:00:00
09 10, 2021 17:35:47 下午 com.hou.mytomcat.Bootstrap logJVM
INFO : Server number:		1.0.1
09 10, 2021 17:35:47 下午 com.hou.mytomcat.Bootstrap logJVM
INFO : OS Name	:		Windows 10
09 10, 2021 17:35:47 下午 com.hou.mytomcat.Bootstrap logJVM
INFO : OS Version:		10.0
09 10, 2021 17:35:47 下午 com.hou.mytomcat.Bootstrap logJVM
INFO : Architecture:		amd64
09 10, 2021 17:35:47 下午 com.hou.mytomcat.Bootstrap logJVM
INFO : Java Home:		C:\Users\dell\.jdks\corretto-1.8.0_292\jre
09 10, 2021 17:35:47 下午 com.hou.mytomcat.Bootstrap logJVM
INFO : JVM Version:		1.8.0_292-b10
09 10, 2021 17:35:47 下午 com.hou.mytomcat.Bootstrap logJVM
INFO : JVM Vendor:		Oracle Corporation
09 10, 2021 17:35:47 下午 com.hou.mytomcat.catalina.Context <init>
INFO : Deploying web application directory D:\web\mytomcat\webapps\a
09 10, 2021 17:35:47 下午 com.hou.mytomcat.catalina.Context <init>
INFO : Deploying of web application directory D:\web\mytomcat\webapps\a has finished in 25 ms
09 10, 2021 17:35:47 下午 com.hou.mytomcat.catalina.Context <init>
INFO : Deploying web application directory D:\web\mytomcat\webapps\b
09 10, 2021 17:35:47 下午 com.hou.mytomcat.catalina.Context <init>
INFO : Deploying of web application directory D:\web\mytomcat\webapps\b has finished in 0 ms
09 10, 2021 17:35:47 下午 com.hou.mytomcat.catalina.Context <init>
INFO : Deploying web application directory D:\web\mytomcat\webapps\ROOT
09 10, 2021 17:35:47 下午 com.hou.mytomcat.catalina.Context <init>
INFO : Deploying of web application directory D:\web\mytomcat\webapps\ROOT has finished in 0 ms
09 10, 2021 17:35:47 下午 com.hou.mytomcat.catalina.Context <init>
INFO : Deploying web application directory D:/web/mytomcat/webapps/b
09 10, 2021 17:35:47 下午 com.hou.mytomcat.catalina.Context <init>
INFO : Deploying of web application directory D:/web/mytomcat/webapps/b has finished in 4 ms
09 10, 2021 20:05:10 下午 com.hou.mytomcat.Bootstrap logJVM
INFO : Server version:		How2J DiyTomcat/1.0.1
09 10, 2021 20:05:10 下午 com.hou.mytomcat.Bootstrap logJVM
INFO : Server built:		2021-09-10 09:00:00
09 10, 2021 20:05:10 下午 com.hou.mytomcat.Bootstrap logJVM
INFO : Server number:		1.0.1
09 10, 2021 20:05:10 下午 com.hou.mytomcat.Bootstrap logJVM
INFO : OS Name	:		Windows 10
09 10, 2021 20:05:10 下午 com.hou.mytomcat.Bootstrap logJVM
INFO : OS Version:		10.0
09 10, 2021 20:05:10 下午 com.hou.mytomcat.Bootstrap logJVM
INFO : Architecture:		amd64
09 10, 2021 20:05:10 下午 com.hou.mytomcat.Bootstrap logJVM
INFO : Java Home:		C:\Users\dell\.jdks\corretto-1.8.0_292\jre
09 10, 2021 20:05:10 下午 com.hou.mytomcat.Bootstrap logJVM
INFO : JVM Version:		1.8.0_292-b10
09 10, 2021 20:05:10 下午 com.hou.mytomcat.Bootstrap logJVM
INFO : JVM Vendor:		Oracle Corporation
09 10, 2021 20:05:10 下午 com.hou.mytomcat.catalina.Context <init>
INFO : Deploying web application directory D:\web\mytomcat\webapps\a
09 10, 2021 20:05:10 下午 com.hou.mytomcat.catalina.Context <init>
INFO : Deploying of web application directory D:\web\mytomcat\webapps\a has finished in 1 ms
09 10, 2021 20:06:55 下午 com.hou.mytomcat.Bootstrap logJVM
INFO : Server version:		How2J DiyTomcat/1.0.1
09 10, 2021 20:06:55 下午 com.hou.mytomcat.Bootstrap logJVM
INFO : Server built:		2021-09-10 09:00:00
09 10, 2021 20:06:55 下午 com.hou.mytomcat.Bootstrap logJVM
INFO : Server number:		1.0.1
09 10, 2021 20:06:55 下午 com.hou.mytomcat.Bootstrap logJVM
INFO : OS Name	:		Windows 10
09 10, 2021 20:06:55 下午 com.hou.mytomcat.Bootstrap logJVM
INFO : OS Version:		10.0
09 10, 2021 20:06:55 下午 com.hou.mytomcat.Bootstrap logJVM
INFO : Architecture:		amd64
09 10, 2021 20:06:55 下午 com.hou.mytomcat.Bootstrap logJVM
INFO : Java Home:		C:\Users\dell\.jdks\corretto-1.8.0_292\jre
09 10, 2021 20:06:55 下午 com.hou.mytomcat.Bootstrap logJVM
INFO : JVM Version:		1.8.0_292-b10
09 10, 2021 20:06:55 下午 com.hou.mytomcat.Bootstrap logJVM
INFO : JVM Vendor:		Oracle Corporation
09 10, 2021 20:06:55 下午 com.hou.mytomcat.catalina.Context <init>
INFO : Deploying web application directory D:\web\mytomcat\webapps\a
09 10, 2021 20:06:55 下午 com.hou.mytomcat.catalina.Context <init>
INFO : Deploying of web application directory D:\web\mytomcat\webapps\a has finished in 1 ms
09 10, 2021 20:08:09 下午 com.hou.mytomcat.Bootstrap logJVM
INFO : Server version:		How2J DiyTomcat/1.0.1
09 10, 2021 20:08:09 下午 com.hou.mytomcat.Bootstrap logJVM
INFO : Server built:		2021-09-10 09:00:00
09 10, 2021 20:08:09 下午 com.hou.mytomcat.Bootstrap logJVM
INFO : Server number:		1.0.1
09 10, 2021 20:08:09 下午 com.hou.mytomcat.Bootstrap logJVM
INFO : OS Name	:		Windows 10
09 10, 2021 20:08:09 下午 com.hou.mytomcat.Bootstrap logJVM
INFO : OS Version:		10.0
09 10, 2021 20:08:09 下午 com.hou.mytomcat.Bootstrap logJVM
INFO : Architecture:		amd64
09 10, 2021 20:08:09 下午 com.hou.mytomcat.Bootstrap logJVM
INFO : Java Home:		C:\Users\dell\.jdks\corretto-1.8.0_292\jre
09 10, 2021 20:08:09 下午 com.hou.mytomcat.Bootstrap logJVM
INFO : JVM Version:		1.8.0_292-b10
09 10, 2021 20:08:09 下午 com.hou.mytomcat.Bootstrap logJVM
INFO : JVM Vendor:		Oracle Corporation
09 10, 2021 20:08:09 下午 com.hou.mytomcat.catalina.Context <init>
INFO : Deploying web application directory D:\web\mytomcat\webapps\a
09 10, 2021 20:08:09 下午 com.hou.mytomcat.catalina.Context <init>
INFO : Deploying of web application directory D:\web\mytomcat\webapps\a has finished in 1 ms
09 10, 2021 20:12:13 下午 com.hou.mytomcat.Bootstrap logJVM
INFO : Server version:		How2J DiyTomcat/1.0.1
09 10, 2021 20:12:13 下午 com.hou.mytomcat.Bootstrap logJVM
INFO : Server built:		2021-09-10 09:00:00
09 10, 2021 20:12:13 下午 com.hou.mytomcat.Bootstrap logJVM
INFO : Server number:		1.0.1
09 10, 2021 20:12:13 下午 com.hou.mytomcat.Bootstrap logJVM
INFO : OS Name	:		Windows 10
09 10, 2021 20:12:13 下午 com.hou.mytomcat.Bootstrap logJVM
INFO : OS Version:		10.0
09 10, 2021 20:12:13 下午 com.hou.mytomcat.Bootstrap logJVM
INFO : Architecture:		amd64
09 10, 2021 20:12:13 下午 com.hou.mytomcat.Bootstrap logJVM
INFO : Java Home:		C:\Users\dell\.jdks\corretto-1.8.0_292\jre
09 10, 2021 20:12:13 下午 com.hou.mytomcat.Bootstrap logJVM
INFO : JVM Version:		1.8.0_292-b10
09 10, 2021 20:12:13 下午 com.hou.mytomcat.Bootstrap logJVM
INFO : JVM Vendor:		Oracle Corporation
09 10, 2021 20:12:14 下午 com.hou.mytomcat.catalina.Context <init>
INFO : Deploying web application directory D:\web\mytomcat\webapps\a
09 10, 2021 20:12:14 下午 com.hou.mytomcat.catalina.Context <init>
INFO : Deploying of web application directory D:\web\mytomcat\webapps\a has finished in 0 ms
09 10, 2021 20:12:14 下午 com.hou.mytomcat.catalina.Context <init>
INFO : Deploying web application directory D:\web\mytomcat\webapps\b
09 10, 2021 20:12:14 下午 com.hou.mytomcat.catalina.Context <init>
INFO : Deploying of web application directory D:\web\mytomcat\webapps\b has finished in 0 ms
09 10, 2021 20:12:14 下午 com.hou.mytomcat.catalina.Context <init>
INFO : Deploying web application directory D:\web\mytomcat\webapps\ROOT
09 10, 2021 20:12:14 下午 com.hou.mytomcat.catalina.Context <init>
INFO : Deploying of web application directory D:\web\mytomcat\webapps\ROOT has finished in 0 ms
09 10, 2021 20:12:14 下午 com.hou.mytomcat.catalina.Context <init>
INFO : Deploying web application directory D:/web/mytomcat/webapps/b
09 10, 2021 20:12:14 下午 com.hou.mytomcat.catalina.Context <init>
INFO : Deploying of web application directory D:/web/mytomcat/webapps/b has finished in 3 ms
