10 05, 2021 00:47:28 上午 com.hou.mytomcat.catalina.Connector start
INFO : Starting ProtocolHandler [http-aio-18082]
10 05, 2021 01:47:28 上午 com.hou.mytomcat.catalina.Server start
INFO : Server startup in 10800199 ms
10 05, 2021 12:53:08 下午 com.hou.mytomcat.catalina.Context deploy
INFO : Deploying web application directory D:\web\mytomcat\webapps\a
10 05, 2021 12:53:08 下午 com.hou.mytomcat.catalina.Context deploy
INFO : Deploying of web application directory D:\web\mytomcat\webapps\a has finished in 140 ms
10 05, 2021 12:53:08 下午 com.hou.mytomcat.catalina.Context deploy
INFO : Deploying web application directory D:\web\mytomcat\webapps\b
10 05, 2021 12:53:08 下午 com.hou.mytomcat.catalina.Context deploy
INFO : Deploying of web application directory D:\web\mytomcat\webapps\b has finished in 0 ms
10 05, 2021 12:53:08 下午 com.hou.mytomcat.catalina.Context deploy
INFO : Deploying web application directory D:\web\mytomcat\webapps\j2ee
10 05, 2021 12:53:08 下午 com.hou.mytomcat.catalina.Context deploy
INFO : Deploying of web application directory D:\web\mytomcat\webapps\j2ee has finished in 15 ms
10 05, 2021 12:53:08 下午 com.hou.mytomcat.catalina.Context deploy
INFO : Deploying web application directory D:\web\mytomcat\webapps\ROOT
10 05, 2021 12:53:08 下午 com.hou.mytomcat.catalina.Context deploy
INFO : Deploying of web application directory D:\web\mytomcat\webapps\ROOT has finished in 0 ms
10 05, 2021 12:53:08 下午 com.hou.mytomcat.catalina.Context deploy
INFO : Deploying web application directory D:/web/mytomcat/webapps/b
10 05, 2021 12:53:08 下午 com.hou.mytomcat.catalina.Context deploy
INFO : Deploying of web application directory D:/web/mytomcat/webapps/b has finished in 16 ms
10 05, 2021 12:53:08 下午 com.hou.mytomcat.catalina.Context deploy
INFO : Deploying web application directory D:/web/javaweb/web
10 05, 2021 12:53:08 下午 com.hou.mytomcat.catalina.Context deploy
INFO : Deploying of web application directory D:/web/javaweb/web has finished in 93 ms
10 05, 2021 12:53:08 下午 com.hou.mytomcat.catalina.Server logJVM
INFO : Server version:		How2J DiyTomcat/1.0.1
10 05, 2021 12:53:08 下午 com.hou.mytomcat.catalina.Server logJVM
INFO : Server built:		2021-09-10 09:00:00
10 05, 2021 12:53:08 下午 com.hou.mytomcat.catalina.Server logJVM
INFO : Server number:		1.0.1
10 05, 2021 12:53:08 下午 com.hou.mytomcat.catalina.Server logJVM
INFO : OS Name	:		Windows 10
10 05, 2021 12:53:08 下午 com.hou.mytomcat.catalina.Server logJVM
INFO : OS Version:		10.0
10 05, 2021 12:53:08 下午 com.hou.mytomcat.catalina.Server logJVM
INFO : Architecture:		amd64
10 05, 2021 12:53:08 下午 com.hou.mytomcat.catalina.Server logJVM
INFO : Java Home:		C:\Users\dell\.jdks\corretto-1.8.0_292\jre
10 05, 2021 12:53:08 下午 com.hou.mytomcat.catalina.Server logJVM
INFO : JVM Version:		1.8.0_292-b10
10 05, 2021 12:53:08 下午 com.hou.mytomcat.catalina.Server logJVM
INFO : JVM Vendor:		Oracle Corporation
10 05, 2021 12:53:08 下午 com.hou.mytomcat.catalina.Connector init
INFO : Initializing ProtocolHandler [http-aio-18080]
10 05, 2021 12:53:08 下午 com.hou.mytomcat.catalina.Connector init
INFO : Initializing ProtocolHandler [http-aio-18081]
10 05, 2021 12:53:08 下午 com.hou.mytomcat.catalina.Connector init
INFO : Initializing ProtocolHandler [http-aio-18082]
10 05, 2021 12:53:08 下午 com.hou.mytomcat.catalina.Service init
INFO : Initialization processed int 0 ms
10 05, 2021 12:53:08 下午 com.hou.mytomcat.catalina.Connector start
INFO : Starting ProtocolHandler [http-aio-18080]
10 05, 2021 12:58:58 下午 com.hou.mytomcat.catalina.Context deploy
INFO : Deploying web application directory D:\web\mytomcat\webapps\a
10 05, 2021 12:58:58 下午 com.hou.mytomcat.catalina.Context deploy
INFO : Deploying of web application directory D:\web\mytomcat\webapps\a has finished in 140 ms
10 05, 2021 12:58:58 下午 com.hou.mytomcat.catalina.Context deploy
INFO : Deploying web application directory D:\web\mytomcat\webapps\b
10 05, 2021 12:58:58 下午 com.hou.mytomcat.catalina.Context deploy
INFO : Deploying of web application directory D:\web\mytomcat\webapps\b has finished in 0 ms
10 05, 2021 12:58:58 下午 com.hou.mytomcat.catalina.Context deploy
INFO : Deploying web application directory D:\web\mytomcat\webapps\j2ee
10 05, 2021 12:58:58 下午 com.hou.mytomcat.catalina.Context deploy
INFO : Deploying of web application directory D:\web\mytomcat\webapps\j2ee has finished in 0 ms
10 05, 2021 12:58:58 下午 com.hou.mytomcat.catalina.Context deploy
INFO : Deploying web application directory D:\web\mytomcat\webapps\ROOT
10 05, 2021 12:58:58 下午 com.hou.mytomcat.catalina.Context deploy
INFO : Deploying of web application directory D:\web\mytomcat\webapps\ROOT has finished in 0 ms
10 05, 2021 12:58:58 下午 com.hou.mytomcat.catalina.Context deploy
INFO : Deploying web application directory D:/web/mytomcat/webapps/b
10 05, 2021 12:58:58 下午 com.hou.mytomcat.catalina.Context deploy
INFO : Deploying of web application directory D:/web/mytomcat/webapps/b has finished in 0 ms
10 05, 2021 12:58:58 下午 com.hou.mytomcat.catalina.Context deploy
INFO : Deploying web application directory D:/web/javaweb/web
10 05, 2021 12:58:58 下午 com.hou.mytomcat.catalina.Context deploy
INFO : Deploying of web application directory D:/web/javaweb/web has finished in 47 ms
10 05, 2021 12:58:58 下午 com.hou.mytomcat.catalina.Server logJVM
INFO : Server version:		How2J DiyTomcat/1.0.1
10 05, 2021 12:58:58 下午 com.hou.mytomcat.catalina.Server logJVM
INFO : Server built:		2021-09-10 09:00:00
10 05, 2021 12:58:58 下午 com.hou.mytomcat.catalina.Server logJVM
INFO : Server number:		1.0.1
10 05, 2021 12:58:58 下午 com.hou.mytomcat.catalina.Server logJVM
INFO : OS Name	:		Windows 10
10 05, 2021 12:58:58 下午 com.hou.mytomcat.catalina.Server logJVM
INFO : OS Version:		10.0
10 05, 2021 12:58:58 下午 com.hou.mytomcat.catalina.Server logJVM
INFO : Architecture:		amd64
10 05, 2021 12:58:58 下午 com.hou.mytomcat.catalina.Server logJVM
INFO : Java Home:		C:\Users\dell\.jdks\corretto-1.8.0_292\jre
10 05, 2021 12:58:58 下午 com.hou.mytomcat.catalina.Server logJVM
INFO : JVM Version:		1.8.0_292-b10
10 05, 2021 12:58:58 下午 com.hou.mytomcat.catalina.Server logJVM
INFO : JVM Vendor:		Oracle Corporation
10 05, 2021 12:58:58 下午 com.hou.mytomcat.catalina.Connector init
INFO : Initializing ProtocolHandler [http-aio-18080]
10 05, 2021 12:58:58 下午 com.hou.mytomcat.catalina.Connector init
INFO : Initializing ProtocolHandler [http-aio-18081]
10 05, 2021 12:58:58 下午 com.hou.mytomcat.catalina.Connector init
INFO : Initializing ProtocolHandler [http-aio-18082]
10 05, 2021 12:58:58 下午 com.hou.mytomcat.catalina.Service init
INFO : Initialization processed int 0 ms
10 05, 2021 12:58:58 下午 com.hou.mytomcat.catalina.Connector start
INFO : Starting ProtocolHandler [http-aio-18080]
10 05, 2021 13:58:11 下午 com.hou.mytomcat.catalina.Context deploy
INFO : Deploying web application directory D:\web\mytomcat\webapps\a
10 05, 2021 13:58:11 下午 com.hou.mytomcat.catalina.Context deploy
INFO : Deploying of web application directory D:\web\mytomcat\webapps\a has finished in 140 ms
10 05, 2021 13:58:11 下午 com.hou.mytomcat.catalina.Context deploy
INFO : Deploying web application directory D:\web\mytomcat\webapps\b
10 05, 2021 13:58:11 下午 com.hou.mytomcat.catalina.Context deploy
INFO : Deploying of web application directory D:\web\mytomcat\webapps\b has finished in 0 ms
10 05, 2021 13:58:11 下午 com.hou.mytomcat.catalina.Context deploy
INFO : Deploying web application directory D:\web\mytomcat\webapps\j2ee
10 05, 2021 13:58:11 下午 com.hou.mytomcat.catalina.Context deploy
INFO : Deploying of web application directory D:\web\mytomcat\webapps\j2ee has finished in 15 ms
10 05, 2021 13:58:11 下午 com.hou.mytomcat.catalina.Context deploy
INFO : Deploying web application directory D:\web\mytomcat\webapps\ROOT
10 05, 2021 13:58:11 下午 com.hou.mytomcat.catalina.Context deploy
INFO : Deploying of web application directory D:\web\mytomcat\webapps\ROOT has finished in 0 ms
10 05, 2021 13:58:11 下午 com.hou.mytomcat.catalina.Context deploy
INFO : Deploying web application directory D:/web/mytomcat/webapps/b
10 05, 2021 13:58:11 下午 com.hou.mytomcat.catalina.Context deploy
INFO : Deploying of web application directory D:/web/mytomcat/webapps/b has finished in 0 ms
10 05, 2021 13:58:11 下午 com.hou.mytomcat.catalina.Context deploy
INFO : Deploying web application directory D:/web/javaweb/web
10 05, 2021 13:58:11 下午 com.hou.mytomcat.catalina.Context deploy
INFO : Deploying of web application directory D:/web/javaweb/web has finished in 63 ms
10 05, 2021 13:58:11 下午 com.hou.mytomcat.catalina.Server logJVM
INFO : Server version:		How2J DiyTomcat/1.0.1
10 05, 2021 13:58:11 下午 com.hou.mytomcat.catalina.Server logJVM
INFO : Server built:		2021-09-10 09:00:00
10 05, 2021 13:58:11 下午 com.hou.mytomcat.catalina.Server logJVM
INFO : Server number:		1.0.1
10 05, 2021 13:58:11 下午 com.hou.mytomcat.catalina.Server logJVM
INFO : OS Name	:		Windows 10
10 05, 2021 13:58:11 下午 com.hou.mytomcat.catalina.Server logJVM
INFO : OS Version:		10.0
10 05, 2021 13:58:11 下午 com.hou.mytomcat.catalina.Server logJVM
INFO : Architecture:		amd64
10 05, 2021 13:58:11 下午 com.hou.mytomcat.catalina.Server logJVM
INFO : Java Home:		C:\Users\dell\.jdks\corretto-1.8.0_292\jre
10 05, 2021 13:58:11 下午 com.hou.mytomcat.catalina.Server logJVM
INFO : JVM Version:		1.8.0_292-b10
10 05, 2021 13:58:11 下午 com.hou.mytomcat.catalina.Server logJVM
INFO : JVM Vendor:		Oracle Corporation
10 05, 2021 13:58:11 下午 com.hou.mytomcat.catalina.Connector init
INFO : Initializing ProtocolHandler [http-aio-18080]
10 05, 2021 13:58:11 下午 com.hou.mytomcat.catalina.Connector init
INFO : Initializing ProtocolHandler [http-aio-18081]
10 05, 2021 13:58:11 下午 com.hou.mytomcat.catalina.Connector init
INFO : Initializing ProtocolHandler [http-aio-18082]
10 05, 2021 13:58:11 下午 com.hou.mytomcat.catalina.Service init
INFO : Initialization processed int 0 ms
10 05, 2021 13:58:11 下午 com.hou.mytomcat.catalina.Connector start
INFO : Starting ProtocolHandler [http-aio-18080]
10 05, 2021 14:49:02 下午 com.hou.mytomcat.catalina.Context deploy
INFO : Deploying web application directory D:\web\mytomcat\webapps\a
10 05, 2021 14:49:02 下午 com.hou.mytomcat.catalina.Context deploy
INFO : Deploying of web application directory D:\web\mytomcat\webapps\a has finished in 140 ms
10 05, 2021 14:49:02 下午 com.hou.mytomcat.catalina.Context deploy
INFO : Deploying web application directory D:\web\mytomcat\webapps\b
10 05, 2021 14:49:02 下午 com.hou.mytomcat.catalina.Context deploy
INFO : Deploying of web application directory D:\web\mytomcat\webapps\b has finished in 0 ms
10 05, 2021 14:49:02 下午 com.hou.mytomcat.catalina.Context deploy
INFO : Deploying web application directory D:\web\mytomcat\webapps\j2ee
10 05, 2021 14:49:02 下午 com.hou.mytomcat.catalina.Context deploy
INFO : Deploying of web application directory D:\web\mytomcat\webapps\j2ee has finished in 0 ms
10 05, 2021 14:49:02 下午 com.hou.mytomcat.catalina.Context deploy
INFO : Deploying web application directory D:\web\mytomcat\webapps\ROOT
10 05, 2021 14:49:02 下午 com.hou.mytomcat.catalina.Context deploy
INFO : Deploying of web application directory D:\web\mytomcat\webapps\ROOT has finished in 0 ms
10 05, 2021 14:49:02 下午 com.hou.mytomcat.catalina.Context deploy
INFO : Deploying web application directory D:/web/mytomcat/webapps/b
10 05, 2021 14:49:02 下午 com.hou.mytomcat.catalina.Context deploy
INFO : Deploying of web application directory D:/web/mytomcat/webapps/b has finished in 0 ms
10 05, 2021 14:49:02 下午 com.hou.mytomcat.catalina.Context deploy
INFO : Deploying web application directory D:/web/javaweb/web
10 05, 2021 14:49:02 下午 com.hou.mytomcat.catalina.Context deploy
INFO : Deploying of web application directory D:/web/javaweb/web has finished in 62 ms
10 05, 2021 14:49:02 下午 com.hou.mytomcat.catalina.Server logJVM
INFO : Server version:		How2J DiyTomcat/1.0.1
10 05, 2021 14:49:02 下午 com.hou.mytomcat.catalina.Server logJVM
INFO : Server built:		2021-09-10 09:00:00
10 05, 2021 14:49:02 下午 com.hou.mytomcat.catalina.Server logJVM
INFO : Server number:		1.0.1
10 05, 2021 14:49:02 下午 com.hou.mytomcat.catalina.Server logJVM
INFO : OS Name	:		Windows 10
10 05, 2021 14:49:02 下午 com.hou.mytomcat.catalina.Server logJVM
INFO : OS Version:		10.0
10 05, 2021 14:49:02 下午 com.hou.mytomcat.catalina.Server logJVM
INFO : Architecture:		amd64
10 05, 2021 14:49:02 下午 com.hou.mytomcat.catalina.Server logJVM
INFO : Java Home:		C:\Users\dell\.jdks\corretto-1.8.0_292\jre
10 05, 2021 14:49:02 下午 com.hou.mytomcat.catalina.Server logJVM
INFO : JVM Version:		1.8.0_292-b10
10 05, 2021 14:49:02 下午 com.hou.mytomcat.catalina.Server logJVM
INFO : JVM Vendor:		Oracle Corporation
10 05, 2021 14:49:02 下午 com.hou.mytomcat.catalina.Connector init
INFO : Initializing ProtocolHandler [http-aio-18080]
10 05, 2021 14:49:02 下午 com.hou.mytomcat.catalina.Connector init
INFO : Initializing ProtocolHandler [http-aio-18081]
10 05, 2021 14:49:02 下午 com.hou.mytomcat.catalina.Connector init
INFO : Initializing ProtocolHandler [http-aio-18082]
10 05, 2021 14:49:02 下午 com.hou.mytomcat.catalina.Service init
INFO : Initialization processed int 0 ms
10 05, 2021 14:49:02 下午 com.hou.mytomcat.catalina.Connector start
INFO : Starting ProtocolHandler [http-aio-18080]
10 05, 2021 14:50:23 下午 com.hou.mytomcat.catalina.Context deploy
INFO : Deploying web application directory D:\web\mytomcat\webapps\a
10 05, 2021 14:50:23 下午 com.hou.mytomcat.catalina.Context deploy
INFO : Deploying of web application directory D:\web\mytomcat\webapps\a has finished in 219 ms
10 05, 2021 14:50:23 下午 com.hou.mytomcat.catalina.Context deploy
INFO : Deploying web application directory D:\web\mytomcat\webapps\b
10 05, 2021 14:50:23 下午 com.hou.mytomcat.catalina.Context deploy
INFO : Deploying of web application directory D:\web\mytomcat\webapps\b has finished in 0 ms
10 05, 2021 14:50:23 下午 com.hou.mytomcat.catalina.Context deploy
INFO : Deploying web application directory D:\web\mytomcat\webapps\j2ee
10 05, 2021 14:50:23 下午 com.hou.mytomcat.catalina.Context deploy
INFO : Deploying of web application directory D:\web\mytomcat\webapps\j2ee has finished in 16 ms
10 05, 2021 14:50:23 下午 com.hou.mytomcat.catalina.Context deploy
INFO : Deploying web application directory D:\web\mytomcat\webapps\ROOT
10 05, 2021 14:50:23 下午 com.hou.mytomcat.catalina.Context deploy
INFO : Deploying of web application directory D:\web\mytomcat\webapps\ROOT has finished in 0 ms
10 05, 2021 14:50:23 下午 com.hou.mytomcat.catalina.Context deploy
INFO : Deploying web application directory D:/web/mytomcat/webapps/b
10 05, 2021 14:50:23 下午 com.hou.mytomcat.catalina.Context deploy
INFO : Deploying of web application directory D:/web/mytomcat/webapps/b has finished in 0 ms
10 05, 2021 14:50:23 下午 com.hou.mytomcat.catalina.Context deploy
INFO : Deploying web application directory D:/web/javaweb/web
10 05, 2021 14:50:23 下午 com.hou.mytomcat.catalina.Context deploy
INFO : Deploying of web application directory D:/web/javaweb/web has finished in 16 ms
10 05, 2021 14:50:23 下午 com.hou.mytomcat.catalina.Server logJVM
INFO : Server version:		How2J DiyTomcat/1.0.1
10 05, 2021 14:50:23 下午 com.hou.mytomcat.catalina.Server logJVM
INFO : Server built:		2021-09-10 09:00:00
10 05, 2021 14:50:23 下午 com.hou.mytomcat.catalina.Server logJVM
INFO : Server number:		1.0.1
10 05, 2021 14:50:23 下午 com.hou.mytomcat.catalina.Server logJVM
INFO : OS Name	:		Windows 10
10 05, 2021 14:50:23 下午 com.hou.mytomcat.catalina.Server logJVM
INFO : OS Version:		10.0
10 05, 2021 14:50:23 下午 com.hou.mytomcat.catalina.Server logJVM
INFO : Architecture:		amd64
10 05, 2021 14:50:23 下午 com.hou.mytomcat.catalina.Server logJVM
INFO : Java Home:		C:\Users\dell\.jdks\corretto-1.8.0_292\jre
10 05, 2021 14:50:23 下午 com.hou.mytomcat.catalina.Server logJVM
INFO : JVM Version:		1.8.0_292-b10
10 05, 2021 14:50:23 下午 com.hou.mytomcat.catalina.Server logJVM
INFO : JVM Vendor:		Oracle Corporation
10 05, 2021 14:50:23 下午 com.hou.mytomcat.catalina.Connector init
INFO : Initializing ProtocolHandler [http-aio-18080]
10 05, 2021 14:50:23 下午 com.hou.mytomcat.catalina.Connector init
INFO : Initializing ProtocolHandler [http-aio-18081]
10 05, 2021 14:50:23 下午 com.hou.mytomcat.catalina.Connector init
INFO : Initializing ProtocolHandler [http-aio-18082]
10 05, 2021 14:50:23 下午 com.hou.mytomcat.catalina.Service init
INFO : Initialization processed int 0 ms
10 05, 2021 14:50:23 下午 com.hou.mytomcat.catalina.Connector start
INFO : Starting ProtocolHandler [http-aio-18080]
10 05, 2021 15:00:05 下午 com.hou.mytomcat.catalina.Context deploy
INFO : Deploying web application directory D:\web\mytomcat\webapps\a
10 05, 2021 15:00:05 下午 com.hou.mytomcat.catalina.Context deploy
INFO : Deploying of web application directory D:\web\mytomcat\webapps\a has finished in 155 ms
10 05, 2021 15:00:05 下午 com.hou.mytomcat.catalina.Context deploy
INFO : Deploying web application directory D:\web\mytomcat\webapps\b
10 05, 2021 15:00:05 下午 com.hou.mytomcat.catalina.Context deploy
INFO : Deploying of web application directory D:\web\mytomcat\webapps\b has finished in 0 ms
10 05, 2021 15:00:05 下午 com.hou.mytomcat.catalina.Context deploy
INFO : Deploying web application directory D:\web\mytomcat\webapps\j2ee
10 05, 2021 15:00:05 下午 com.hou.mytomcat.catalina.Context deploy
INFO : Deploying of web application directory D:\web\mytomcat\webapps\j2ee has finished in 16 ms
10 05, 2021 15:00:05 下午 com.hou.mytomcat.catalina.Context deploy
INFO : Deploying web application directory D:\web\mytomcat\webapps\ROOT
10 05, 2021 15:00:05 下午 com.hou.mytomcat.catalina.Context deploy
INFO : Deploying of web application directory D:\web\mytomcat\webapps\ROOT has finished in 0 ms
10 05, 2021 15:00:05 下午 com.hou.mytomcat.catalina.Context deploy
INFO : Deploying web application directory D:/web/mytomcat/webapps/b
10 05, 2021 15:00:05 下午 com.hou.mytomcat.catalina.Context deploy
INFO : Deploying of web application directory D:/web/mytomcat/webapps/b has finished in 0 ms
10 05, 2021 15:00:05 下午 com.hou.mytomcat.catalina.Context deploy
INFO : Deploying web application directory D:/web/javaweb/web
10 05, 2021 15:00:06 下午 com.hou.mytomcat.catalina.Context deploy
INFO : Deploying of web application directory D:/web/javaweb/web has finished in 47 ms
10 05, 2021 15:00:06 下午 com.hou.mytomcat.catalina.Server logJVM
INFO : Server version:		How2J DiyTomcat/1.0.1
10 05, 2021 15:00:06 下午 com.hou.mytomcat.catalina.Server logJVM
INFO : Server built:		2021-09-10 09:00:00
10 05, 2021 15:00:06 下午 com.hou.mytomcat.catalina.Server logJVM
INFO : Server number:		1.0.1
10 05, 2021 15:00:06 下午 com.hou.mytomcat.catalina.Server logJVM
INFO : OS Name	:		Windows 10
10 05, 2021 15:00:06 下午 com.hou.mytomcat.catalina.Server logJVM
INFO : OS Version:		10.0
10 05, 2021 15:00:06 下午 com.hou.mytomcat.catalina.Server logJVM
INFO : Architecture:		amd64
10 05, 2021 15:00:06 下午 com.hou.mytomcat.catalina.Server logJVM
INFO : Java Home:		C:\Users\dell\.jdks\corretto-1.8.0_292\jre
10 05, 2021 15:00:06 下午 com.hou.mytomcat.catalina.Server logJVM
INFO : JVM Version:		1.8.0_292-b10
10 05, 2021 15:00:06 下午 com.hou.mytomcat.catalina.Server logJVM
INFO : JVM Vendor:		Oracle Corporation
10 05, 2021 15:00:06 下午 com.hou.mytomcat.catalina.Connector init
INFO : Initializing ProtocolHandler [http-aio-18080]
10 05, 2021 15:00:06 下午 com.hou.mytomcat.catalina.Connector init
INFO : Initializing ProtocolHandler [http-aio-18081]
10 05, 2021 15:00:06 下午 com.hou.mytomcat.catalina.Connector init
INFO : Initializing ProtocolHandler [http-aio-18082]
10 05, 2021 15:00:06 下午 com.hou.mytomcat.catalina.Service init
INFO : Initialization processed int 0 ms
10 05, 2021 15:00:06 下午 com.hou.mytomcat.catalina.Connector start
INFO : Starting ProtocolHandler [http-aio-18080]
10 05, 2021 18:54:07 下午 com.hou.mytomcat.catalina.Context deploy
INFO : Deploying web application directory D:\web\mytomcat\webapps\a
10 05, 2021 18:54:07 下午 com.hou.mytomcat.catalina.Context deploy
INFO : Deploying of web application directory D:\web\mytomcat\webapps\a has finished in 218 ms
10 05, 2021 18:54:07 下午 com.hou.mytomcat.catalina.Context deploy
INFO : Deploying web application directory D:\web\mytomcat\webapps\b
10 05, 2021 18:54:07 下午 com.hou.mytomcat.catalina.Context deploy
INFO : Deploying of web application directory D:\web\mytomcat\webapps\b has finished in 0 ms
10 05, 2021 18:54:07 下午 com.hou.mytomcat.catalina.Context deploy
INFO : Deploying web application directory D:\web\mytomcat\webapps\j2ee
10 05, 2021 18:54:07 下午 com.hou.mytomcat.catalina.Context deploy
INFO : Deploying of web application directory D:\web\mytomcat\webapps\j2ee has finished in 15 ms
10 05, 2021 18:54:07 下午 com.hou.mytomcat.catalina.Context deploy
INFO : Deploying web application directory D:\web\mytomcat\webapps\ROOT
10 05, 2021 18:54:07 下午 com.hou.mytomcat.catalina.Context deploy
INFO : Deploying of web application directory D:\web\mytomcat\webapps\ROOT has finished in 0 ms
10 05, 2021 18:54:07 下午 com.hou.mytomcat.catalina.Context deploy
INFO : Deploying web application directory D:/web/mytomcat/webapps/b
10 05, 2021 18:54:07 下午 com.hou.mytomcat.catalina.Context deploy
INFO : Deploying of web application directory D:/web/mytomcat/webapps/b has finished in 0 ms
10 05, 2021 18:54:07 下午 com.hou.mytomcat.catalina.Context deploy
INFO : Deploying web application directory D:/web/javaweb/web
10 05, 2021 18:54:07 下午 com.hou.mytomcat.catalina.Context deploy
INFO : Deploying of web application directory D:/web/javaweb/web has finished in 140 ms
10 05, 2021 18:54:07 下午 com.hou.mytomcat.catalina.Server logJVM
INFO : Server version:		How2J DiyTomcat/1.0.1
10 05, 2021 18:54:07 下午 com.hou.mytomcat.catalina.Server logJVM
INFO : Server built:		2021-09-10 09:00:00
10 05, 2021 18:54:07 下午 com.hou.mytomcat.catalina.Server logJVM
INFO : Server number:		1.0.1
10 05, 2021 18:54:07 下午 com.hou.mytomcat.catalina.Server logJVM
INFO : OS Name	:		Windows 10
10 05, 2021 18:54:07 下午 com.hou.mytomcat.catalina.Server logJVM
INFO : OS Version:		10.0
10 05, 2021 18:54:07 下午 com.hou.mytomcat.catalina.Server logJVM
INFO : Architecture:		amd64
10 05, 2021 18:54:07 下午 com.hou.mytomcat.catalina.Server logJVM
INFO : Java Home:		C:\Users\dell\.jdks\corretto-1.8.0_292\jre
10 05, 2021 18:54:07 下午 com.hou.mytomcat.catalina.Server logJVM
INFO : JVM Version:		1.8.0_292-b10
10 05, 2021 18:54:07 下午 com.hou.mytomcat.catalina.Server logJVM
INFO : JVM Vendor:		Oracle Corporation
10 05, 2021 18:54:07 下午 com.hou.mytomcat.catalina.Connector init
INFO : Initializing ProtocolHandler [http-aio-18080]
10 05, 2021 18:54:07 下午 com.hou.mytomcat.catalina.Connector init
INFO : Initializing ProtocolHandler [http-aio-18081]
10 05, 2021 18:54:07 下午 com.hou.mytomcat.catalina.Connector init
INFO : Initializing ProtocolHandler [http-aio-18082]
10 05, 2021 18:54:07 下午 com.hou.mytomcat.catalina.Service init
INFO : Initialization processed int 0 ms
10 05, 2021 18:54:07 下午 com.hou.mytomcat.catalina.Connector start
INFO : Starting ProtocolHandler [http-aio-18080]
10 05, 2021 20:05:17 下午 com.hou.mytomcat.catalina.Context deploy
INFO : Deploying web application directory D:\web\mytomcat\webapps\a
10 05, 2021 20:05:17 下午 com.hou.mytomcat.catalina.Context deploy
INFO : Deploying of web application directory D:\web\mytomcat\webapps\a has finished in 234 ms
10 05, 2021 20:05:17 下午 com.hou.mytomcat.catalina.Context deploy
INFO : Deploying web application directory D:\web\mytomcat\webapps\b
10 05, 2021 20:05:17 下午 com.hou.mytomcat.catalina.Context deploy
INFO : Deploying of web application directory D:\web\mytomcat\webapps\b has finished in 0 ms
10 05, 2021 20:05:17 下午 com.hou.mytomcat.catalina.Context deploy
INFO : Deploying web application directory D:\web\mytomcat\webapps\j2ee
10 05, 2021 20:05:17 下午 com.hou.mytomcat.catalina.Context deploy
INFO : Deploying of web application directory D:\web\mytomcat\webapps\j2ee has finished in 0 ms
10 05, 2021 20:05:17 下午 com.hou.mytomcat.catalina.Context deploy
INFO : Deploying web application directory D:\web\mytomcat\webapps\ROOT
10 05, 2021 20:05:17 下午 com.hou.mytomcat.catalina.Context deploy
INFO : Deploying of web application directory D:\web\mytomcat\webapps\ROOT has finished in 0 ms
10 05, 2021 20:05:17 下午 com.hou.mytomcat.catalina.Context deploy
INFO : Deploying web application directory D:/web/mytomcat/webapps/b
10 05, 2021 20:05:17 下午 com.hou.mytomcat.catalina.Context deploy
INFO : Deploying of web application directory D:/web/mytomcat/webapps/b has finished in 0 ms
10 05, 2021 20:05:17 下午 com.hou.mytomcat.catalina.Context deploy
INFO : Deploying web application directory D:/web/javaweb/web
10 05, 2021 20:05:17 下午 com.hou.mytomcat.catalina.Context deploy
INFO : Deploying of web application directory D:/web/javaweb/web has finished in 46 ms
10 05, 2021 20:05:17 下午 com.hou.mytomcat.catalina.Server logJVM
INFO : Server version:		How2J DiyTomcat/1.0.1
10 05, 2021 20:05:17 下午 com.hou.mytomcat.catalina.Server logJVM
INFO : Server built:		2021-09-10 09:00:00
10 05, 2021 20:05:17 下午 com.hou.mytomcat.catalina.Server logJVM
INFO : Server number:		1.0.1
10 05, 2021 20:05:17 下午 com.hou.mytomcat.catalina.Server logJVM
INFO : OS Name	:		Windows 10
10 05, 2021 20:05:17 下午 com.hou.mytomcat.catalina.Server logJVM
INFO : OS Version:		10.0
10 05, 2021 20:05:17 下午 com.hou.mytomcat.catalina.Server logJVM
INFO : Architecture:		amd64
10 05, 2021 20:05:17 下午 com.hou.mytomcat.catalina.Server logJVM
INFO : Java Home:		C:\Users\dell\.jdks\corretto-1.8.0_292\jre
10 05, 2021 20:05:17 下午 com.hou.mytomcat.catalina.Server logJVM
INFO : JVM Version:		1.8.0_292-b10
10 05, 2021 20:05:17 下午 com.hou.mytomcat.catalina.Server logJVM
INFO : JVM Vendor:		Oracle Corporation
10 05, 2021 20:05:17 下午 com.hou.mytomcat.catalina.Connector init
INFO : Initializing ProtocolHandler [http-aio-18080]
10 05, 2021 20:05:17 下午 com.hou.mytomcat.catalina.Connector init
INFO : Initializing ProtocolHandler [http-aio-18081]
10 05, 2021 20:05:17 下午 com.hou.mytomcat.catalina.Connector init
INFO : Initializing ProtocolHandler [http-aio-18082]
10 05, 2021 20:05:17 下午 com.hou.mytomcat.catalina.Service init
INFO : Initialization processed int 0 ms
10 05, 2021 20:05:17 下午 com.hou.mytomcat.catalina.Connector start
INFO : Starting ProtocolHandler [http-aio-18080]
10 05, 2021 20:06:48 下午 com.hou.mytomcat.catalina.Context deploy
INFO : Deploying web application directory D:\web\mytomcat\webapps\a
10 05, 2021 20:06:48 下午 com.hou.mytomcat.catalina.Context deploy
INFO : Deploying of web application directory D:\web\mytomcat\webapps\a has finished in 172 ms
10 05, 2021 20:06:48 下午 com.hou.mytomcat.catalina.Context deploy
INFO : Deploying web application directory D:\web\mytomcat\webapps\b
10 05, 2021 20:06:48 下午 com.hou.mytomcat.catalina.Context deploy
INFO : Deploying of web application directory D:\web\mytomcat\webapps\b has finished in 0 ms
10 05, 2021 20:06:48 下午 com.hou.mytomcat.catalina.Context deploy
INFO : Deploying web application directory D:\web\mytomcat\webapps\j2ee
10 05, 2021 20:06:48 下午 com.hou.mytomcat.catalina.Context deploy
INFO : Deploying of web application directory D:\web\mytomcat\webapps\j2ee has finished in 0 ms
10 05, 2021 20:06:48 下午 com.hou.mytomcat.catalina.Context deploy
INFO : Deploying web application directory D:\web\mytomcat\webapps\ROOT
10 05, 2021 20:06:48 下午 com.hou.mytomcat.catalina.Context deploy
INFO : Deploying of web application directory D:\web\mytomcat\webapps\ROOT has finished in 0 ms
10 05, 2021 20:06:48 下午 com.hou.mytomcat.catalina.Context deploy
INFO : Deploying web application directory D:/web/mytomcat/webapps/b
10 05, 2021 20:06:48 下午 com.hou.mytomcat.catalina.Context deploy
INFO : Deploying of web application directory D:/web/mytomcat/webapps/b has finished in 0 ms
10 05, 2021 20:06:48 下午 com.hou.mytomcat.catalina.Context deploy
INFO : Deploying web application directory D:/web/javaweb/web
10 05, 2021 20:06:48 下午 com.hou.mytomcat.catalina.Context deploy
INFO : Deploying of web application directory D:/web/javaweb/web has finished in 63 ms
10 05, 2021 20:06:48 下午 com.hou.mytomcat.catalina.Server logJVM
INFO : Server version:		How2J DiyTomcat/1.0.1
10 05, 2021 20:06:48 下午 com.hou.mytomcat.catalina.Server logJVM
INFO : Server built:		2021-09-10 09:00:00
10 05, 2021 20:06:48 下午 com.hou.mytomcat.catalina.Server logJVM
INFO : Server number:		1.0.1
10 05, 2021 20:06:48 下午 com.hou.mytomcat.catalina.Server logJVM
INFO : OS Name	:		Windows 10
10 05, 2021 20:06:48 下午 com.hou.mytomcat.catalina.Server logJVM
INFO : OS Version:		10.0
10 05, 2021 20:06:48 下午 com.hou.mytomcat.catalina.Server logJVM
INFO : Architecture:		amd64
10 05, 2021 20:06:48 下午 com.hou.mytomcat.catalina.Server logJVM
INFO : Java Home:		C:\Users\dell\.jdks\corretto-1.8.0_292\jre
10 05, 2021 20:06:48 下午 com.hou.mytomcat.catalina.Server logJVM
INFO : JVM Version:		1.8.0_292-b10
10 05, 2021 20:06:48 下午 com.hou.mytomcat.catalina.Server logJVM
INFO : JVM Vendor:		Oracle Corporation
10 05, 2021 20:06:48 下午 com.hou.mytomcat.catalina.Connector init
INFO : Initializing ProtocolHandler [http-aio-18080]
10 05, 2021 20:06:48 下午 com.hou.mytomcat.catalina.Connector init
INFO : Initializing ProtocolHandler [http-aio-18081]
10 05, 2021 20:06:48 下午 com.hou.mytomcat.catalina.Connector init
INFO : Initializing ProtocolHandler [http-aio-18082]
10 05, 2021 20:06:48 下午 com.hou.mytomcat.catalina.Service init
INFO : Initialization processed int 0 ms
10 05, 2021 20:06:48 下午 com.hou.mytomcat.catalina.Connector start
INFO : Starting ProtocolHandler [http-aio-18080]
10 05, 2021 20:07:14 下午 com.hou.mytomcat.catalina.Context deploy
INFO : Deploying web application directory D:\web\mytomcat\webapps\a
10 05, 2021 20:07:14 下午 com.hou.mytomcat.catalina.Context deploy
INFO : Deploying of web application directory D:\web\mytomcat\webapps\a has finished in 156 ms
10 05, 2021 20:07:14 下午 com.hou.mytomcat.catalina.Context deploy
INFO : Deploying web application directory D:\web\mytomcat\webapps\b
10 05, 2021 20:07:14 下午 com.hou.mytomcat.catalina.Context deploy
INFO : Deploying of web application directory D:\web\mytomcat\webapps\b has finished in 0 ms
10 05, 2021 20:07:14 下午 com.hou.mytomcat.catalina.Context deploy
INFO : Deploying web application directory D:\web\mytomcat\webapps\j2ee
10 05, 2021 20:07:14 下午 com.hou.mytomcat.catalina.Context deploy
INFO : Deploying of web application directory D:\web\mytomcat\webapps\j2ee has finished in 15 ms
10 05, 2021 20:07:14 下午 com.hou.mytomcat.catalina.Context deploy
INFO : Deploying web application directory D:\web\mytomcat\webapps\ROOT
10 05, 2021 20:07:14 下午 com.hou.mytomcat.catalina.Context deploy
INFO : Deploying of web application directory D:\web\mytomcat\webapps\ROOT has finished in 0 ms
10 05, 2021 20:07:14 下午 com.hou.mytomcat.catalina.Context deploy
INFO : Deploying web application directory D:/web/mytomcat/webapps/b
10 05, 2021 20:07:14 下午 com.hou.mytomcat.catalina.Context deploy
INFO : Deploying of web application directory D:/web/mytomcat/webapps/b has finished in 0 ms
10 05, 2021 20:07:14 下午 com.hou.mytomcat.catalina.Context deploy
INFO : Deploying web application directory D:/web/javaweb/web
10 05, 2021 20:07:14 下午 com.hou.mytomcat.catalina.Context deploy
INFO : Deploying of web application directory D:/web/javaweb/web has finished in 78 ms
10 05, 2021 20:07:14 下午 com.hou.mytomcat.catalina.Server logJVM
INFO : Server version:		How2J DiyTomcat/1.0.1
10 05, 2021 20:07:14 下午 com.hou.mytomcat.catalina.Server logJVM
INFO : Server built:		2021-09-10 09:00:00
10 05, 2021 20:07:14 下午 com.hou.mytomcat.catalina.Server logJVM
INFO : Server number:		1.0.1
10 05, 2021 20:07:14 下午 com.hou.mytomcat.catalina.Server logJVM
INFO : OS Name	:		Windows 10
10 05, 2021 20:07:14 下午 com.hou.mytomcat.catalina.Server logJVM
INFO : OS Version:		10.0
10 05, 2021 20:07:14 下午 com.hou.mytomcat.catalina.Server logJVM
INFO : Architecture:		amd64
10 05, 2021 20:07:14 下午 com.hou.mytomcat.catalina.Server logJVM
INFO : Java Home:		C:\Users\dell\.jdks\corretto-1.8.0_292\jre
10 05, 2021 20:07:14 下午 com.hou.mytomcat.catalina.Server logJVM
INFO : JVM Version:		1.8.0_292-b10
10 05, 2021 20:07:14 下午 com.hou.mytomcat.catalina.Server logJVM
INFO : JVM Vendor:		Oracle Corporation
10 05, 2021 20:07:14 下午 com.hou.mytomcat.catalina.Connector init
INFO : Initializing ProtocolHandler [http-aio-18080]
10 05, 2021 20:07:14 下午 com.hou.mytomcat.catalina.Connector init
INFO : Initializing ProtocolHandler [http-aio-18081]
10 05, 2021 20:07:14 下午 com.hou.mytomcat.catalina.Connector init
INFO : Initializing ProtocolHandler [http-aio-18082]
10 05, 2021 20:07:14 下午 com.hou.mytomcat.catalina.Service init
INFO : Initialization processed int 0 ms
10 05, 2021 20:07:14 下午 com.hou.mytomcat.catalina.Connector start
INFO : Starting ProtocolHandler [http-aio-18080]
10 05, 2021 20:10:55 下午 com.hou.mytomcat.catalina.Context deploy
INFO : Deploying web application directory D:\web\mytomcat\webapps\a
10 05, 2021 20:10:55 下午 com.hou.mytomcat.catalina.Context deploy
INFO : Deploying of web application directory D:\web\mytomcat\webapps\a has finished in 188 ms
10 05, 2021 20:10:55 下午 com.hou.mytomcat.catalina.Context deploy
INFO : Deploying web application directory D:\web\mytomcat\webapps\b
10 05, 2021 20:10:55 下午 com.hou.mytomcat.catalina.Context deploy
INFO : Deploying of web application directory D:\web\mytomcat\webapps\b has finished in 0 ms
10 05, 2021 20:10:55 下午 com.hou.mytomcat.catalina.Context deploy
INFO : Deploying web application directory D:\web\mytomcat\webapps\j2ee
10 05, 2021 20:10:55 下午 com.hou.mytomcat.catalina.Context deploy
INFO : Deploying of web application directory D:\web\mytomcat\webapps\j2ee has finished in 0 ms
10 05, 2021 20:10:55 下午 com.hou.mytomcat.catalina.Context deploy
INFO : Deploying web application directory D:\web\mytomcat\webapps\ROOT
10 05, 2021 20:10:55 下午 com.hou.mytomcat.catalina.Context deploy
INFO : Deploying of web application directory D:\web\mytomcat\webapps\ROOT has finished in 0 ms
10 05, 2021 20:10:55 下午 com.hou.mytomcat.catalina.Context deploy
INFO : Deploying web application directory D:/web/mytomcat/webapps/b
10 05, 2021 20:10:55 下午 com.hou.mytomcat.catalina.Context deploy
INFO : Deploying of web application directory D:/web/mytomcat/webapps/b has finished in 0 ms
10 05, 2021 20:10:55 下午 com.hou.mytomcat.catalina.Context deploy
INFO : Deploying web application directory D:/web/javaweb/web
10 05, 2021 20:10:55 下午 com.hou.mytomcat.catalina.Context deploy
INFO : Deploying of web application directory D:/web/javaweb/web has finished in 63 ms
10 05, 2021 20:10:55 下午 com.hou.mytomcat.catalina.Server logJVM
INFO : Server version:		How2J DiyTomcat/1.0.1
10 05, 2021 20:10:55 下午 com.hou.mytomcat.catalina.Server logJVM
INFO : Server built:		2021-09-10 09:00:00
10 05, 2021 20:10:55 下午 com.hou.mytomcat.catalina.Server logJVM
INFO : Server number:		1.0.1
10 05, 2021 20:10:55 下午 com.hou.mytomcat.catalina.Server logJVM
INFO : OS Name	:		Windows 10
10 05, 2021 20:10:55 下午 com.hou.mytomcat.catalina.Server logJVM
INFO : OS Version:		10.0
10 05, 2021 20:10:55 下午 com.hou.mytomcat.catalina.Server logJVM
INFO : Architecture:		amd64
10 05, 2021 20:10:55 下午 com.hou.mytomcat.catalina.Server logJVM
INFO : Java Home:		C:\Users\dell\.jdks\corretto-1.8.0_292\jre
10 05, 2021 20:10:55 下午 com.hou.mytomcat.catalina.Server logJVM
INFO : JVM Version:		1.8.0_292-b10
10 05, 2021 20:10:55 下午 com.hou.mytomcat.catalina.Server logJVM
INFO : JVM Vendor:		Oracle Corporation
10 05, 2021 20:10:55 下午 com.hou.mytomcat.catalina.Connector init
INFO : Initializing ProtocolHandler [http-aio-18080]
10 05, 2021 20:10:55 下午 com.hou.mytomcat.catalina.Connector init
INFO : Initializing ProtocolHandler [http-aio-18081]
10 05, 2021 20:10:55 下午 com.hou.mytomcat.catalina.Connector init
INFO : Initializing ProtocolHandler [http-aio-18082]
10 05, 2021 20:10:55 下午 com.hou.mytomcat.catalina.Service init
INFO : Initialization processed int 0 ms
10 05, 2021 20:10:55 下午 com.hou.mytomcat.catalina.Server start
INFO : Server startup in 15 ms
10 05, 2021 20:10:55 下午 com.hou.mytomcat.catalina.Connector start
INFO : Starting ProtocolHandler [http-aio-18080]
10 05, 2021 20:10:55 下午 com.hou.mytomcat.catalina.Connector start
INFO : Starting ProtocolHandler [http-aio-18082]
10 05, 2021 20:10:55 下午 com.hou.mytomcat.catalina.Connector start
INFO : Starting ProtocolHandler [http-aio-18081]
